                                 Started job on |	Jun 08 16:36:08
                             Started mapping on |	Jun 08 16:36:30
                                    Finished on |	Jun 09 06:16:34
       Mapping speed, Million of reads per hour |	2.62

                          Number of input reads |	35774916
                      Average input read length |	202
                                    UNIQUE READS:
                   Uniquely mapped reads number |	26128784
                        Uniquely mapped reads % |	73.04%
                          Average mapped length |	99.15
                       Number of splices: Total |	4458568
            Number of splices: Annotated (sjdb) |	0
                       Number of splices: GT/AG |	4279369
                       Number of splices: GC/AG |	29978
                       Number of splices: AT/AC |	1476
               Number of splices: Non-canonical |	147745
                      Mismatch rate per base, % |	1.94%
                         Deletion rate per base |	0.05%
                        Deletion average length |	2.71
                        Insertion rate per base |	0.05%
                       Insertion average length |	2.67
                             MULTI-MAPPING READS:
        Number of reads mapped to multiple loci |	9483057
             % of reads mapped to multiple loci |	26.51%
        Number of reads mapped to too many loci |	156341
             % of reads mapped to too many loci |	0.44%
                                  UNMAPPED READS:
  Number of reads unmapped: too many mismatches |	0
       % of reads unmapped: too many mismatches |	0.00%
            Number of reads unmapped: too short |	0
                 % of reads unmapped: too short |	0.00%
                Number of reads unmapped: other |	6734
                     % of reads unmapped: other |	0.02%
                                  CHIMERIC READS:
                       Number of chimeric reads |	0
                            % of chimeric reads |	0.00%
