                                 Started job on |	Jun 08 16:36:08
                             Started mapping on |	Jun 08 16:36:30
                                    Finished on |	Jun 09 04:15:56
       Mapping speed, Million of reads per hour |	2.54

                          Number of input reads |	29613922
                      Average input read length |	202
                                    UNIQUE READS:
                   Uniquely mapped reads number |	21676972
                        Uniquely mapped reads % |	73.20%
                          Average mapped length |	97.75
                       Number of splices: Total |	3388186
            Number of splices: Annotated (sjdb) |	0
                       Number of splices: GT/AG |	3237278
                       Number of splices: GC/AG |	24995
                       Number of splices: AT/AC |	1504
               Number of splices: Non-canonical |	124409
                      Mismatch rate per base, % |	1.97%
                         Deletion rate per base |	0.05%
                        Deletion average length |	2.55
                        Insertion rate per base |	0.04%
                       Insertion average length |	2.61
                             MULTI-MAPPING READS:
        Number of reads mapped to multiple loci |	7822155
             % of reads mapped to multiple loci |	26.41%
        Number of reads mapped to too many loci |	109047
             % of reads mapped to too many loci |	0.37%
                                  UNMAPPED READS:
  Number of reads unmapped: too many mismatches |	0
       % of reads unmapped: too many mismatches |	0.00%
            Number of reads unmapped: too short |	0
                 % of reads unmapped: too short |	0.00%
                Number of reads unmapped: other |	5748
                     % of reads unmapped: other |	0.02%
                                  CHIMERIC READS:
                       Number of chimeric reads |	0
                            % of chimeric reads |	0.00%
