                                 Started job on |	Jun 08 16:36:08
                             Started mapping on |	Jun 08 16:36:30
                                    Finished on |	Jun 09 05:36:51
       Mapping speed, Million of reads per hour |	2.40

                          Number of input reads |	31208809
                      Average input read length |	202
                                    UNIQUE READS:
                   Uniquely mapped reads number |	22205536
                        Uniquely mapped reads % |	71.15%
                          Average mapped length |	98.65
                       Number of splices: Total |	3719767
            Number of splices: Annotated (sjdb) |	0
                       Number of splices: GT/AG |	3584567
                       Number of splices: GC/AG |	26867
                       Number of splices: AT/AC |	1293
               Number of splices: Non-canonical |	107040
                      Mismatch rate per base, % |	1.92%
                         Deletion rate per base |	0.04%
                        Deletion average length |	2.57
                        Insertion rate per base |	0.04%
                       Insertion average length |	2.60
                             MULTI-MAPPING READS:
        Number of reads mapped to multiple loci |	8822849
             % of reads mapped to multiple loci |	28.27%
        Number of reads mapped to too many loci |	177660
             % of reads mapped to too many loci |	0.57%
                                  UNMAPPED READS:
  Number of reads unmapped: too many mismatches |	0
       % of reads unmapped: too many mismatches |	0.00%
            Number of reads unmapped: too short |	0
                 % of reads unmapped: too short |	0.00%
                Number of reads unmapped: other |	2764
                     % of reads unmapped: other |	0.01%
                                  CHIMERIC READS:
                       Number of chimeric reads |	0
                            % of chimeric reads |	0.00%
