                                 Started job on |	Jun 08 16:36:08
                             Started mapping on |	Jun 08 16:36:30
                                    Finished on |	Jun 09 07:28:01
       Mapping speed, Million of reads per hour |	2.21

                          Number of input reads |	32802143
                      Average input read length |	202
                                    UNIQUE READS:
                   Uniquely mapped reads number |	23232997
                        Uniquely mapped reads % |	70.83%
                          Average mapped length |	94.64
                       Number of splices: Total |	3323855
            Number of splices: Annotated (sjdb) |	0
                       Number of splices: GT/AG |	3162219
                       Number of splices: GC/AG |	25530
                       Number of splices: AT/AC |	1845
               Number of splices: Non-canonical |	134261
                      Mismatch rate per base, % |	2.01%
                         Deletion rate per base |	0.05%
                        Deletion average length |	2.47
                        Insertion rate per base |	0.04%
                       Insertion average length |	2.53
                             MULTI-MAPPING READS:
        Number of reads mapped to multiple loci |	9365412
             % of reads mapped to multiple loci |	28.55%
        Number of reads mapped to too many loci |	197763
             % of reads mapped to too many loci |	0.60%
                                  UNMAPPED READS:
  Number of reads unmapped: too many mismatches |	0
       % of reads unmapped: too many mismatches |	0.00%
            Number of reads unmapped: too short |	0
                 % of reads unmapped: too short |	0.00%
                Number of reads unmapped: other |	5971
                     % of reads unmapped: other |	0.02%
                                  CHIMERIC READS:
                       Number of chimeric reads |	0
                            % of chimeric reads |	0.00%
