                                 Started job on |	Jun 08 16:36:08
                             Started mapping on |	Jun 08 16:36:30
                                    Finished on |	Jun 09 10:46:10
       Mapping speed, Million of reads per hour |	2.19

                          Number of input reads |	39743330
                      Average input read length |	202
                                    UNIQUE READS:
                   Uniquely mapped reads number |	27421799
                        Uniquely mapped reads % |	69.00%
                          Average mapped length |	95.38
                       Number of splices: Total |	4197772
            Number of splices: Annotated (sjdb) |	0
                       Number of splices: GT/AG |	4029007
                       Number of splices: GC/AG |	29570
                       Number of splices: AT/AC |	1561
               Number of splices: Non-canonical |	137634
                      Mismatch rate per base, % |	1.95%
                         Deletion rate per base |	0.05%
                        Deletion average length |	2.53
                        Insertion rate per base |	0.05%
                       Insertion average length |	2.69
                             MULTI-MAPPING READS:
        Number of reads mapped to multiple loci |	12044608
             % of reads mapped to multiple loci |	30.31%
        Number of reads mapped to too many loci |	272644
             % of reads mapped to too many loci |	0.69%
                                  UNMAPPED READS:
  Number of reads unmapped: too many mismatches |	0
       % of reads unmapped: too many mismatches |	0.00%
            Number of reads unmapped: too short |	0
                 % of reads unmapped: too short |	0.00%
                Number of reads unmapped: other |	4279
                     % of reads unmapped: other |	0.01%
                                  CHIMERIC READS:
                       Number of chimeric reads |	0
                            % of chimeric reads |	0.00%
