                                 Started job on |	Jun 08 16:36:08
                             Started mapping on |	Jun 08 16:36:30
                                    Finished on |	Jun 09 09:58:25
       Mapping speed, Million of reads per hour |	2.23

                          Number of input reads |	38680165
                      Average input read length |	202
                                    UNIQUE READS:
                   Uniquely mapped reads number |	26878687
                        Uniquely mapped reads % |	69.49%
                          Average mapped length |	96.13
                       Number of splices: Total |	4235656
            Number of splices: Annotated (sjdb) |	0
                       Number of splices: GT/AG |	4065498
                       Number of splices: GC/AG |	31059
                       Number of splices: AT/AC |	1854
               Number of splices: Non-canonical |	137245
                      Mismatch rate per base, % |	1.95%
                         Deletion rate per base |	0.05%
                        Deletion average length |	2.53
                        Insertion rate per base |	0.05%
                       Insertion average length |	2.76
                             MULTI-MAPPING READS:
        Number of reads mapped to multiple loci |	11546540
             % of reads mapped to multiple loci |	29.85%
        Number of reads mapped to too many loci |	250106
             % of reads mapped to too many loci |	0.65%
                                  UNMAPPED READS:
  Number of reads unmapped: too many mismatches |	0
       % of reads unmapped: too many mismatches |	0.00%
            Number of reads unmapped: too short |	0
                 % of reads unmapped: too short |	0.00%
                Number of reads unmapped: other |	4832
                     % of reads unmapped: other |	0.01%
                                  CHIMERIC READS:
                       Number of chimeric reads |	0
                            % of chimeric reads |	0.00%
