                                 Started job on |	Jun 08 16:38:15
                             Started mapping on |	Jun 08 16:38:18
                                    Finished on |	Jun 09 01:11:10
       Mapping speed, Million of reads per hour |	4.82

                          Number of input reads |	41235603
                      Average input read length |	300
                                    UNIQUE READS:
                   Uniquely mapped reads number |	31545271
                        Uniquely mapped reads % |	76.50%
                          Average mapped length |	244.60
                       Number of splices: Total |	19842842
            Number of splices: Annotated (sjdb) |	0
                       Number of splices: GT/AG |	19506303
                       Number of splices: GC/AG |	181859
                       Number of splices: AT/AC |	9652
               Number of splices: Non-canonical |	145028
                      Mismatch rate per base, % |	0.40%
                         Deletion rate per base |	0.04%
                        Deletion average length |	2.63
                        Insertion rate per base |	0.03%
                       Insertion average length |	2.28
                             MULTI-MAPPING READS:
        Number of reads mapped to multiple loci |	9546010
             % of reads mapped to multiple loci |	23.15%
        Number of reads mapped to too many loci |	119844
             % of reads mapped to too many loci |	0.29%
                                  UNMAPPED READS:
  Number of reads unmapped: too many mismatches |	0
       % of reads unmapped: too many mismatches |	0.00%
            Number of reads unmapped: too short |	0
                 % of reads unmapped: too short |	0.00%
                Number of reads unmapped: other |	24478
                     % of reads unmapped: other |	0.06%
                                  CHIMERIC READS:
                       Number of chimeric reads |	0
                            % of chimeric reads |	0.00%
