                                 Started job on |	Jun 08 16:38:15
                             Started mapping on |	Jun 08 16:38:18
                                    Finished on |	Jun 08 20:56:09
       Mapping speed, Million of reads per hour |	4.85

                          Number of input reads |	20852584
                      Average input read length |	300
                                    UNIQUE READS:
                   Uniquely mapped reads number |	16413583
                        Uniquely mapped reads % |	78.71%
                          Average mapped length |	244.60
                       Number of splices: Total |	10729643
            Number of splices: Annotated (sjdb) |	0
                       Number of splices: GT/AG |	10563471
                       Number of splices: GC/AG |	95070
                       Number of splices: AT/AC |	4566
               Number of splices: Non-canonical |	66536
                      Mismatch rate per base, % |	0.42%
                         Deletion rate per base |	0.03%
                        Deletion average length |	2.72
                        Insertion rate per base |	0.02%
                       Insertion average length |	2.45
                             MULTI-MAPPING READS:
        Number of reads mapped to multiple loci |	4367058
             % of reads mapped to multiple loci |	20.94%
        Number of reads mapped to too many loci |	60654
             % of reads mapped to too many loci |	0.29%
                                  UNMAPPED READS:
  Number of reads unmapped: too many mismatches |	0
       % of reads unmapped: too many mismatches |	0.00%
            Number of reads unmapped: too short |	0
                 % of reads unmapped: too short |	0.00%
                Number of reads unmapped: other |	11289
                     % of reads unmapped: other |	0.05%
                                  CHIMERIC READS:
                       Number of chimeric reads |	0
                            % of chimeric reads |	0.00%
