                                 Started job on |	Jun 08 16:36:08
                             Started mapping on |	Jun 08 16:36:30
                                    Finished on |	Jun 08 19:24:32
       Mapping speed, Million of reads per hour |	8.07

                          Number of input reads |	22595120
                      Average input read length |	300
                                    UNIQUE READS:
                   Uniquely mapped reads number |	18068547
                        Uniquely mapped reads % |	79.97%
                          Average mapped length |	245.05
                       Number of splices: Total |	11657964
            Number of splices: Annotated (sjdb) |	0
                       Number of splices: GT/AG |	11468773
                       Number of splices: GC/AG |	115023
                       Number of splices: AT/AC |	3570
               Number of splices: Non-canonical |	70598
                      Mismatch rate per base, % |	0.42%
                         Deletion rate per base |	0.03%
                        Deletion average length |	2.55
                        Insertion rate per base |	0.02%
                       Insertion average length |	2.27
                             MULTI-MAPPING READS:
        Number of reads mapped to multiple loci |	4459079
             % of reads mapped to multiple loci |	19.73%
        Number of reads mapped to too many loci |	59410
             % of reads mapped to too many loci |	0.26%
                                  UNMAPPED READS:
  Number of reads unmapped: too many mismatches |	0
       % of reads unmapped: too many mismatches |	0.00%
            Number of reads unmapped: too short |	0
                 % of reads unmapped: too short |	0.00%
                Number of reads unmapped: other |	8084
                     % of reads unmapped: other |	0.04%
                                  CHIMERIC READS:
                       Number of chimeric reads |	0
                            % of chimeric reads |	0.00%
