                                 Started job on |	Jun 08 16:36:08
                             Started mapping on |	Jun 08 16:36:30
                                    Finished on |	Jun 08 19:57:39
       Mapping speed, Million of reads per hour |	7.63

                          Number of input reads |	25589730
                      Average input read length |	300
                                    UNIQUE READS:
                   Uniquely mapped reads number |	20573833
                        Uniquely mapped reads % |	80.40%
                          Average mapped length |	242.94
                       Number of splices: Total |	13847140
            Number of splices: Annotated (sjdb) |	0
                       Number of splices: GT/AG |	13629826
                       Number of splices: GC/AG |	141158
                       Number of splices: AT/AC |	3787
               Number of splices: Non-canonical |	72369
                      Mismatch rate per base, % |	0.42%
                         Deletion rate per base |	0.03%
                        Deletion average length |	2.66
                        Insertion rate per base |	0.02%
                       Insertion average length |	2.44
                             MULTI-MAPPING READS:
        Number of reads mapped to multiple loci |	4927605
             % of reads mapped to multiple loci |	19.26%
        Number of reads mapped to too many loci |	75095
             % of reads mapped to too many loci |	0.29%
                                  UNMAPPED READS:
  Number of reads unmapped: too many mismatches |	0
       % of reads unmapped: too many mismatches |	0.00%
            Number of reads unmapped: too short |	0
                 % of reads unmapped: too short |	0.00%
                Number of reads unmapped: other |	13197
                     % of reads unmapped: other |	0.05%
                                  CHIMERIC READS:
                       Number of chimeric reads |	0
                            % of chimeric reads |	0.00%
