                                 Started job on |	Jun 02 10:35:30
                             Started mapping on |	Jun 02 10:35:40
                                    Finished on |	Jun 03 19:41:30
       Mapping speed, Million of reads per hour |	0.99

                          Number of input reads |	32802143
                      Average input read length |	202
                                    UNIQUE READS:
                   Uniquely mapped reads number |	2754347
                        Uniquely mapped reads % |	8.40%
                          Average mapped length |	160.98
                       Number of splices: Total |	1491866
            Number of splices: Annotated (sjdb) |	0
                       Number of splices: GT/AG |	1451265
                       Number of splices: GC/AG |	11782
                       Number of splices: AT/AC |	390
               Number of splices: Non-canonical |	28429
                      Mismatch rate per base, % |	1.20%
                         Deletion rate per base |	0.03%
                        Deletion average length |	2.21
                        Insertion rate per base |	0.02%
                       Insertion average length |	2.06
                             MULTI-MAPPING READS:
        Number of reads mapped to multiple loci |	606069
             % of reads mapped to multiple loci |	1.85%
        Number of reads mapped to too many loci |	2236
             % of reads mapped to too many loci |	0.01%
                                  UNMAPPED READS:
  Number of reads unmapped: too many mismatches |	0
       % of reads unmapped: too many mismatches |	0.00%
            Number of reads unmapped: too short |	29433520
                 % of reads unmapped: too short |	89.73%
                Number of reads unmapped: other |	5971
                     % of reads unmapped: other |	0.02%
                                  CHIMERIC READS:
                       Number of chimeric reads |	0
                            % of chimeric reads |	0.00%
