                                 Started job on |	Jun 02 10:25:01
                             Started mapping on |	Jun 02 10:25:23
                                    Finished on |	Jun 03 20:51:38
       Mapping speed, Million of reads per hour |	1.12

                          Number of input reads |	38680165
                      Average input read length |	202
                                    UNIQUE READS:
                   Uniquely mapped reads number |	3496529
                        Uniquely mapped reads % |	9.04%
                          Average mapped length |	160.81
                       Number of splices: Total |	1938246
            Number of splices: Annotated (sjdb) |	0
                       Number of splices: GT/AG |	1893031
                       Number of splices: GC/AG |	13755
                       Number of splices: AT/AC |	532
               Number of splices: Non-canonical |	30928
                      Mismatch rate per base, % |	1.20%
                         Deletion rate per base |	0.02%
                        Deletion average length |	2.18
                        Insertion rate per base |	0.02%
                       Insertion average length |	2.09
                             MULTI-MAPPING READS:
        Number of reads mapped to multiple loci |	695352
             % of reads mapped to multiple loci |	1.80%
        Number of reads mapped to too many loci |	1886
             % of reads mapped to too many loci |	0.00%
                                  UNMAPPED READS:
  Number of reads unmapped: too many mismatches |	0
       % of reads unmapped: too many mismatches |	0.00%
            Number of reads unmapped: too short |	34481566
                 % of reads unmapped: too short |	89.15%
                Number of reads unmapped: other |	4832
                     % of reads unmapped: other |	0.01%
                                  CHIMERIC READS:
                       Number of chimeric reads |	0
                            % of chimeric reads |	0.00%
