                                 Started job on |	Jun 02 10:36:02
                             Started mapping on |	Jun 02 10:36:11
                                    Finished on |	Jun 03 16:37:06
       Mapping speed, Million of reads per hour |	1.19

                          Number of input reads |	35774916
                      Average input read length |	202
                                    UNIQUE READS:
                   Uniquely mapped reads number |	3635466
                        Uniquely mapped reads % |	10.16%
                          Average mapped length |	161.75
                       Number of splices: Total |	2048514
            Number of splices: Annotated (sjdb) |	0
                       Number of splices: GT/AG |	1998155
                       Number of splices: GC/AG |	14522
                       Number of splices: AT/AC |	311
               Number of splices: Non-canonical |	35526
                      Mismatch rate per base, % |	1.19%
                         Deletion rate per base |	0.03%
                        Deletion average length |	2.45
                        Insertion rate per base |	0.02%
                       Insertion average length |	2.20
                             MULTI-MAPPING READS:
        Number of reads mapped to multiple loci |	860727
             % of reads mapped to multiple loci |	2.41%
        Number of reads mapped to too many loci |	2526
             % of reads mapped to too many loci |	0.01%
                                  UNMAPPED READS:
  Number of reads unmapped: too many mismatches |	0
       % of reads unmapped: too many mismatches |	0.00%
            Number of reads unmapped: too short |	31269463
                 % of reads unmapped: too short |	87.41%
                Number of reads unmapped: other |	6734
                     % of reads unmapped: other |	0.02%
                                  CHIMERIC READS:
                       Number of chimeric reads |	0
                            % of chimeric reads |	0.00%
