                                 Started job on |	Jun 02 18:39:49
                             Started mapping on |	Jun 02 18:40:08
                                    Finished on |	Jun 02 21:26:01
       Mapping speed, Million of reads per hour |	8.17

                          Number of input reads |	22595120
                      Average input read length |	300
                                    UNIQUE READS:
                   Uniquely mapped reads number |	13842843
                        Uniquely mapped reads % |	61.26%
                          Average mapped length |	273.91
                       Number of splices: Total |	10663626
            Number of splices: Annotated (sjdb) |	0
                       Number of splices: GT/AG |	10506807
                       Number of splices: GC/AG |	103009
                       Number of splices: AT/AC |	3086
               Number of splices: Non-canonical |	50724
                      Mismatch rate per base, % |	0.36%
                         Deletion rate per base |	0.03%
                        Deletion average length |	2.45
                        Insertion rate per base |	0.02%
                       Insertion average length |	2.10
                             MULTI-MAPPING READS:
        Number of reads mapped to multiple loci |	2400438
             % of reads mapped to multiple loci |	10.62%
        Number of reads mapped to too many loci |	37793
             % of reads mapped to too many loci |	0.17%
                                  UNMAPPED READS:
  Number of reads unmapped: too many mismatches |	0
       % of reads unmapped: too many mismatches |	0.00%
            Number of reads unmapped: too short |	6305962
                 % of reads unmapped: too short |	27.91%
                Number of reads unmapped: other |	8084
                     % of reads unmapped: other |	0.04%
                                  CHIMERIC READS:
                       Number of chimeric reads |	0
                            % of chimeric reads |	0.00%
