                                 Started job on |	Jun 02 18:41:44
                             Started mapping on |	Jun 02 18:41:54
                                    Finished on |	Jun 02 23:57:17
       Mapping speed, Million of reads per hour |	3.53

                          Number of input reads |	18571158
                      Average input read length |	300
                                    UNIQUE READS:
                   Uniquely mapped reads number |	11808116
                        Uniquely mapped reads % |	63.58%
                          Average mapped length |	278.69
                       Number of splices: Total |	9549994
            Number of splices: Annotated (sjdb) |	0
                       Number of splices: GT/AG |	9406166
                       Number of splices: GC/AG |	83824
                       Number of splices: AT/AC |	4283
               Number of splices: Non-canonical |	55721
                      Mismatch rate per base, % |	0.33%
                         Deletion rate per base |	0.03%
                        Deletion average length |	2.50
                        Insertion rate per base |	0.02%
                       Insertion average length |	2.14
                             MULTI-MAPPING READS:
        Number of reads mapped to multiple loci |	1897595
             % of reads mapped to multiple loci |	10.22%
        Number of reads mapped to too many loci |	12472
             % of reads mapped to too many loci |	0.07%
                                  UNMAPPED READS:
  Number of reads unmapped: too many mismatches |	0
       % of reads unmapped: too many mismatches |	0.00%
            Number of reads unmapped: too short |	4847059
                 % of reads unmapped: too short |	26.10%
                Number of reads unmapped: other |	5916
                     % of reads unmapped: other |	0.03%
                                  CHIMERIC READS:
                       Number of chimeric reads |	0
                            % of chimeric reads |	0.00%
