                                 Started job on |	Jun 24 15:12:07
                             Started mapping on |	Jun 24 15:12:31
                                    Finished on |	Jun 24 16:36:25
       Mapping speed, Million of reads per hour |	7.17

                          Number of input reads |	10025164
                      Average input read length |	296
                                    UNIQUE READS:
                   Uniquely mapped reads number |	8264998
                        Uniquely mapped reads % |	82.44%
                          Average mapped length |	294.04
                       Number of splices: Total |	7207294
            Number of splices: Annotated (sjdb) |	0
                       Number of splices: GT/AG |	7112936
                       Number of splices: GC/AG |	69492
                       Number of splices: AT/AC |	2034
               Number of splices: Non-canonical |	22832
                      Mismatch rate per base, % |	0.45%
                         Deletion rate per base |	0.03%
                        Deletion average length |	2.58
                        Insertion rate per base |	0.02%
                       Insertion average length |	2.23
                             MULTI-MAPPING READS:
        Number of reads mapped to multiple loci |	1390719
             % of reads mapped to multiple loci |	13.87%
        Number of reads mapped to too many loci |	4223
             % of reads mapped to too many loci |	0.04%
                                  UNMAPPED READS:
  Number of reads unmapped: too many mismatches |	0
       % of reads unmapped: too many mismatches |	0.00%
            Number of reads unmapped: too short |	362175
                 % of reads unmapped: too short |	3.61%
                Number of reads unmapped: other |	3049
                     % of reads unmapped: other |	0.03%
                                  CHIMERIC READS:
                       Number of chimeric reads |	0
                            % of chimeric reads |	0.00%
