                                 Started job on |	Jun 02 10:30:03
                             Started mapping on |	Jun 02 10:31:30
                                    Finished on |	Jun 03 17:00:09
       Mapping speed, Million of reads per hour |	1.02

                          Number of input reads |	31208809
                      Average input read length |	202
                                    UNIQUE READS:
                   Uniquely mapped reads number |	3069039
                        Uniquely mapped reads % |	9.83%
                          Average mapped length |	160.51
                       Number of splices: Total |	1678089
            Number of splices: Annotated (sjdb) |	0
                       Number of splices: GT/AG |	1639426
                       Number of splices: GC/AG |	11921
                       Number of splices: AT/AC |	351
               Number of splices: Non-canonical |	26391
                      Mismatch rate per base, % |	1.20%
                         Deletion rate per base |	0.02%
                        Deletion average length |	2.18
                        Insertion rate per base |	0.02%
                       Insertion average length |	2.08
                             MULTI-MAPPING READS:
        Number of reads mapped to multiple loci |	611431
             % of reads mapped to multiple loci |	1.96%
        Number of reads mapped to too many loci |	1301
             % of reads mapped to too many loci |	0.00%
                                  UNMAPPED READS:
  Number of reads unmapped: too many mismatches |	0
       % of reads unmapped: too many mismatches |	0.00%
            Number of reads unmapped: too short |	27524274
                 % of reads unmapped: too short |	88.19%
                Number of reads unmapped: other |	2764
                     % of reads unmapped: other |	0.01%
                                  CHIMERIC READS:
                       Number of chimeric reads |	0
                            % of chimeric reads |	0.00%
