                                 Started job on |	Jun 02 18:41:44
                             Started mapping on |	Jun 02 18:41:56
                                    Finished on |	Jun 02 23:48:15
       Mapping speed, Million of reads per hour |	5.01

                          Number of input reads |	25589730
                      Average input read length |	300
                                    UNIQUE READS:
                   Uniquely mapped reads number |	15555439
                        Uniquely mapped reads % |	60.79%
                          Average mapped length |	272.29
                       Number of splices: Total |	12539362
            Number of splices: Annotated (sjdb) |	0
                       Number of splices: GT/AG |	12363795
                       Number of splices: GC/AG |	119594
                       Number of splices: AT/AC |	3187
               Number of splices: Non-canonical |	52786
                      Mismatch rate per base, % |	0.36%
                         Deletion rate per base |	0.03%
                        Deletion average length |	2.54
                        Insertion rate per base |	0.01%
                       Insertion average length |	2.17
                             MULTI-MAPPING READS:
        Number of reads mapped to multiple loci |	2481413
             % of reads mapped to multiple loci |	9.70%
        Number of reads mapped to too many loci |	47187
             % of reads mapped to too many loci |	0.18%
                                  UNMAPPED READS:
  Number of reads unmapped: too many mismatches |	0
       % of reads unmapped: too many mismatches |	0.00%
            Number of reads unmapped: too short |	7492494
                 % of reads unmapped: too short |	29.28%
                Number of reads unmapped: other |	13197
                     % of reads unmapped: other |	0.05%
                                  CHIMERIC READS:
                       Number of chimeric reads |	0
                            % of chimeric reads |	0.00%
