                                 Started job on |	Jun 02 18:41:44
                             Started mapping on |	Jun 02 18:41:52
                                    Finished on |	Jun 03 02:25:13
       Mapping speed, Million of reads per hour |	2.70

                          Number of input reads |	20852584
                      Average input read length |	300
                                    UNIQUE READS:
                   Uniquely mapped reads number |	12659289
                        Uniquely mapped reads % |	60.71%
                          Average mapped length |	275.78
                       Number of splices: Total |	9875591
            Number of splices: Annotated (sjdb) |	0
                       Number of splices: GT/AG |	9733745
                       Number of splices: GC/AG |	86590
                       Number of splices: AT/AC |	3985
               Number of splices: Non-canonical |	51271
                      Mismatch rate per base, % |	0.35%
                         Deletion rate per base |	0.03%
                        Deletion average length |	2.58
                        Insertion rate per base |	0.02%
                       Insertion average length |	2.25
                             MULTI-MAPPING READS:
        Number of reads mapped to multiple loci |	2034933
             % of reads mapped to multiple loci |	9.76%
        Number of reads mapped to too many loci |	12747
             % of reads mapped to too many loci |	0.06%
                                  UNMAPPED READS:
  Number of reads unmapped: too many mismatches |	0
       % of reads unmapped: too many mismatches |	0.00%
            Number of reads unmapped: too short |	6134326
                 % of reads unmapped: too short |	29.42%
                Number of reads unmapped: other |	11289
                     % of reads unmapped: other |	0.05%
                                  CHIMERIC READS:
                       Number of chimeric reads |	0
                            % of chimeric reads |	0.00%
