# This file was produced by bcftools stats (1.10.2+htslib-1.10.2) and can be plotted using plot-vcfstats.
# The command line was:	bcftools stats  /ufrc/lee/braskey/Data/WGS/HAV_aln_filtered.vcf
#
# Definition of sets:
# ID	[2]id	[3]tab-separated file names
ID	0	/ufrc/lee/braskey/Data/WGS/HAV_aln_filtered.vcf
# SN, Summary numbers:
#   number of records   .. number of data rows in the VCF
#   number of no-ALTs   .. reference-only sites, ALT is either "." or identical to REF
#   number of SNPs      .. number of rows with a SNP
#   number of MNPs      .. number of rows with a MNP, such as CC>TT
#   number of indels    .. number of rows with an indel
#   number of others    .. number of rows with other type, for example a symbolic allele or
#                          a complex substitution, such as ACT>TCGA
#   number of multiallelic sites     .. number of rows with multiple alternate alleles
#   number of multiallelic SNP sites .. number of rows with multiple alternate alleles, all SNPs
# 
#   Note that rows containing multiple types will be counted multiple times, in each
#   counter. For example, a row with a SNP and an indel increments both the SNP and
#   the indel counter.
# 
# SN	[2]id	[3]key	[4]value
SN	0	number of samples:	1
SN	0	number of records:	135598975
SN	0	number of no-ALTs:	128850869
SN	0	number of SNPs:	6748106
SN	0	number of MNPs:	0
SN	0	number of indels:	0
SN	0	number of others:	0
SN	0	number of multiallelic sites:	97197
SN	0	number of multiallelic SNP sites:	97197
# TSTV, transitions/transversions:
# TSTV	[2]id	[3]ts	[4]tv	[5]ts/tv	[6]ts (1st ALT)	[7]tv (1st ALT)	[8]ts/tv (1st ALT)
TSTV	0	3789665	3058781	1.24	3763621	2984485	1.26
# SiS, Singleton stats:
# SiS	[2]id	[3]allele count	[4]number of SNPs	[5]number of transitions	[6]number of transversions	[7]number of indels	[8]repeat-consistent	[9]repeat-inconsistent	[10]not applicable
SiS	0	1	6848446	3789665	3058781	0	0	0	0
# AF, Stats by non-reference allele frequency:
# AF	[2]id	[3]allele frequency	[4]number of SNPs	[5]number of transitions	[6]number of transversions	[7]number of indels	[8]repeat-consistent	[9]repeat-inconsistent	[10]not applicable
AF	0	0.000000	6848446	3789665	3058781	0	0	0	0
# QUAL, Stats by quality:
# QUAL	[2]id	[3]Quality	[4]number of SNPs	[5]number of transitions (1st ALT)	[6]number of transversions (1st ALT)	[7]number of indels
QUAL	0	3	43435	24920	18515	0
QUAL	0	4	48523	27765	20758	0
QUAL	0	5	24651	14138	10513	0
QUAL	0	6	44774	25482	19292	0
QUAL	0	7	28010	15511	12499	0
QUAL	0	8	20408	11773	8635	0
QUAL	0	9	21579	12470	9109	0
QUAL	0	10	18718	10856	7862	0
QUAL	0	11	18452	10596	7856	0
QUAL	0	12	19234	10954	8280	0
QUAL	0	13	17644	10268	7376	0
QUAL	0	14	16981	9855	7126	0
QUAL	0	15	18473	10694	7779	0
QUAL	0	16	17240	10005	7235	0
QUAL	0	17	16591	9515	7076	0
QUAL	0	18	16807	9575	7232	0
QUAL	0	19	16891	9718	7173	0
QUAL	0	20	16197	9357	6840	0
QUAL	0	21	16488	9497	6991	0
QUAL	0	22	16116	9305	6811	0
QUAL	0	23	15888	9125	6763	0
QUAL	0	24	15655	9108	6547	0
QUAL	0	25	15935	9237	6698	0
QUAL	0	26	15832	9212	6620	0
QUAL	0	27	15126	8823	6303	0
QUAL	0	28	15256	8782	6474	0
QUAL	0	29	15486	8946	6540	0
QUAL	0	30	15421	8982	6439	0
QUAL	0	31	17115	9871	7244	0
QUAL	0	32	15044	8742	6302	0
QUAL	0	33	14938	8646	6292	0
QUAL	0	34	14776	8573	6203	0
QUAL	0	35	16355	9223	7132	0
QUAL	0	36	15242	8870	6372	0
QUAL	0	37	14505	8395	6110	0
QUAL	0	38	14231	8267	5964	0
QUAL	0	39	15057	8730	6327	0
QUAL	0	40	14169	8127	6042	0
QUAL	0	41	15004	8738	6266	0
QUAL	0	42	14719	8489	6230	0
QUAL	0	43	14192	8151	6041	0
QUAL	0	44	14443	8343	6100	0
QUAL	0	45	13859	7999	5860	0
QUAL	0	46	13969	8159	5810	0
QUAL	0	47	14274	8269	6005	0
QUAL	0	48	14072	8150	5922	0
QUAL	0	49	13481	7794	5687	0
QUAL	0	50	13519	7834	5685	0
QUAL	0	51	13824	7903	5921	0
QUAL	0	52	13593	7852	5741	0
QUAL	0	53	13329	7697	5632	0
QUAL	0	54	13729	7965	5764	0
QUAL	0	55	13385	7862	5523	0
QUAL	0	56	14002	8097	5905	0
QUAL	0	57	13643	7918	5725	0
QUAL	0	58	13474	7763	5711	0
QUAL	0	59	14362	8241	6121	0
QUAL	0	60	13581	7869	5712	0
QUAL	0	61	13462	7802	5660	0
QUAL	0	62	13155	7578	5577	0
QUAL	0	63	13714	7907	5807	0
QUAL	0	64	13327	7692	5635	0
QUAL	0	65	13162	7519	5643	0
QUAL	0	66	13215	7623	5592	0
QUAL	0	67	13209	7708	5501	0
QUAL	0	68	13476	7764	5712	0
QUAL	0	69	12913	7312	5601	0
QUAL	0	70	13627	7821	5806	0
QUAL	0	71	12951	7457	5494	0
QUAL	0	72	13029	7443	5586	0
QUAL	0	73	13202	7668	5534	0
QUAL	0	74	13049	7640	5409	0
QUAL	0	75	13520	7867	5653	0
QUAL	0	76	12983	7590	5393	0
QUAL	0	77	13430	7694	5736	0
QUAL	0	78	13343	7715	5628	0
QUAL	0	79	13049	7611	5438	0
QUAL	0	80	13637	7790	5847	0
QUAL	0	81	12888	7339	5549	0
QUAL	0	82	12794	7392	5402	0
QUAL	0	83	13198	7520	5678	0
QUAL	0	84	13467	7785	5682	0
QUAL	0	85	13152	7507	5645	0
QUAL	0	86	13279	7575	5704	0
QUAL	0	87	13090	7501	5589	0
QUAL	0	88	13071	7516	5555	0
QUAL	0	89	12952	7444	5508	0
QUAL	0	90	13309	7679	5630	0
QUAL	0	91	13250	7544	5706	0
QUAL	0	92	13001	7464	5537	0
QUAL	0	93	12992	7468	5524	0
QUAL	0	94	12883	7418	5465	0
QUAL	0	95	13181	7709	5472	0
QUAL	0	96	13377	7633	5744	0
QUAL	0	97	13255	7555	5700	0
QUAL	0	98	12859	7321	5538	0
QUAL	0	99	13229	7598	5631	0
QUAL	0	100	12387	7112	5275	0
QUAL	0	101	13111	7486	5625	0
QUAL	0	102	13151	7599	5552	0
QUAL	0	103	12966	7444	5522	0
QUAL	0	104	12795	7335	5460	0
QUAL	0	105	12935	7460	5475	0
QUAL	0	106	12820	7357	5463	0
QUAL	0	107	12859	7406	5453	0
QUAL	0	108	12660	7287	5373	0
QUAL	0	109	12838	7259	5579	0
QUAL	0	110	13099	7496	5603	0
QUAL	0	111	12859	7332	5527	0
QUAL	0	112	12843	7385	5458	0
QUAL	0	113	12598	7210	5388	0
QUAL	0	114	12898	7524	5374	0
QUAL	0	115	12816	7406	5410	0
QUAL	0	116	13317	7631	5686	0
QUAL	0	117	12727	7298	5429	0
QUAL	0	118	12720	7259	5461	0
QUAL	0	119	13116	7419	5697	0
QUAL	0	120	12441	7042	5399	0
QUAL	0	121	13361	7623	5738	0
QUAL	0	122	12594	7200	5394	0
QUAL	0	123	12475	7175	5300	0
QUAL	0	124	12487	7172	5315	0
QUAL	0	125	12628	7207	5421	0
QUAL	0	126	13733	7729	6004	0
QUAL	0	127	12374	6989	5385	0
QUAL	0	128	12428	7088	5340	0
QUAL	0	129	14988	8414	6574	0
QUAL	0	130	12120	6953	5167	0
QUAL	0	131	11947	6870	5077	0
QUAL	0	132	11751	6704	5047	0
QUAL	0	133	11933	6697	5236	0
QUAL	0	134	12662	7087	5575	0
QUAL	0	135	11764	6603	5161	0
QUAL	0	136	11658	6581	5077	0
QUAL	0	137	13803	7728	6075	0
QUAL	0	138	11317	6508	4809	0
QUAL	0	139	11603	6497	5106	0
QUAL	0	140	12288	6934	5354	0
QUAL	0	141	11182	6321	4861	0
QUAL	0	142	13863	7746	6117	0
QUAL	0	143	11540	6599	4941	0
QUAL	0	144	11348	6481	4867	0
QUAL	0	145	12261	6960	5301	0
QUAL	0	146	11776	6659	5117	0
QUAL	0	147	13521	7644	5877	0
QUAL	0	148	11350	6365	4985	0
QUAL	0	149	12899	7204	5695	0
QUAL	0	150	11770	6564	5206	0
QUAL	0	151	14227	8000	6227	0
QUAL	0	152	12027	6695	5332	0
QUAL	0	153	13248	7451	5797	0
QUAL	0	154	12676	7153	5523	0
QUAL	0	155	13905	7740	6165	0
QUAL	0	156	12730	7015	5715	0
QUAL	0	157	13596	7571	6025	0
QUAL	0	158	13346	7513	5833	0
QUAL	0	159	13071	7314	5757	0
QUAL	0	160	14151	7850	6301	0
QUAL	0	161	14984	8259	6725	0
QUAL	0	162	15094	8277	6817	0
QUAL	0	163	13866	7587	6279	0
QUAL	0	164	12493	6964	5529	0
QUAL	0	165	10375	5871	4504	0
QUAL	0	166	9752	5520	4232	0
QUAL	0	167	9587	5335	4252	0
QUAL	0	168	9633	5383	4250	0
QUAL	0	169	9113	5200	3913	0
QUAL	0	170	9224	5138	4086	0
QUAL	0	171	9305	5266	4039	0
QUAL	0	172	9558	5316	4242	0
QUAL	0	173	9197	5105	4092	0
QUAL	0	174	9922	5535	4387	0
QUAL	0	175	9658	5371	4287	0
QUAL	0	176	9567	5338	4229	0
QUAL	0	177	9309	5166	4143	0
QUAL	0	178	9650	5370	4280	0
QUAL	0	179	9324	5228	4096	0
QUAL	0	180	9370	5229	4141	0
QUAL	0	181	9297	5202	4095	0
QUAL	0	182	9982	5604	4378	0
QUAL	0	183	9618	5363	4255	0
QUAL	0	184	10138	5578	4560	0
QUAL	0	185	10051	5539	4512	0
QUAL	0	186	10536	5872	4664	0
QUAL	0	187	10048	5697	4351	0
QUAL	0	188	10170	5634	4536	0
QUAL	0	189	9083	5071	4012	0
QUAL	0	190	9067	5069	3998	0
QUAL	0	191	9624	5396	4228	0
QUAL	0	192	10002	5585	4417	0
QUAL	0	193	9634	5329	4305	0
QUAL	0	194	10948	6139	4809	0
QUAL	0	195	8627	4873	3754	0
QUAL	0	196	8718	4804	3914	0
QUAL	0	197	8762	4849	3913	0
QUAL	0	198	8664	4928	3736	0
QUAL	0	199	8988	4965	4023	0
QUAL	0	200	8736	4849	3887	0
QUAL	0	201	9330	5253	4077	0
QUAL	0	202	8723	4889	3834	0
QUAL	0	203	9090	5126	3964	0
QUAL	0	204	9323	5164	4159	0
QUAL	0	205	9759	5498	4261	0
QUAL	0	206	8853	4909	3944	0
QUAL	0	207	9770	5416	4354	0
QUAL	0	208	8557	4861	3696	0
QUAL	0	209	8480	4735	3745	0
QUAL	0	210	9170	5055	4115	0
QUAL	0	211	9283	5248	4035	0
QUAL	0	212	9848	5448	4400	0
QUAL	0	213	8969	5004	3965	0
QUAL	0	214	9376	5233	4143	0
QUAL	0	215	9726	5344	4382	0
QUAL	0	216	10562	5858	4704	0
QUAL	0	217	9789	5356	4433	0
QUAL	0	218	8659	4745	3914	0
QUAL	0	219	9344	5167	4177	0
QUAL	0	220	9756	5328	4428	0
QUAL	0	221	3470067	1894807	1575260	0
QUAL	0	222	87990	47835	40155	0
QUAL	0	223	3887	2245	1642	0
QUAL	0	224	3107	1778	1329	0
QUAL	0	225	294281	170901	123380	0
QUAL	0	226	1999	1088	911	0
# IDD, InDel distribution:
# IDD	[2]id	[3]length (deletions negative)	[4]number of sites	[5]number of genotypes	[6]mean VAF
# ST, Substitution types:
# ST	[2]id	[3]type	[4]count
ST	0	A>C	327317
ST	0	A>G	936209
ST	0	A>T	577927
ST	0	C>A	355262
ST	0	C>G	269351
ST	0	C>T	957350
ST	0	G>A	957839
ST	0	G>C	269141
ST	0	G>T	354711
ST	0	T>A	576822
ST	0	T>C	938267
ST	0	T>G	328250
# DP, Depth distribution
# DP	[2]id	[3]bin	[4]number of genotypes	[5]fraction of genotypes (%)	[6]number of sites	[7]fraction of sites (%)
DP	0	8	0	0.000000	2930667	2.161275
DP	0	9	0	0.000000	2594279	1.913200
DP	0	10	0	0.000000	2474286	1.824708
DP	0	11	0	0.000000	2270572	1.674476
DP	0	12	0	0.000000	2194644	1.618481
DP	0	13	0	0.000000	2059250	1.518632
DP	0	14	0	0.000000	2010137	1.482413
DP	0	15	0	0.000000	1936801	1.428330
DP	0	16	0	0.000000	1904195	1.404284
DP	0	17	0	0.000000	1847618	1.362560
DP	0	18	0	0.000000	1820166	1.342315
DP	0	19	0	0.000000	1780314	1.312926
DP	0	20	0	0.000000	1772370	1.307067
DP	0	21	0	0.000000	1753287	1.292994
DP	0	22	0	0.000000	1744955	1.286850
DP	0	23	0	0.000000	1728066	1.274395
DP	0	24	0	0.000000	1717807	1.266829
DP	0	25	0	0.000000	1708952	1.260299
DP	0	26	0	0.000000	1693151	1.248646
DP	0	27	0	0.000000	1677719	1.237265
DP	0	28	0	0.000000	1675233	1.235432
DP	0	29	0	0.000000	1660564	1.224614
DP	0	30	0	0.000000	1657310	1.222214
DP	0	31	0	0.000000	1633796	1.204873
DP	0	32	0	0.000000	1647387	1.214896
DP	0	33	0	0.000000	1642915	1.211598
DP	0	34	0	0.000000	1650965	1.217535
DP	0	35	0	0.000000	1658528	1.223112
DP	0	36	0	0.000000	1681467	1.240029
DP	0	37	0	0.000000	1709442	1.260660
DP	0	38	0	0.000000	1756783	1.295572
DP	0	39	0	0.000000	1801350	1.328439
DP	0	40	0	0.000000	1855478	1.368357
DP	0	41	0	0.000000	1933331	1.425771
DP	0	42	0	0.000000	2007266	1.480296
DP	0	43	0	0.000000	2084351	1.537144
DP	0	44	0	0.000000	2163210	1.595300
DP	0	45	0	0.000000	2245807	1.656212
DP	0	46	0	0.000000	2327401	1.716385
DP	0	47	0	0.000000	2397052	1.767751
DP	0	48	0	0.000000	2469717	1.821339
DP	0	49	0	0.000000	2527767	1.864149
DP	0	50	0	0.000000	2574495	1.898609
DP	0	51	0	0.000000	2609685	1.924561
DP	0	52	0	0.000000	2626033	1.936617
DP	0	53	0	0.000000	2618979	1.931415
DP	0	54	0	0.000000	2601385	1.918440
DP	0	55	0	0.000000	2566818	1.892948
DP	0	56	0	0.000000	2512092	1.852589
DP	0	57	0	0.000000	2432492	1.793887
DP	0	58	0	0.000000	2344697	1.729141
DP	0	59	0	0.000000	2245728	1.656154
DP	0	60	0	0.000000	2136424	1.575546
DP	0	61	0	0.000000	2015747	1.486550
DP	0	62	0	0.000000	1890648	1.394294
DP	0	63	0	0.000000	1762631	1.299885
DP	0	64	0	0.000000	1628804	1.201192
DP	0	65	0	0.000000	1501387	1.107226
DP	0	66	0	0.000000	1368612	1.009309
DP	0	67	0	0.000000	1246622	0.919345
DP	0	68	0	0.000000	1120828	0.826576
DP	0	69	0	0.000000	1002667	0.739436
DP	0	70	0	0.000000	893687	0.659066
DP	0	71	0	0.000000	795363	0.586555
DP	0	72	0	0.000000	708479	0.522481
DP	0	73	0	0.000000	621628	0.458431
DP	0	74	0	0.000000	547975	0.404114
DP	0	75	0	0.000000	480780	0.354560
DP	0	76	0	0.000000	424554	0.313095
DP	0	77	0	0.000000	373170	0.275201
DP	0	78	0	0.000000	329607	0.243075
DP	0	79	0	0.000000	291138	0.214705
DP	0	80	0	0.000000	260019	0.191756
DP	0	81	0	0.000000	229287	0.169092
DP	0	82	0	0.000000	205532	0.151573
DP	0	83	0	0.000000	183748	0.135508
DP	0	84	0	0.000000	166750	0.122973
DP	0	85	0	0.000000	152041	0.112125
DP	0	86	0	0.000000	140263	0.103440
DP	0	87	0	0.000000	130768	0.096437
DP	0	88	0	0.000000	121904	0.089900
DP	0	89	0	0.000000	114658	0.084557
DP	0	90	0	0.000000	109447	0.080714
DP	0	91	0	0.000000	103535	0.076354
DP	0	92	0	0.000000	99287	0.073221
DP	0	93	0	0.000000	94149	0.069432
DP	0	94	0	0.000000	90675	0.066870
DP	0	95	0	0.000000	88529	0.065287
DP	0	96	0	0.000000	86554	0.063831
DP	0	97	0	0.000000	83946	0.061908
DP	0	98	0	0.000000	82299	0.060693
DP	0	99	0	0.000000	81014	0.059745
DP	0	100	0	0.000000	79485	0.058618
DP	0	101	0	0.000000	78420	0.057832
DP	0	102	0	0.000000	77681	0.057287
DP	0	103	0	0.000000	74472	0.054921
DP	0	104	0	0.000000	73841	0.054455
DP	0	105	0	0.000000	73423	0.054147
DP	0	106	0	0.000000	71789	0.052942
DP	0	107	0	0.000000	69563	0.051301
DP	0	108	0	0.000000	69249	0.051069
DP	0	109	0	0.000000	67332	0.049655
DP	0	110	0	0.000000	66157	0.048789
DP	0	111	0	0.000000	63663	0.046949
DP	0	112	0	0.000000	63789	0.047042
DP	0	113	0	0.000000	62832	0.046337
DP	0	114	0	0.000000	61340	0.045236
DP	0	115	0	0.000000	60597	0.044688
DP	0	116	0	0.000000	58990	0.043503
DP	0	117	0	0.000000	57003	0.042038
DP	0	118	0	0.000000	55475	0.040911
DP	0	119	0	0.000000	54084	0.039885
DP	0	120	0	0.000000	53524	0.039472
DP	0	121	0	0.000000	51952	0.038313
DP	0	122	0	0.000000	50394	0.037164
DP	0	123	0	0.000000	49094	0.036205
DP	0	124	0	0.000000	47695	0.035174
DP	0	125	0	0.000000	45977	0.033907
DP	0	126	0	0.000000	45263	0.033380
DP	0	127	0	0.000000	43066	0.031760
DP	0	128	0	0.000000	41979	0.030958
DP	0	129	0	0.000000	40271	0.029699
DP	0	130	0	0.000000	40128	0.029593
DP	0	131	0	0.000000	38856	0.028655
DP	0	132	0	0.000000	38519	0.028407
DP	0	133	0	0.000000	37576	0.027711
DP	0	134	0	0.000000	36509	0.026924
DP	0	135	0	0.000000	36054	0.026589
DP	0	136	0	0.000000	34670	0.025568
DP	0	137	0	0.000000	33740	0.024882
DP	0	138	0	0.000000	33425	0.024650
DP	0	139	0	0.000000	31913	0.023535
DP	0	140	0	0.000000	31258	0.023052
DP	0	141	0	0.000000	30575	0.022548
DP	0	142	0	0.000000	29675	0.021884
DP	0	143	0	0.000000	29314	0.021618
DP	0	144	0	0.000000	29296	0.021605
DP	0	145	0	0.000000	28162	0.020769
DP	0	146	0	0.000000	28072	0.020702
DP	0	147	0	0.000000	27073	0.019965
DP	0	148	0	0.000000	27130	0.020008
DP	0	149	0	0.000000	26392	0.019463
DP	0	150	0	0.000000	26247	0.019356
DP	0	151	0	0.000000	25965	0.019148
DP	0	152	0	0.000000	25003	0.018439
DP	0	153	0	0.000000	24779	0.018274
DP	0	154	0	0.000000	24126	0.017792
DP	0	155	0	0.000000	24257	0.017889
DP	0	156	0	0.000000	23808	0.017558
DP	0	157	0	0.000000	23310	0.017190
DP	0	158	0	0.000000	23098	0.017034
DP	0	159	0	0.000000	22876	0.016870
DP	0	160	0	0.000000	22766	0.016789
DP	0	161	0	0.000000	22269	0.016423
DP	0	162	0	0.000000	21457	0.015824
DP	0	163	0	0.000000	21372	0.015761
DP	0	164	0	0.000000	21260	0.015679
DP	0	165	0	0.000000	20817	0.015352
DP	0	166	0	0.000000	21064	0.015534
DP	0	167	0	0.000000	20488	0.015109
DP	0	168	0	0.000000	20451	0.015082
DP	0	169	0	0.000000	19798	0.014600
DP	0	170	0	0.000000	20014	0.014760
DP	0	171	0	0.000000	19649	0.014491
DP	0	172	0	0.000000	19424	0.014325
DP	0	173	0	0.000000	18908	0.013944
DP	0	174	0	0.000000	19310	0.014241
DP	0	175	0	0.000000	18920	0.013953
DP	0	176	0	0.000000	18906	0.013943
DP	0	177	0	0.000000	18482	0.013630
DP	0	178	0	0.000000	18098	0.013347
DP	0	179	0	0.000000	17947	0.013235
DP	0	180	0	0.000000	18039	0.013303
DP	0	181	0	0.000000	17714	0.013064
DP	0	182	0	0.000000	17380	0.012817
DP	0	183	0	0.000000	17195	0.012681
DP	0	184	0	0.000000	16902	0.012465
DP	0	185	0	0.000000	16485	0.012157
DP	0	186	0	0.000000	16772	0.012369
DP	0	187	0	0.000000	16384	0.012083
DP	0	188	0	0.000000	16275	0.012002
DP	0	189	0	0.000000	15910	0.011733
DP	0	190	0	0.000000	16122	0.011889
DP	0	191	0	0.000000	15538	0.011459
DP	0	192	0	0.000000	15582	0.011491
DP	0	193	0	0.000000	15190	0.011202
DP	0	194	0	0.000000	15163	0.011182
DP	0	195	0	0.000000	15075	0.011117
DP	0	196	0	0.000000	14853	0.010954
DP	0	197	0	0.000000	14654	0.010807
DP	0	198	0	0.000000	14669	0.010818
DP	0	199	0	0.000000	14417	0.010632
DP	0	200	0	0.000000	14544	0.010726
DP	0	201	0	0.000000	14062	0.010370
DP	0	202	0	0.000000	14395	0.010616
DP	0	203	0	0.000000	13997	0.010322
DP	0	204	0	0.000000	13858	0.010220
DP	0	205	0	0.000000	13472	0.009935
DP	0	206	0	0.000000	13926	0.010270
DP	0	207	0	0.000000	13825	0.010196
DP	0	208	0	0.000000	13648	0.010065
DP	0	209	0	0.000000	13702	0.010105
DP	0	210	0	0.000000	13624	0.010047
DP	0	211	0	0.000000	13693	0.010098
DP	0	212	0	0.000000	13788	0.010168
DP	0	213	0	0.000000	13538	0.009984
DP	0	214	0	0.000000	13841	0.010207
DP	0	215	0	0.000000	13909	0.010257
DP	0	216	0	0.000000	13902	0.010252
DP	0	217	0	0.000000	13835	0.010203
DP	0	218	0	0.000000	13697	0.010101
DP	0	219	0	0.000000	13606	0.010034
DP	0	220	0	0.000000	13681	0.010089
DP	0	221	0	0.000000	13562	0.010002
DP	0	222	0	0.000000	13619	0.010044
DP	0	223	0	0.000000	13200	0.009735
DP	0	224	0	0.000000	13663	0.010076
DP	0	225	0	0.000000	13453	0.009921
DP	0	226	0	0.000000	13547	0.009990
DP	0	227	0	0.000000	13668	0.010080
DP	0	228	0	0.000000	13907	0.010256
DP	0	229	0	0.000000	14063	0.010371
DP	0	230	0	0.000000	14273	0.010526
DP	0	231	0	0.000000	14553	0.010732
DP	0	232	0	0.000000	14678	0.010825
DP	0	233	0	0.000000	14556	0.010735
DP	0	234	0	0.000000	15085	0.011125
DP	0	235	0	0.000000	15181	0.011196
DP	0	236	0	0.000000	15828	0.011673
DP	0	237	0	0.000000	16233	0.011971
DP	0	238	0	0.000000	16690	0.012308
DP	0	239	0	0.000000	17511	0.012914
DP	0	240	0	0.000000	18296	0.013493
DP	0	241	0	0.000000	19503	0.014383
DP	0	242	0	0.000000	20950	0.015450
DP	0	243	0	0.000000	22753	0.016780
DP	0	244	0	0.000000	25579	0.018864
DP	0	245	0	0.000000	28590	0.021084
DP	0	246	0	0.000000	33472	0.024685
DP	0	247	0	0.000000	40408	0.029800
DP	0	248	0	0.000000	51718	0.038140
DP	0	249	0	0.000000	127084	0.093720
DP	0	250	0	0.000000	83208	0.061363
DP	0	251	0	0.000000	52581	0.038777
DP	0	252	0	0.000000	39669	0.029255
DP	0	253	0	0.000000	32307	0.023825
DP	0	254	0	0.000000	27091	0.019979
DP	0	255	0	0.000000	23774	0.017533
DP	0	256	0	0.000000	20954	0.015453
DP	0	257	0	0.000000	18451	0.013607
DP	0	258	0	0.000000	16622	0.012258
DP	0	259	0	0.000000	15576	0.011487
DP	0	260	0	0.000000	14162	0.010444
DP	0	261	0	0.000000	12691	0.009359
DP	0	262	0	0.000000	11400	0.008407
DP	0	263	0	0.000000	10694	0.007886
DP	0	264	0	0.000000	9610	0.007087
DP	0	265	0	0.000000	8777	0.006473
DP	0	266	0	0.000000	8130	0.005996
DP	0	267	0	0.000000	7595	0.005601
DP	0	268	0	0.000000	7002	0.005164
DP	0	269	0	0.000000	6401	0.004721
DP	0	270	0	0.000000	5743	0.004235
DP	0	271	0	0.000000	5224	0.003853
DP	0	272	0	0.000000	4871	0.003592
DP	0	273	0	0.000000	4599	0.003392
DP	0	274	0	0.000000	4197	0.003095
DP	0	275	0	0.000000	3832	0.002826
DP	0	276	0	0.000000	3552	0.002619
DP	0	277	0	0.000000	3326	0.002453
DP	0	278	0	0.000000	2987	0.002203
DP	0	279	0	0.000000	2846	0.002099
DP	0	280	0	0.000000	2712	0.002000
DP	0	281	0	0.000000	2517	0.001856
DP	0	282	0	0.000000	2325	0.001715
DP	0	283	0	0.000000	2252	0.001661
DP	0	284	0	0.000000	2139	0.001577
DP	0	285	0	0.000000	1987	0.001465
DP	0	286	0	0.000000	1795	0.001324
DP	0	287	0	0.000000	1723	0.001271
DP	0	288	0	0.000000	1604	0.001183
DP	0	289	0	0.000000	1427	0.001052
DP	0	290	0	0.000000	1334	0.000984
DP	0	291	0	0.000000	1236	0.000912
DP	0	292	0	0.000000	1177	0.000868
DP	0	293	0	0.000000	1114	0.000822
DP	0	294	0	0.000000	1069	0.000788
DP	0	295	0	0.000000	1000	0.000737
DP	0	296	0	0.000000	957	0.000706
DP	0	297	0	0.000000	934	0.000689
DP	0	298	0	0.000000	895	0.000660
DP	0	299	0	0.000000	804	0.000593
DP	0	300	0	0.000000	748	0.000552
DP	0	301	0	0.000000	753	0.000555
DP	0	302	0	0.000000	711	0.000524
DP	0	303	0	0.000000	715	0.000527
DP	0	304	0	0.000000	672	0.000496
DP	0	305	0	0.000000	631	0.000465
DP	0	306	0	0.000000	563	0.000415
DP	0	307	0	0.000000	578	0.000426
DP	0	308	0	0.000000	529	0.000390
DP	0	309	0	0.000000	517	0.000381
DP	0	310	0	0.000000	534	0.000394
DP	0	311	0	0.000000	462	0.000341
DP	0	312	0	0.000000	413	0.000305
DP	0	313	0	0.000000	408	0.000301
DP	0	314	0	0.000000	378	0.000279
DP	0	315	0	0.000000	360	0.000265
DP	0	316	0	0.000000	342	0.000252
DP	0	317	0	0.000000	338	0.000249
DP	0	318	0	0.000000	337	0.000249
DP	0	319	0	0.000000	327	0.000241
DP	0	320	0	0.000000	321	0.000237
DP	0	321	0	0.000000	310	0.000229
DP	0	322	0	0.000000	300	0.000221
DP	0	323	0	0.000000	263	0.000194
DP	0	324	0	0.000000	274	0.000202
DP	0	325	0	0.000000	278	0.000205
DP	0	326	0	0.000000	253	0.000187
DP	0	327	0	0.000000	226	0.000167
DP	0	328	0	0.000000	239	0.000176
DP	0	329	0	0.000000	221	0.000163
DP	0	330	0	0.000000	211	0.000156
DP	0	331	0	0.000000	222	0.000164
DP	0	332	0	0.000000	210	0.000155
DP	0	333	0	0.000000	190	0.000140
DP	0	334	0	0.000000	188	0.000139
DP	0	335	0	0.000000	173	0.000128
DP	0	336	0	0.000000	163	0.000120
DP	0	337	0	0.000000	168	0.000124
DP	0	338	0	0.000000	174	0.000128
DP	0	339	0	0.000000	146	0.000108
DP	0	340	0	0.000000	151	0.000111
DP	0	341	0	0.000000	148	0.000109
DP	0	342	0	0.000000	147	0.000108
DP	0	343	0	0.000000	124	0.000091
DP	0	344	0	0.000000	136	0.000100
DP	0	345	0	0.000000	145	0.000107
DP	0	346	0	0.000000	129	0.000095
DP	0	347	0	0.000000	118	0.000087
DP	0	348	0	0.000000	117	0.000086
DP	0	349	0	0.000000	111	0.000082
DP	0	350	0	0.000000	119	0.000088
DP	0	351	0	0.000000	104	0.000077
DP	0	352	0	0.000000	99	0.000073
DP	0	353	0	0.000000	101	0.000074
DP	0	354	0	0.000000	88	0.000065
DP	0	355	0	0.000000	91	0.000067
DP	0	356	0	0.000000	87	0.000064
DP	0	357	0	0.000000	83	0.000061
DP	0	358	0	0.000000	77	0.000057
DP	0	359	0	0.000000	75	0.000055
DP	0	360	0	0.000000	71	0.000052
DP	0	361	0	0.000000	69	0.000051
DP	0	362	0	0.000000	70	0.000052
DP	0	363	0	0.000000	65	0.000048
DP	0	364	0	0.000000	60	0.000044
DP	0	365	0	0.000000	59	0.000044
DP	0	366	0	0.000000	52	0.000038
DP	0	367	0	0.000000	51	0.000038
DP	0	368	0	0.000000	60	0.000044
DP	0	369	0	0.000000	50	0.000037
DP	0	370	0	0.000000	41	0.000030
DP	0	371	0	0.000000	40	0.000029
DP	0	372	0	0.000000	36	0.000027
DP	0	373	0	0.000000	38	0.000028
DP	0	374	0	0.000000	39	0.000029
DP	0	375	0	0.000000	34	0.000025
DP	0	376	0	0.000000	28	0.000021
DP	0	377	0	0.000000	26	0.000019
DP	0	378	0	0.000000	22	0.000016
DP	0	379	0	0.000000	18	0.000013
DP	0	380	0	0.000000	17	0.000013
DP	0	381	0	0.000000	15	0.000011
DP	0	382	0	0.000000	9	0.000007
DP	0	383	0	0.000000	7	0.000005
DP	0	384	0	0.000000	6	0.000004
DP	0	385	0	0.000000	3	0.000002
DP	0	386	0	0.000000	4	0.000003
DP	0	387	0	0.000000	4	0.000003
DP	0	388	0	0.000000	4	0.000003
DP	0	389	0	0.000000	1	0.000001