/ufrc/lee/braskey/SLURM_scripts
c23a-s23.ufhpc
Tue May 19 18:30:29 EDT 2020
Calling variants for aligned SRR6940088 (baicalensis) WGS data
Note: none of --samples-file, --ploidy or --ploidy-file given, assuming all sites are diploid
[mpileup] 1 samples in 1 input files
[mpileup] maximum number of reads per input file set to -d 250
index: the file is not BGZF compressed, cannot index: /ufrc/lee/braskey/Data/SRP096180/SRR6940088_aln_flt.vcf
# This file was produced by bcftools stats (1.10.2+htslib-1.10.2) and can be plotted using plot-vcfstats.
# The command line was:	bcftools stats  /ufrc/lee/braskey/Data/SRP096180/SRR6940088_aln_flt.vcf
#
# Definition of sets:
# ID	[2]id	[3]tab-separated file names
ID	0	/ufrc/lee/braskey/Data/SRP096180/SRR6940088_aln_flt.vcf
# SN, Summary numbers:
#   number of records   .. number of data rows in the VCF
#   number of no-ALTs   .. reference-only sites, ALT is either "." or identical to REF
#   number of SNPs      .. number of rows with a SNP
#   number of MNPs      .. number of rows with a MNP, such as CC>TT
#   number of indels    .. number of rows with an indel
#   number of others    .. number of rows with other type, for example a symbolic allele or
#                          a complex substitution, such as ACT>TCGA
#   number of multiallelic sites     .. number of rows with multiple alternate alleles
#   number of multiallelic SNP sites .. number of rows with multiple alternate alleles, all SNPs
# 
#   Note that rows containing multiple types will be counted multiple times, in each
#   counter. For example, a row with a SNP and an indel increments both the SNP and
#   the indel counter.
# 
# SN	[2]id	[3]key	[4]value
SN	0	number of samples:	1
SN	0	number of records:	361224109
SN	0	number of no-ALTs:	358368359
SN	0	number of SNPs:	2539063
SN	0	number of MNPs:	0
SN	0	number of indels:	316687
SN	0	number of others:	0
SN	0	number of multiallelic sites:	21972
SN	0	number of multiallelic SNP sites:	11884
# TSTV, transitions/transversions:
# TSTV	[2]id	[3]ts	[4]tv	[5]ts/tv	[6]ts (1st ALT)	[7]tv (1st ALT)	[8]ts/tv (1st ALT)
TSTV	0	1698020	852979	1.99	1694971	844092	2.01
# SiS, Singleton stats:
# SiS	[2]id	[3]allele count	[4]number of SNPs	[5]number of transitions	[6]number of transversions	[7]number of indels	[8]repeat-consistent	[9]repeat-inconsistent	[10]not applicable
SiS	0	1	2550999	1698020	852979	328732	0	0	328732
# AF, Stats by non-reference allele frequency:
# AF	[2]id	[3]allele frequency	[4]number of SNPs	[5]number of transitions	[6]number of transversions	[7]number of indels	[8]repeat-consistent	[9]repeat-inconsistent	[10]not applicable
AF	0	0.000000	2550999	1698020	852979	328732	0	0	328732
# QUAL, Stats by quality:
# QUAL	[2]id	[3]Quality	[4]number of SNPs	[5]number of transitions (1st ALT)	[6]number of transversions (1st ALT)	[7]number of indels
QUAL	0	20	14608	10054	4554	2109
QUAL	0	21	16318	11116	5202	2186
QUAL	0	22	21134	14196	6938	2719
QUAL	0	23	14332	9685	4647	2107
QUAL	0	24	17654	12017	5637	2132
QUAL	0	25	19126	12830	6296	2516
QUAL	0	26	14579	9894	4685	1950
QUAL	0	27	17468	11677	5791	2024
QUAL	0	28	18727	12468	6259	2737
QUAL	0	29	15119	10321	4798	2082
QUAL	0	30	16060	10852	5208	1934
QUAL	0	31	18888	12681	6207	2693
QUAL	0	32	14816	10066	4750	1972
QUAL	0	33	16251	11037	5214	2014
QUAL	0	34	18540	12546	5994	2574
QUAL	0	35	14445	9904	4541	1793
QUAL	0	36	16289	10970	5319	1972
QUAL	0	37	19647	13256	6391	2474
QUAL	0	38	14072	9534	4538	1894
QUAL	0	39	15923	10754	5169	1748
QUAL	0	40	18081	12166	5915	2462
QUAL	0	41	14926	10191	4735	1724
QUAL	0	42	16392	11020	5372	1803
QUAL	0	43	15815	10698	5117	2396
QUAL	0	44	15768	10675	5093	1652
QUAL	0	45	15783	10676	5107	1776
QUAL	0	46	15229	10221	5008	2263
QUAL	0	47	14358	9672	4686	1602
QUAL	0	48	15172	10291	4881	1709
QUAL	0	49	15621	10501	5120	2059
QUAL	0	50	14123	9549	4574	1591
QUAL	0	51	15105	10210	4895	1695
QUAL	0	52	15119	10130	4989	2060
QUAL	0	53	14133	9572	4561	1635
QUAL	0	54	15062	9988	5074	1535
QUAL	0	55	14388	9799	4589	1930
QUAL	0	56	14409	9739	4670	1612
QUAL	0	57	15373	10390	4983	1510
QUAL	0	58	14287	9560	4727	1797
QUAL	0	59	14275	9690	4585	1570
QUAL	0	60	15092	10180	4912	1533
QUAL	0	61	14714	9886	4828	1731
QUAL	0	62	15810	10571	5239	1610
QUAL	0	63	13097	8753	4344	1483
QUAL	0	64	16343	10977	5366	1809
QUAL	0	65	13287	8962	4325	1587
QUAL	0	66	15085	10088	4997	1584
QUAL	0	67	13692	9269	4423	1521
QUAL	0	68	13217	8965	4252	1502
QUAL	0	69	14954	9941	5013	1625
QUAL	0	70	13179	8899	4280	1526
QUAL	0	71	13907	9320	4587	1586
QUAL	0	72	13807	9192	4615	1529
QUAL	0	73	13189	8828	4361	1470
QUAL	0	74	14517	9696	4821	1523
QUAL	0	75	13735	9160	4575	1436
QUAL	0	76	12979	8677	4302	1736
QUAL	0	77	13293	8912	4381	1322
QUAL	0	78	13678	9124	4554	1489
QUAL	0	79	12705	8511	4194	1701
QUAL	0	80	12718	8553	4165	1310
QUAL	0	81	13793	9255	4538	1541
QUAL	0	82	12073	8036	4037	1805
QUAL	0	83	13329	8985	4344	1419
QUAL	0	84	12892	8664	4228	1306
QUAL	0	85	12410	8258	4152	1846
QUAL	0	86	13333	8897	4436	1403
QUAL	0	87	11856	7925	3931	1250
QUAL	0	88	13243	8900	4343	1769
QUAL	0	89	12850	8538	4312	1316
QUAL	0	90	11350	7658	3692	1341
QUAL	0	91	13232	8784	4448	1723
QUAL	0	92	12395	8192	4203	1325
QUAL	0	93	12043	8087	3956	1222
QUAL	0	94	12014	7956	4058	1691
QUAL	0	95	12582	8364	4218	1245
QUAL	0	96	11579	7729	3850	1187
QUAL	0	97	12723	8534	4189	1559
QUAL	0	98	12039	8027	4012	1211
QUAL	0	99	11672	7787	3885	1209
QUAL	0	100	12917	8495	4422	1486
QUAL	0	101	11576	7604	3972	1235
QUAL	0	102	11819	7831	3988	1159
QUAL	0	103	11526	7618	3908	1452
QUAL	0	104	11208	7493	3715	1216
QUAL	0	105	11259	7545	3714	1138
QUAL	0	106	11375	7536	3839	1350
QUAL	0	107	11018	7356	3662	1149
QUAL	0	108	11624	7654	3970	1128
QUAL	0	109	10683	7121	3562	1353
QUAL	0	110	10447	6961	3486	1066
QUAL	0	111	10989	7203	3786	1190
QUAL	0	112	10672	7146	3526	1233
QUAL	0	113	10456	6934	3522	1118
QUAL	0	114	11134	7421	3713	1077
QUAL	0	115	10124	6701	3423	1226
QUAL	0	116	10724	7118	3606	1060
QUAL	0	117	11176	7392	3784	1148
QUAL	0	118	9861	6534	3327	1095
QUAL	0	119	11006	7399	3607	1165
QUAL	0	120	10025	6598	3427	1173
QUAL	0	121	10262	6839	3423	1088
QUAL	0	122	10533	7063	3470	1180
QUAL	0	123	9454	6298	3156	1116
QUAL	0	124	10198	6772	3426	1131
QUAL	0	125	10105	6680	3425	1112
QUAL	0	126	9945	6628	3317	1254
QUAL	0	127	10143	6799	3344	1054
QUAL	0	128	9003	6018	2985	1223
QUAL	0	129	10222	6845	3377	1188
QUAL	0	130	9532	6370	3162	952
QUAL	0	131	9613	6346	3267	1310
QUAL	0	132	9548	6374	3174	1099
QUAL	0	133	8971	5971	3000	1199
QUAL	0	134	9324	6187	3137	1049
QUAL	0	135	8906	5939	2967	1140
QUAL	0	136	9041	6039	3002	1143
QUAL	0	137	8550	5652	2898	1014
QUAL	0	138	8891	5962	2929	1112
QUAL	0	139	8740	5823	2917	1160
QUAL	0	140	8680	5824	2856	1008
QUAL	0	141	8871	5997	2874	1040
QUAL	0	142	8671	5789	2882	1067
QUAL	0	143	8717	5785	2932	1156
QUAL	0	144	8397	5545	2852	927
QUAL	0	145	8439	5653	2786	1154
QUAL	0	146	8895	5904	2991	990
QUAL	0	147	8407	5587	2820	920
QUAL	0	148	8443	5599	2844	985
QUAL	0	149	8406	5614	2792	917
QUAL	0	150	8169	5399	2770	897
QUAL	0	151	8333	5567	2766	1131
QUAL	0	152	8084	5411	2673	813
QUAL	0	153	8021	5356	2665	864
QUAL	0	154	8093	5325	2768	1071
QUAL	0	155	7718	5125	2593	873
QUAL	0	156	8094	5451	2643	846
QUAL	0	157	7424	5004	2420	903
QUAL	0	158	7886	5239	2647	833
QUAL	0	159	7492	4984	2508	861
QUAL	0	160	7242	4862	2380	893
QUAL	0	161	7709	5086	2623	804
QUAL	0	162	7126	4740	2386	927
QUAL	0	163	7773	5117	2656	764
QUAL	0	164	7267	4877	2390	841
QUAL	0	165	7449	4973	2476	936
QUAL	0	166	7380	4896	2484	834
QUAL	0	167	7181	4792	2389	806
QUAL	0	168	7557	5032	2525	926
QUAL	0	169	7105	4769	2336	968
QUAL	0	170	7073	4768	2305	741
QUAL	0	171	6961	4637	2324	908
QUAL	0	172	6716	4550	2166	964
QUAL	0	173	6747	4500	2247	785
QUAL	0	174	6878	4576	2302	1027
QUAL	0	175	6754	4514	2240	730
QUAL	0	176	6778	4507	2271	751
QUAL	0	177	6764	4570	2194	1027
QUAL	0	178	6624	4404	2220	712
QUAL	0	179	6520	4391	2129	859
QUAL	0	180	6812	4522	2290	908
QUAL	0	181	6457	4278	2179	724
QUAL	0	182	6561	4351	2210	838
QUAL	0	183	6213	4123	2090	853
QUAL	0	184	6304	4210	2094	659
QUAL	0	185	6222	4201	2021	880
QUAL	0	186	6209	4183	2026	742
QUAL	0	187	6177	4112	2065	711
QUAL	0	188	6354	4252	2102	953
QUAL	0	189	6217	4125	2092	666
QUAL	0	190	6128	4062	2066	767
QUAL	0	191	6220	4166	2054	787
QUAL	0	192	6105	3977	2128	682
QUAL	0	193	6092	4021	2071	737
QUAL	0	194	6022	3994	2028	631
QUAL	0	195	5886	3922	1964	696
QUAL	0	196	5755	3832	1923	722
QUAL	0	197	6085	4125	1960	659
QUAL	0	198	5998	3992	2006	745
QUAL	0	199	5945	3972	1973	690
QUAL	0	200	5935	3956	1979	605
QUAL	0	201	5741	3856	1885	719
QUAL	0	202	5501	3659	1842	692
QUAL	0	203	5656	3848	1808	800
QUAL	0	204	5665	3775	1890	590
QUAL	0	205	5515	3704	1811	715
QUAL	0	206	5737	3859	1878	763
QUAL	0	207	5651	3668	1983	589
QUAL	0	208	5416	3601	1815	654
QUAL	0	209	5410	3626	1784	768
QUAL	0	210	5599	3739	1860	656
QUAL	0	211	5381	3560	1821	530
QUAL	0	212	5506	3647	1859	762
QUAL	0	213	5261	3534	1727	628
QUAL	0	214	5537	3711	1826	13828
QUAL	0	215	5359	3522	1837	2054
QUAL	0	216	5276	3525	1751	1060
QUAL	0	217	5310	3567	1743	50134
QUAL	0	218	5129	3385	1744	1699
QUAL	0	219	5165	3457	1708	199
QUAL	0	220	4964	3316	1648	0
QUAL	0	221	199560	130751	68809	0
QUAL	0	222	107810	71948	35862	0
QUAL	0	223	4338	2888	1450	0
QUAL	0	224	3924	2625	1299	0
QUAL	0	225	96960	62712	34248	0
QUAL	0	226	730	492	238	0
# IDD, InDel distribution:
# IDD	[2]id	[3]length (deletions negative)	[4]number of sites	[5]number of genotypes	[6]mean VAF
IDD	0	-60	79	0	.
IDD	0	-59	1	0	.
IDD	0	-58	1	0	.
IDD	0	-57	2	0	.
IDD	0	-56	2	0	.
IDD	0	-55	1	0	.
IDD	0	-53	1	0	.
IDD	0	-52	20	0	.
IDD	0	-51	11	0	.
IDD	0	-50	18	0	.
IDD	0	-49	14	0	.
IDD	0	-48	14	0	.
IDD	0	-47	27	0	.
IDD	0	-46	32	0	.
IDD	0	-45	24	0	.
IDD	0	-44	40	0	.
IDD	0	-43	27	0	.
IDD	0	-42	41	0	.
IDD	0	-41	39	0	.
IDD	0	-40	60	0	.
IDD	0	-39	65	0	.
IDD	0	-38	77	0	.
IDD	0	-37	79	0	.
IDD	0	-36	101	0	.
IDD	0	-35	107	0	.
IDD	0	-34	118	0	.
IDD	0	-33	133	0	.
IDD	0	-32	179	0	.
IDD	0	-31	155	0	.
IDD	0	-30	223	0	.
IDD	0	-29	204	0	.
IDD	0	-28	239	0	.
IDD	0	-27	290	0	.
IDD	0	-26	377	0	.
IDD	0	-25	282	0	.
IDD	0	-24	475	0	.
IDD	0	-23	397	0	.
IDD	0	-22	904	0	.
IDD	0	-21	634	0	.
IDD	0	-20	885	0	.
IDD	0	-19	615	0	.
IDD	0	-18	1299	0	.
IDD	0	-17	837	0	.
IDD	0	-16	1640	0	.
IDD	0	-15	1447	0	.
IDD	0	-14	2283	0	.
IDD	0	-13	1596	0	.
IDD	0	-12	3763	0	.
IDD	0	-11	2413	0	.
IDD	0	-10	4817	0	.
IDD	0	-9	3510	0	.
IDD	0	-8	6651	0	.
IDD	0	-7	4727	0	.
IDD	0	-6	10427	0	.
IDD	0	-5	6746	0	.
IDD	0	-4	16402	0	.
IDD	0	-3	14452	0	.
IDD	0	-2	27190	0	.
IDD	0	-1	52597	0	.
IDD	0	1	64623	0	.
IDD	0	2	26697	0	.
IDD	0	3	13247	0	.
IDD	0	4	14417	0	.
IDD	0	5	4728	0	.
IDD	0	6	8036	0	.
IDD	0	7	3587	0	.
IDD	0	8	4591	0	.
IDD	0	9	2291	0	.
IDD	0	10	3012	0	.
IDD	0	11	1503	0	.
IDD	0	12	2431	0	.
IDD	0	13	1003	0	.
IDD	0	14	1419	0	.
IDD	0	15	910	0	.
IDD	0	16	853	0	.
IDD	0	17	578	0	.
IDD	0	18	821	0	.
IDD	0	19	459	0	.
IDD	0	20	534	0	.
IDD	0	21	539	0	.
IDD	0	22	587	0	.
IDD	0	23	282	0	.
IDD	0	24	318	0	.
IDD	0	25	227	0	.
IDD	0	26	201	0	.
IDD	0	27	186	0	.
IDD	0	28	144	0	.
IDD	0	29	125	0	.
IDD	0	30	130	0	.
IDD	0	31	82	0	.
IDD	0	32	85	0	.
IDD	0	33	73	0	.
IDD	0	34	46	0	.
IDD	0	35	43	0	.
IDD	0	36	38	0	.
IDD	0	37	20	0	.
IDD	0	38	24	0	.
IDD	0	39	20	0	.
IDD	0	40	14	0	.
IDD	0	41	10	0	.
IDD	0	42	3	0	.
IDD	0	43	2	0	.
IDD	0	45	1	0	.
IDD	0	60	2	0	.
# ST, Substitution types:
# ST	[2]id	[3]type	[4]count
ST	0	A>C	100840
ST	0	A>G	399855
ST	0	A>T	141553
ST	0	C>A	117840
ST	0	C>G	65971
ST	0	C>T	448802
ST	0	G>A	448855
ST	0	G>C	66121
ST	0	G>T	117962
ST	0	T>A	141626
ST	0	T>C	400508
ST	0	T>G	101066
# DP, Depth distribution
# DP	[2]id	[3]bin	[4]number of genotypes	[5]fraction of genotypes (%)	[6]number of sites	[7]fraction of sites (%)
DP	0	0	0	0.000000	141290	0.039114
DP	0	1	0	0.000000	7654402	2.119017
DP	0	2	0	0.000000	7776072	2.152700
DP	0	3	0	0.000000	8455926	2.340909
DP	0	4	0	0.000000	9281222	2.569381
DP	0	5	0	0.000000	10136916	2.806268
DP	0	6	0	0.000000	10929008	3.025548
DP	0	7	0	0.000000	11656723	3.227006
DP	0	8	0	0.000000	12382246	3.427857
DP	0	9	0	0.000000	13170749	3.646143
DP	0	10	0	0.000000	14001861	3.876225
DP	0	11	0	0.000000	14929432	4.133011
DP	0	12	0	0.000000	15985749	4.425438
DP	0	13	0	0.000000	17004129	4.707363
DP	0	14	0	0.000000	17927685	4.963037
DP	0	15	0	0.000000	18501631	5.121926
DP	0	16	0	0.000000	18724572	5.183644
DP	0	17	0	0.000000	18494627	5.119987
DP	0	18	0	0.000000	17705144	4.901429
DP	0	19	0	0.000000	16515930	4.572211
DP	0	20	0	0.000000	14995509	4.151303
DP	0	21	0	0.000000	13253627	3.669087
DP	0	22	0	0.000000	11450724	3.169978
DP	0	23	0	0.000000	9674700	2.678310
DP	0	24	0	0.000000	8021877	2.220748
DP	0	25	0	0.000000	6557976	1.815487
DP	0	26	0	0.000000	5302538	1.467936
DP	0	27	0	0.000000	4268456	1.181664
DP	0	28	0	0.000000	3441166	0.952640
DP	0	29	0	0.000000	2780966	0.769873
DP	0	30	0	0.000000	2263043	0.626493
DP	0	31	0	0.000000	1870310	0.517770
DP	0	32	0	0.000000	1568573	0.434238
DP	0	33	0	0.000000	1330366	0.368294
DP	0	34	0	0.000000	1143316	0.316512
DP	0	35	0	0.000000	996602	0.275896
DP	0	36	0	0.000000	877761	0.242996
DP	0	37	0	0.000000	778351	0.215476
DP	0	38	0	0.000000	692262	0.191643
DP	0	39	0	0.000000	621483	0.172049
DP	0	40	0	0.000000	561657	0.155487
DP	0	41	0	0.000000	504216	0.139585
DP	0	42	0	0.000000	458796	0.127011
DP	0	43	0	0.000000	416712	0.115361
DP	0	44	0	0.000000	380465	0.105327
DP	0	45	0	0.000000	346961	0.096051
DP	0	46	0	0.000000	317984	0.088030
DP	0	47	0	0.000000	290851	0.080518
DP	0	48	0	0.000000	264861	0.073323
DP	0	49	0	0.000000	244706	0.067744
DP	0	50	0	0.000000	224568	0.062169
DP	0	51	0	0.000000	208427	0.057700
DP	0	52	0	0.000000	190419	0.052715
DP	0	53	0	0.000000	175408	0.048559
DP	0	54	0	0.000000	162001	0.044848
DP	0	55	0	0.000000	149266	0.041322
DP	0	56	0	0.000000	139614	0.038650
DP	0	57	0	0.000000	128908	0.035686
DP	0	58	0	0.000000	119243	0.033011
DP	0	59	0	0.000000	111154	0.030771
DP	0	60	0	0.000000	102993	0.028512
DP	0	61	0	0.000000	95700	0.026493
DP	0	62	0	0.000000	89140	0.024677
DP	0	63	0	0.000000	83142	0.023017
DP	0	64	0	0.000000	77478	0.021449
DP	0	65	0	0.000000	72324	0.020022
DP	0	66	0	0.000000	66972	0.018540
DP	0	67	0	0.000000	62644	0.017342
DP	0	68	0	0.000000	58198	0.016111
DP	0	69	0	0.000000	54427	0.015067
DP	0	70	0	0.000000	51246	0.014187
DP	0	71	0	0.000000	46944	0.012996
DP	0	72	0	0.000000	45367	0.012559
DP	0	73	0	0.000000	42757	0.011837
DP	0	74	0	0.000000	40137	0.011111
DP	0	75	0	0.000000	37786	0.010461
DP	0	76	0	0.000000	34511	0.009554
DP	0	77	0	0.000000	32768	0.009071
DP	0	78	0	0.000000	30761	0.008516
DP	0	79	0	0.000000	29384	0.008135
DP	0	80	0	0.000000	27543	0.007625
DP	0	81	0	0.000000	26033	0.007207
DP	0	82	0	0.000000	25036	0.006931
DP	0	83	0	0.000000	23571	0.006525
DP	0	84	0	0.000000	21800	0.006035
DP	0	85	0	0.000000	21312	0.005900
DP	0	86	0	0.000000	20403	0.005648
DP	0	87	0	0.000000	18744	0.005189
DP	0	88	0	0.000000	18070	0.005002
DP	0	89	0	0.000000	17536	0.004855
DP	0	90	0	0.000000	16724	0.004630
DP	0	91	0	0.000000	15376	0.004257
DP	0	92	0	0.000000	14698	0.004069
DP	0	93	0	0.000000	14360	0.003975
DP	0	94	0	0.000000	13777	0.003814
DP	0	95	0	0.000000	13080	0.003621
DP	0	96	0	0.000000	12903	0.003572
DP	0	97	0	0.000000	11885	0.003290
DP	0	98	0	0.000000	11625	0.003218
DP	0	99	0	0.000000	11202	0.003101
DP	0	100	0	0.000000	10864	0.003008
DP	0	101	0	0.000000	10288	0.002848
DP	0	102	0	0.000000	10152	0.002810
DP	0	103	0	0.000000	9793	0.002711
DP	0	104	0	0.000000	9139	0.002530
DP	0	105	0	0.000000	8811	0.002439
DP	0	106	0	0.000000	8433	0.002335
DP	0	107	0	0.000000	8238	0.002281
DP	0	108	0	0.000000	7847	0.002172
DP	0	109	0	0.000000	7697	0.002131
DP	0	110	0	0.000000	7421	0.002054
DP	0	111	0	0.000000	7073	0.001958
DP	0	112	0	0.000000	6522	0.001806
DP	0	113	0	0.000000	6387	0.001768
DP	0	114	0	0.000000	6060	0.001678
DP	0	115	0	0.000000	5785	0.001601
DP	0	116	0	0.000000	5732	0.001587
DP	0	117	0	0.000000	5475	0.001516
DP	0	118	0	0.000000	5220	0.001445
DP	0	119	0	0.000000	5089	0.001409
DP	0	120	0	0.000000	4965	0.001374
DP	0	121	0	0.000000	4861	0.001346
DP	0	122	0	0.000000	4696	0.001300
DP	0	123	0	0.000000	4658	0.001290
DP	0	124	0	0.000000	4618	0.001278
DP	0	125	0	0.000000	4500	0.001246
DP	0	126	0	0.000000	4534	0.001255
DP	0	127	0	0.000000	4327	0.001198
DP	0	128	0	0.000000	4190	0.001160
DP	0	129	0	0.000000	3858	0.001068
DP	0	130	0	0.000000	3820	0.001058
DP	0	131	0	0.000000	3744	0.001036
DP	0	132	0	0.000000	3568	0.000988
DP	0	133	0	0.000000	3492	0.000967
DP	0	134	0	0.000000	3377	0.000935
DP	0	135	0	0.000000	3401	0.000942
DP	0	136	0	0.000000	3477	0.000963
DP	0	137	0	0.000000	3331	0.000922
DP	0	138	0	0.000000	3382	0.000936
DP	0	139	0	0.000000	3128	0.000866
DP	0	140	0	0.000000	3339	0.000924
DP	0	141	0	0.000000	3198	0.000885
DP	0	142	0	0.000000	3215	0.000890
DP	0	143	0	0.000000	3111	0.000861
DP	0	144	0	0.000000	3097	0.000857
DP	0	145	0	0.000000	3136	0.000868
DP	0	146	0	0.000000	2906	0.000804
DP	0	147	0	0.000000	2994	0.000829
DP	0	148	0	0.000000	2845	0.000788
DP	0	149	0	0.000000	2896	0.000802
DP	0	150	0	0.000000	2857	0.000791
DP	0	151	0	0.000000	2788	0.000772
DP	0	152	0	0.000000	2644	0.000732
DP	0	153	0	0.000000	2698	0.000747
DP	0	154	0	0.000000	2632	0.000729
DP	0	155	0	0.000000	2688	0.000744
DP	0	156	0	0.000000	2765	0.000765
DP	0	157	0	0.000000	2523	0.000698
DP	0	158	0	0.000000	2597	0.000719
DP	0	159	0	0.000000	2510	0.000695
DP	0	160	0	0.000000	2364	0.000654
DP	0	161	0	0.000000	2348	0.000650
DP	0	162	0	0.000000	2501	0.000692
DP	0	163	0	0.000000	2357	0.000653
DP	0	164	0	0.000000	2391	0.000662
DP	0	165	0	0.000000	2305	0.000638
DP	0	166	0	0.000000	2504	0.000693
DP	0	167	0	0.000000	2303	0.000638
DP	0	168	0	0.000000	2196	0.000608
DP	0	169	0	0.000000	2353	0.000651
DP	0	170	0	0.000000	2196	0.000608
DP	0	171	0	0.000000	2239	0.000620
DP	0	172	0	0.000000	2217	0.000614
DP	0	173	0	0.000000	2207	0.000611
DP	0	174	0	0.000000	2248	0.000622
DP	0	175	0	0.000000	2191	0.000607
DP	0	176	0	0.000000	2036	0.000564
DP	0	177	0	0.000000	2023	0.000560
DP	0	178	0	0.000000	2148	0.000595
DP	0	179	0	0.000000	2088	0.000578
DP	0	180	0	0.000000	1945	0.000538
DP	0	181	0	0.000000	1876	0.000519
DP	0	182	0	0.000000	1914	0.000530
DP	0	183	0	0.000000	1987	0.000550
DP	0	184	0	0.000000	1939	0.000537
DP	0	185	0	0.000000	2012	0.000557
DP	0	186	0	0.000000	1926	0.000533
DP	0	187	0	0.000000	1937	0.000536
DP	0	188	0	0.000000	1851	0.000512
DP	0	189	0	0.000000	1837	0.000509
DP	0	190	0	0.000000	1824	0.000505
DP	0	191	0	0.000000	1799	0.000498
DP	0	192	0	0.000000	1934	0.000535
DP	0	193	0	0.000000	1970	0.000545
DP	0	194	0	0.000000	1939	0.000537
DP	0	195	0	0.000000	1850	0.000512
DP	0	196	0	0.000000	1988	0.000550
DP	0	197	0	0.000000	1891	0.000523
DP	0	198	0	0.000000	1853	0.000513
DP	0	199	0	0.000000	1977	0.000547
DP	0	200	0	0.000000	1826	0.000506
DP	0	201	0	0.000000	1916	0.000530
DP	0	202	0	0.000000	1880	0.000520
DP	0	203	0	0.000000	1908	0.000528
DP	0	204	0	0.000000	1970	0.000545
DP	0	205	0	0.000000	1916	0.000530
DP	0	206	0	0.000000	1861	0.000515
DP	0	207	0	0.000000	1927	0.000533
DP	0	208	0	0.000000	1964	0.000544
DP	0	209	0	0.000000	2057	0.000569
DP	0	210	0	0.000000	1993	0.000552
DP	0	211	0	0.000000	2060	0.000570
DP	0	212	0	0.000000	2157	0.000597
DP	0	213	0	0.000000	2159	0.000598
DP	0	214	0	0.000000	2144	0.000594
DP	0	215	0	0.000000	2204	0.000610
DP	0	216	0	0.000000	2124	0.000588
DP	0	217	0	0.000000	2242	0.000621
DP	0	218	0	0.000000	2164	0.000599
DP	0	219	0	0.000000	2163	0.000599
DP	0	220	0	0.000000	2212	0.000612
DP	0	221	0	0.000000	2222	0.000615
DP	0	222	0	0.000000	2259	0.000625
DP	0	223	0	0.000000	2282	0.000632
DP	0	224	0	0.000000	2323	0.000643
DP	0	225	0	0.000000	2393	0.000662
DP	0	226	0	0.000000	2396	0.000663
DP	0	227	0	0.000000	2440	0.000675
DP	0	228	0	0.000000	2628	0.000728
DP	0	229	0	0.000000	2599	0.000719
DP	0	230	0	0.000000	2638	0.000730
DP	0	231	0	0.000000	2707	0.000749
DP	0	232	0	0.000000	2741	0.000759
DP	0	233	0	0.000000	2955	0.000818
DP	0	234	0	0.000000	3014	0.000834
DP	0	235	0	0.000000	3094	0.000857
DP	0	236	0	0.000000	3331	0.000922
DP	0	237	0	0.000000	3418	0.000946
DP	0	238	0	0.000000	3579	0.000991
DP	0	239	0	0.000000	3805	0.001053
DP	0	240	0	0.000000	4167	0.001154
DP	0	241	0	0.000000	4535	0.001255
DP	0	242	0	0.000000	4916	0.001361
DP	0	243	0	0.000000	5975	0.001654
DP	0	244	0	0.000000	7295	0.002020
DP	0	245	0	0.000000	9620	0.002663
DP	0	246	0	0.000000	13328	0.003690
DP	0	247	0	0.000000	21130	0.005850
DP	0	248	0	0.000000	39037	0.010807
DP	0	249	0	0.000000	82142	0.022740
DP	0	250	0	0.000000	77182	0.021367
DP	0	251	0	0.000000	42668	0.011812
DP	0	252	0	0.000000	24893	0.006891
DP	0	253	0	0.000000	16276	0.004506
DP	0	254	0	0.000000	12242	0.003389
DP	0	255	0	0.000000	10222	0.002830
DP	0	256	0	0.000000	9068	0.002510
DP	0	257	0	0.000000	8104	0.002243
DP	0	258	0	0.000000	7527	0.002084
DP	0	259	0	0.000000	7168	0.001984
DP	0	260	0	0.000000	6617	0.001832
DP	0	261	0	0.000000	6382	0.001767
DP	0	262	0	0.000000	6048	0.001674
DP	0	263	0	0.000000	5727	0.001585
DP	0	264	0	0.000000	5498	0.001522
DP	0	265	0	0.000000	5431	0.001503
DP	0	266	0	0.000000	5287	0.001464
DP	0	267	0	0.000000	5226	0.001447
DP	0	268	0	0.000000	5034	0.001394
DP	0	269	0	0.000000	4882	0.001352
DP	0	270	0	0.000000	4700	0.001301
DP	0	271	0	0.000000	4520	0.001251
DP	0	272	0	0.000000	4372	0.001210
DP	0	273	0	0.000000	4194	0.001161
DP	0	274	0	0.000000	3965	0.001098
DP	0	275	0	0.000000	3745	0.001037
DP	0	276	0	0.000000	3684	0.001020
DP	0	277	0	0.000000	3547	0.000982
DP	0	278	0	0.000000	3429	0.000949
DP	0	279	0	0.000000	3130	0.000866
DP	0	280	0	0.000000	2763	0.000765
DP	0	281	0	0.000000	2516	0.000697
DP	0	282	0	0.000000	2506	0.000694
DP	0	283	0	0.000000	2403	0.000665
DP	0	284	0	0.000000	2275	0.000630
DP	0	285	0	0.000000	2223	0.000615
DP	0	286	0	0.000000	1990	0.000551
DP	0	287	0	0.000000	1846	0.000511
DP	0	288	0	0.000000	1810	0.000501
DP	0	289	0	0.000000	1811	0.000501
DP	0	290	0	0.000000	1762	0.000488
DP	0	291	0	0.000000	1749	0.000484
DP	0	292	0	0.000000	1734	0.000480
DP	0	293	0	0.000000	1692	0.000468
DP	0	294	0	0.000000	1585	0.000439
DP	0	295	0	0.000000	1521	0.000421
DP	0	296	0	0.000000	1529	0.000423
DP	0	297	0	0.000000	1546	0.000428
DP	0	298	0	0.000000	1455	0.000403
DP	0	299	0	0.000000	1413	0.000391
DP	0	300	0	0.000000	1448	0.000401
DP	0	301	0	0.000000	1417	0.000392
DP	0	302	0	0.000000	1368	0.000379
DP	0	303	0	0.000000	1360	0.000376
DP	0	304	0	0.000000	1322	0.000366
DP	0	305	0	0.000000	1266	0.000350
DP	0	306	0	0.000000	1218	0.000337
DP	0	307	0	0.000000	1198	0.000332
DP	0	308	0	0.000000	1146	0.000317
DP	0	309	0	0.000000	1041	0.000288
DP	0	310	0	0.000000	991	0.000274
DP	0	311	0	0.000000	949	0.000263
DP	0	312	0	0.000000	938	0.000260
DP	0	313	0	0.000000	994	0.000275
DP	0	314	0	0.000000	922	0.000255
DP	0	315	0	0.000000	916	0.000254
DP	0	316	0	0.000000	955	0.000264
DP	0	317	0	0.000000	871	0.000241
DP	0	318	0	0.000000	933	0.000258
DP	0	319	0	0.000000	890	0.000246
DP	0	320	0	0.000000	893	0.000247
DP	0	321	0	0.000000	807	0.000223
DP	0	322	0	0.000000	720	0.000199
DP	0	323	0	0.000000	749	0.000207
DP	0	324	0	0.000000	733	0.000203
DP	0	325	0	0.000000	703	0.000195
DP	0	326	0	0.000000	724	0.000200
DP	0	327	0	0.000000	613	0.000170
DP	0	328	0	0.000000	617	0.000171
DP	0	329	0	0.000000	601	0.000166
DP	0	330	0	0.000000	614	0.000170
DP	0	331	0	0.000000	558	0.000154
DP	0	332	0	0.000000	527	0.000146
DP	0	333	0	0.000000	532	0.000147
DP	0	334	0	0.000000	517	0.000143
DP	0	335	0	0.000000	524	0.000145
DP	0	336	0	0.000000	489	0.000135
DP	0	337	0	0.000000	454	0.000126
DP	0	338	0	0.000000	475	0.000131
DP	0	339	0	0.000000	428	0.000118
DP	0	340	0	0.000000	417	0.000115
DP	0	341	0	0.000000	402	0.000111
DP	0	342	0	0.000000	405	0.000112
DP	0	343	0	0.000000	420	0.000116
DP	0	344	0	0.000000	418	0.000116
DP	0	345	0	0.000000	402	0.000111
DP	0	346	0	0.000000	401	0.000111
DP	0	347	0	0.000000	374	0.000104
DP	0	348	0	0.000000	379	0.000105
DP	0	349	0	0.000000	354	0.000098
DP	0	350	0	0.000000	320	0.000089
DP	0	351	0	0.000000	298	0.000082
DP	0	352	0	0.000000	268	0.000074
DP	0	353	0	0.000000	257	0.000071
DP	0	354	0	0.000000	226	0.000063
DP	0	355	0	0.000000	249	0.000069
DP	0	356	0	0.000000	216	0.000060
DP	0	357	0	0.000000	211	0.000058
DP	0	358	0	0.000000	199	0.000055
DP	0	359	0	0.000000	176	0.000049
DP	0	360	0	0.000000	191	0.000053
DP	0	361	0	0.000000	180	0.000050
DP	0	362	0	0.000000	165	0.000046
DP	0	363	0	0.000000	161	0.000045
DP	0	364	0	0.000000	140	0.000039
DP	0	365	0	0.000000	135	0.000037
DP	0	366	0	0.000000	139	0.000038
DP	0	367	0	0.000000	132	0.000037
DP	0	368	0	0.000000	95	0.000026
DP	0	369	0	0.000000	91	0.000025
DP	0	370	0	0.000000	88	0.000024
DP	0	371	0	0.000000	89	0.000025
DP	0	372	0	0.000000	76	0.000021
DP	0	373	0	0.000000	62	0.000017
DP	0	374	0	0.000000	50	0.000014
DP	0	375	0	0.000000	51	0.000014
DP	0	376	0	0.000000	49	0.000014
DP	0	377	0	0.000000	50	0.000014
DP	0	378	0	0.000000	48	0.000013
DP	0	379	0	0.000000	43	0.000012
DP	0	380	0	0.000000	46	0.000013
DP	0	381	0	0.000000	28	0.000008
DP	0	382	0	0.000000	31	0.000009
DP	0	383	0	0.000000	24	0.000007
DP	0	384	0	0.000000	20	0.000006
DP	0	385	0	0.000000	13	0.000004
DP	0	386	0	0.000000	10	0.000003
DP	0	387	0	0.000000	12	0.000003
DP	0	388	0	0.000000	5	0.000001
DP	0	389	0	0.000000	3	0.000001
DP	0	390	0	0.000000	2	0.000001
DP	0	391	0	0.000000	2	0.000001
DP	0	392	0	0.000000	2	0.000001
