# This file was produced by bcftools stats (1.10.2+htslib-1.10.2) and can be plotted using plot-vcfstats.
# The command line was:	bcftools stats  /ufrc/lee/braskey/Data/WGS/ALT_aln_filtered.vcf
#
# Definition of sets:
# ID	[2]id	[3]tab-separated file names
ID	0	/ufrc/lee/braskey/Data/WGS/ALT_aln_filtered.vcf
# SN, Summary numbers:
#   number of records   .. number of data rows in the VCF
#   number of no-ALTs   .. reference-only sites, ALT is either "." or identical to REF
#   number of SNPs      .. number of rows with a SNP
#   number of MNPs      .. number of rows with a MNP, such as CC>TT
#   number of indels    .. number of rows with an indel
#   number of others    .. number of rows with other type, for example a symbolic allele or
#                          a complex substitution, such as ACT>TCGA
#   number of multiallelic sites     .. number of rows with multiple alternate alleles
#   number of multiallelic SNP sites .. number of rows with multiple alternate alleles, all SNPs
# 
#   Note that rows containing multiple types will be counted multiple times, in each
#   counter. For example, a row with a SNP and an indel increments both the SNP and
#   the indel counter.
# 
# SN	[2]id	[3]key	[4]value
SN	0	number of samples:	1
SN	0	number of records:	66009518
SN	0	number of no-ALTs:	61385438
SN	0	number of SNPs:	4624080
SN	0	number of MNPs:	0
SN	0	number of indels:	0
SN	0	number of others:	0
SN	0	number of multiallelic sites:	42486
SN	0	number of multiallelic SNP sites:	42486
# TSTV, transitions/transversions:
# TSTV	[2]id	[3]ts	[4]tv	[5]ts/tv	[6]ts (1st ALT)	[7]tv (1st ALT)	[8]ts/tv (1st ALT)
TSTV	0	2590686	2077455	1.25	2579908	2044172	1.26
# SiS, Singleton stats:
# SiS	[2]id	[3]allele count	[4]number of SNPs	[5]number of transitions	[6]number of transversions	[7]number of indels	[8]repeat-consistent	[9]repeat-inconsistent	[10]not applicable
SiS	0	1	4668141	2590686	2077455	0	0	0	0
# AF, Stats by non-reference allele frequency:
# AF	[2]id	[3]allele frequency	[4]number of SNPs	[5]number of transitions	[6]number of transversions	[7]number of indels	[8]repeat-consistent	[9]repeat-inconsistent	[10]not applicable
AF	0	0.000000	4668141	2590686	2077455	0	0	0	0
# QUAL, Stats by quality:
# QUAL	[2]id	[3]Quality	[4]number of SNPs	[5]number of transitions (1st ALT)	[6]number of transversions (1st ALT)	[7]number of indels
QUAL	0	3	25132	14181	10951	0
QUAL	0	4	32607	18475	14132	0
QUAL	0	5	15288	8648	6640	0
QUAL	0	6	26976	15300	11676	0
QUAL	0	7	14533	7934	6599	0
QUAL	0	8	10116	5718	4398	0
QUAL	0	9	10152	5712	4440	0
QUAL	0	10	8804	4889	3915	0
QUAL	0	11	8637	4843	3794	0
QUAL	0	12	8696	4865	3831	0
QUAL	0	13	7643	4324	3319	0
QUAL	0	14	7795	4473	3322	0
QUAL	0	15	8371	4653	3718	0
QUAL	0	16	7391	4127	3264	0
QUAL	0	17	7018	3987	3031	0
QUAL	0	18	7228	4119	3109	0
QUAL	0	19	7411	4248	3163	0
QUAL	0	20	7232	4058	3174	0
QUAL	0	21	7195	4005	3190	0
QUAL	0	22	6844	3848	2996	0
QUAL	0	23	7228	3990	3238	0
QUAL	0	24	7108	3942	3166	0
QUAL	0	25	7305	4111	3194	0
QUAL	0	26	6944	3908	3036	0
QUAL	0	27	6597	3704	2893	0
QUAL	0	28	6483	3545	2938	0
QUAL	0	29	6635	3686	2949	0
QUAL	0	30	6554	3755	2799	0
QUAL	0	31	8242	4711	3531	0
QUAL	0	32	6655	3766	2889	0
QUAL	0	33	6439	3588	2851	0
QUAL	0	34	6341	3598	2743	0
QUAL	0	35	7003	3730	3273	0
QUAL	0	36	6815	3830	2985	0
QUAL	0	37	6349	3542	2807	0
QUAL	0	38	6417	3624	2793	0
QUAL	0	39	6568	3644	2924	0
QUAL	0	40	6356	3522	2834	0
QUAL	0	41	6727	3712	3015	0
QUAL	0	42	6583	3623	2960	0
QUAL	0	43	6295	3606	2689	0
QUAL	0	44	6652	3747	2905	0
QUAL	0	45	6148	3461	2687	0
QUAL	0	46	6291	3502	2789	0
QUAL	0	47	6378	3524	2854	0
QUAL	0	48	6207	3445	2762	0
QUAL	0	49	6079	3388	2691	0
QUAL	0	50	6093	3459	2634	0
QUAL	0	51	6078	3373	2705	0
QUAL	0	52	6337	3512	2825	0
QUAL	0	53	5964	3335	2629	0
QUAL	0	54	6190	3445	2745	0
QUAL	0	55	6162	3385	2777	0
QUAL	0	56	6196	3441	2755	0
QUAL	0	57	6269	3431	2838	0
QUAL	0	58	6284	3456	2828	0
QUAL	0	59	6636	3739	2897	0
QUAL	0	60	6198	3426	2772	0
QUAL	0	61	6036	3313	2723	0
QUAL	0	62	6151	3376	2775	0
QUAL	0	63	6518	3625	2893	0
QUAL	0	64	6117	3421	2696	0
QUAL	0	65	6433	3464	2969	0
QUAL	0	66	6367	3520	2847	0
QUAL	0	67	6114	3400	2714	0
QUAL	0	68	6637	3681	2956	0
QUAL	0	69	6336	3573	2763	0
QUAL	0	70	6437	3602	2835	0
QUAL	0	71	6297	3532	2765	0
QUAL	0	72	6556	3576	2980	0
QUAL	0	73	6592	3615	2977	0
QUAL	0	74	6224	3449	2775	0
QUAL	0	75	6522	3571	2951	0
QUAL	0	76	6710	3808	2902	0
QUAL	0	77	6569	3566	3003	0
QUAL	0	78	6566	3649	2917	0
QUAL	0	79	6474	3578	2896	0
QUAL	0	80	7038	3815	3223	0
QUAL	0	81	6493	3501	2992	0
QUAL	0	82	6447	3578	2869	0
QUAL	0	83	6415	3611	2804	0
QUAL	0	84	6592	3563	3029	0
QUAL	0	85	6454	3607	2847	0
QUAL	0	86	6743	3678	3065	0
QUAL	0	87	6770	3697	3073	0
QUAL	0	88	6900	3854	3046	0
QUAL	0	89	6726	3671	3055	0
QUAL	0	90	6711	3676	3035	0
QUAL	0	91	6624	3629	2995	0
QUAL	0	92	6624	3662	2962	0
QUAL	0	93	7090	3890	3200	0
QUAL	0	94	6736	3734	3002	0
QUAL	0	95	7058	3856	3202	0
QUAL	0	96	6711	3701	3010	0
QUAL	0	97	6867	3766	3101	0
QUAL	0	98	6759	3733	3026	0
QUAL	0	99	6824	3787	3037	0
QUAL	0	100	6546	3626	2920	0
QUAL	0	101	6889	3776	3113	0
QUAL	0	102	6950	3826	3124	0
QUAL	0	103	6591	3603	2988	0
QUAL	0	104	6831	3756	3075	0
QUAL	0	105	6749	3688	3061	0
QUAL	0	106	7035	3882	3153	0
QUAL	0	107	6859	3721	3138	0
QUAL	0	108	6894	3820	3074	0
QUAL	0	109	6717	3759	2958	0
QUAL	0	110	7137	3903	3234	0
QUAL	0	111	6781	3721	3060	0
QUAL	0	112	6607	3634	2973	0
QUAL	0	113	7066	3860	3206	0
QUAL	0	114	6839	3743	3096	0
QUAL	0	115	6921	3765	3156	0
QUAL	0	116	7503	4119	3384	0
QUAL	0	117	6603	3565	3038	0
QUAL	0	118	6679	3606	3073	0
QUAL	0	119	7098	3820	3278	0
QUAL	0	120	6589	3535	3054	0
QUAL	0	121	7672	4127	3545	0
QUAL	0	122	7038	3708	3330	0
QUAL	0	123	6702	3664	3038	0
QUAL	0	124	6696	3717	2979	0
QUAL	0	125	6796	3699	3097	0
QUAL	0	126	8762	4703	4059	0
QUAL	0	127	6970	3737	3233	0
QUAL	0	128	6899	3719	3180	0
QUAL	0	129	12258	6435	5823	0
QUAL	0	130	7156	3934	3222	0
QUAL	0	131	6416	3490	2926	0
QUAL	0	132	6742	3593	3149	0
QUAL	0	133	6609	3547	3062	0
QUAL	0	134	8187	4443	3744	0
QUAL	0	135	6584	3597	2987	0
QUAL	0	136	6856	3710	3146	0
QUAL	0	137	11550	6094	5456	0
QUAL	0	138	6531	3605	2926	0
QUAL	0	139	6590	3561	3029	0
QUAL	0	140	8582	4524	4058	0
QUAL	0	141	6573	3525	3048	0
QUAL	0	142	11842	6070	5772	0
QUAL	0	143	6520	3531	2989	0
QUAL	0	144	7052	3801	3251	0
QUAL	0	145	8776	4585	4191	0
QUAL	0	146	7121	3709	3412	0
QUAL	0	147	11742	6159	5583	0
QUAL	0	148	7083	3841	3242	0
QUAL	0	149	9687	5136	4551	0
QUAL	0	150	7625	4096	3529	0
QUAL	0	151	13071	6734	6337	0
QUAL	0	152	8138	4383	3755	0
QUAL	0	153	10975	5816	5159	0
QUAL	0	154	9869	5138	4731	0
QUAL	0	155	11911	6305	5606	0
QUAL	0	156	9865	5192	4673	0
QUAL	0	157	11713	6146	5567	0
QUAL	0	158	11192	5910	5282	0
QUAL	0	159	10246	5376	4870	0
QUAL	0	160	12933	6767	6166	0
QUAL	0	161	14704	7763	6941	0
QUAL	0	162	13975	7243	6732	0
QUAL	0	163	12106	6279	5827	0
QUAL	0	164	9865	5198	4667	0
QUAL	0	165	6748	3696	3052	0
QUAL	0	166	6070	3208	2862	0
QUAL	0	167	5606	3000	2606	0
QUAL	0	168	5916	3150	2766	0
QUAL	0	169	5426	2894	2532	0
QUAL	0	170	5540	2940	2600	0
QUAL	0	171	5991	3228	2763	0
QUAL	0	172	6208	3293	2915	0
QUAL	0	173	5334	2957	2377	0
QUAL	0	174	6659	3572	3087	0
QUAL	0	175	6449	3365	3084	0
QUAL	0	176	6003	3213	2790	0
QUAL	0	177	5394	2848	2546	0
QUAL	0	178	5880	3221	2659	0
QUAL	0	179	6282	3437	2845	0
QUAL	0	180	6477	3437	3040	0
QUAL	0	181	5968	3317	2651	0
QUAL	0	182	7096	3839	3257	0
QUAL	0	183	6145	3213	2932	0
QUAL	0	184	7390	3931	3459	0
QUAL	0	185	7306	3874	3432	0
QUAL	0	186	7557	4047	3510	0
QUAL	0	187	6856	3659	3197	0
QUAL	0	188	7751	4124	3627	0
QUAL	0	189	6135	3224	2911	0
QUAL	0	190	5891	3158	2733	0
QUAL	0	191	7453	3922	3531	0
QUAL	0	192	7949	4280	3669	0
QUAL	0	193	7413	3898	3515	0
QUAL	0	194	9766	5193	4573	0
QUAL	0	195	5949	3219	2730	0
QUAL	0	196	5920	3204	2716	0
QUAL	0	197	5779	3136	2643	0
QUAL	0	198	5688	3044	2644	0
QUAL	0	199	6217	3392	2825	0
QUAL	0	200	6040	3222	2818	0
QUAL	0	201	7256	3912	3344	0
QUAL	0	202	5789	3098	2691	0
QUAL	0	203	6927	3717	3210	0
QUAL	0	204	7199	3873	3326	0
QUAL	0	205	7267	3858	3409	0
QUAL	0	206	5902	3218	2684	0
QUAL	0	207	7679	4099	3580	0
QUAL	0	208	6018	3276	2742	0
QUAL	0	209	6035	3257	2778	0
QUAL	0	210	7586	4080	3506	0
QUAL	0	211	6993	3769	3224	0
QUAL	0	212	8024	4227	3797	0
QUAL	0	213	6910	3672	3238	0
QUAL	0	214	6810	3591	3219	0
QUAL	0	215	7100	3842	3258	0
QUAL	0	216	8323	4433	3890	0
QUAL	0	217	6698	3615	3083	0
QUAL	0	218	6288	3465	2823	0
QUAL	0	219	7806	4210	3596	0
QUAL	0	220	9355	5095	4260	0
QUAL	0	221	2799659	1582327	1217332	0
QUAL	0	222	98855	51821	47034	0
QUAL	0	223	1492	875	617	0
QUAL	0	224	1036	596	440	0
QUAL	0	225	68805	42179	26626	0
QUAL	0	226	839	469	370	0
# IDD, InDel distribution:
# IDD	[2]id	[3]length (deletions negative)	[4]number of sites	[5]number of genotypes	[6]mean VAF
# ST, Substitution types:
# ST	[2]id	[3]type	[4]count
ST	0	A>C	232455
ST	0	A>G	617122
ST	0	A>T	368804
ST	0	C>A	227484
ST	0	C>G	210479
ST	0	C>T	676970
ST	0	G>A	678841
ST	0	G>C	209481
ST	0	G>T	227045
ST	0	T>A	368734
ST	0	T>C	617753
ST	0	T>G	232973
# DP, Depth distribution
# DP	[2]id	[3]bin	[4]number of genotypes	[5]fraction of genotypes (%)	[6]number of sites	[7]fraction of sites (%)
DP	0	8	0	0.000000	1840142	2.787692
DP	0	9	0	0.000000	1470419	2.227586
DP	0	10	0	0.000000	1574748	2.385638
DP	0	11	0	0.000000	1391007	2.107282
DP	0	12	0	0.000000	1433534	2.171708
DP	0	13	0	0.000000	1331256	2.016764
DP	0	14	0	0.000000	1377135	2.086267
DP	0	15	0	0.000000	1297839	1.966139
DP	0	16	0	0.000000	1327430	2.010968
DP	0	17	0	0.000000	1290940	1.955688
DP	0	18	0	0.000000	1310348	1.985089
DP	0	19	0	0.000000	1282324	1.942635
DP	0	20	0	0.000000	1297621	1.965809
DP	0	21	0	0.000000	1266537	1.918719
DP	0	22	0	0.000000	1270353	1.924500
DP	0	23	0	0.000000	1243302	1.883519
DP	0	24	0	0.000000	1251525	1.895977
DP	0	25	0	0.000000	1229787	1.863045
DP	0	26	0	0.000000	1228316	1.860816
DP	0	27	0	0.000000	1211408	1.835202
DP	0	28	0	0.000000	1211761	1.835737
DP	0	29	0	0.000000	1199641	1.817376
DP	0	30	0	0.000000	1213196	1.837911
DP	0	31	0	0.000000	1207888	1.829869
DP	0	32	0	0.000000	1217676	1.844698
DP	0	33	0	0.000000	1224917	1.855667
DP	0	34	0	0.000000	1245494	1.886840
DP	0	35	0	0.000000	1250185	1.893947
DP	0	36	0	0.000000	1267381	1.919997
DP	0	37	0	0.000000	1276096	1.933200
DP	0	38	0	0.000000	1286514	1.948983
DP	0	39	0	0.000000	1289073	1.952859
DP	0	40	0	0.000000	1297581	1.965748
DP	0	41	0	0.000000	1288823	1.952481
DP	0	42	0	0.000000	1287813	1.950950
DP	0	43	0	0.000000	1266680	1.918935
DP	0	44	0	0.000000	1250913	1.895049
DP	0	45	0	0.000000	1211578	1.835460
DP	0	46	0	0.000000	1177226	1.783419
DP	0	47	0	0.000000	1128704	1.709911
DP	0	48	0	0.000000	1081824	1.638891
DP	0	49	0	0.000000	1026699	1.555380
DP	0	50	0	0.000000	968099	1.466605
DP	0	51	0	0.000000	902364	1.367021
DP	0	52	0	0.000000	838806	1.270735
DP	0	53	0	0.000000	770509	1.167270
DP	0	54	0	0.000000	704316	1.066992
DP	0	55	0	0.000000	640094	0.969700
DP	0	56	0	0.000000	577370	0.874677
DP	0	57	0	0.000000	519434	0.786908
DP	0	58	0	0.000000	464104	0.703086
DP	0	59	0	0.000000	410480	0.621850
DP	0	60	0	0.000000	364299	0.551889
DP	0	61	0	0.000000	316875	0.480044
DP	0	62	0	0.000000	277100	0.419788
DP	0	63	0	0.000000	242151	0.366843
DP	0	64	0	0.000000	212314	0.321641
DP	0	65	0	0.000000	183693	0.278283
DP	0	66	0	0.000000	159552	0.241711
DP	0	67	0	0.000000	139418	0.211209
DP	0	68	0	0.000000	123220	0.186670
DP	0	69	0	0.000000	107054	0.162180
DP	0	70	0	0.000000	95528	0.144719
DP	0	71	0	0.000000	83560	0.126588
DP	0	72	0	0.000000	76500	0.115892
DP	0	73	0	0.000000	70112	0.106215
DP	0	74	0	0.000000	64927	0.098360
DP	0	75	0	0.000000	59126	0.089572
DP	0	76	0	0.000000	55081	0.083444
DP	0	77	0	0.000000	51726	0.078361
DP	0	78	0	0.000000	50167	0.076000
DP	0	79	0	0.000000	46810	0.070914
DP	0	80	0	0.000000	45760	0.069323
DP	0	81	0	0.000000	43492	0.065887
DP	0	82	0	0.000000	42737	0.064744
DP	0	83	0	0.000000	40578	0.061473
DP	0	84	0	0.000000	40343	0.061117
DP	0	85	0	0.000000	39300	0.059537
DP	0	86	0	0.000000	39205	0.059393
DP	0	87	0	0.000000	37132	0.056252
DP	0	88	0	0.000000	36539	0.055354
DP	0	89	0	0.000000	34911	0.052888
DP	0	90	0	0.000000	35095	0.053167
DP	0	91	0	0.000000	33526	0.050790
DP	0	92	0	0.000000	33014	0.050014
DP	0	93	0	0.000000	31746	0.048093
DP	0	94	0	0.000000	30989	0.046946
DP	0	95	0	0.000000	29823	0.045180
DP	0	96	0	0.000000	30108	0.045612
DP	0	97	0	0.000000	29259	0.044325
DP	0	98	0	0.000000	28544	0.043242
DP	0	99	0	0.000000	26819	0.040629
DP	0	100	0	0.000000	26298	0.039840
DP	0	101	0	0.000000	25352	0.038407
DP	0	102	0	0.000000	25520	0.038661
DP	0	103	0	0.000000	24540	0.037176
DP	0	104	0	0.000000	23900	0.036207
DP	0	105	0	0.000000	22724	0.034425
DP	0	106	0	0.000000	22198	0.033628
DP	0	107	0	0.000000	21211	0.032133
DP	0	108	0	0.000000	20636	0.031262
DP	0	109	0	0.000000	19895	0.030140
DP	0	110	0	0.000000	19301	0.029240
DP	0	111	0	0.000000	18580	0.028147
DP	0	112	0	0.000000	18022	0.027302
DP	0	113	0	0.000000	17495	0.026504
DP	0	114	0	0.000000	17253	0.026137
DP	0	115	0	0.000000	16376	0.024809
DP	0	116	0	0.000000	16330	0.024739
DP	0	117	0	0.000000	15384	0.023306
DP	0	118	0	0.000000	15285	0.023156
DP	0	119	0	0.000000	14864	0.022518
DP	0	120	0	0.000000	14377	0.021780
DP	0	121	0	0.000000	14075	0.021323
DP	0	122	0	0.000000	13480	0.020421
DP	0	123	0	0.000000	13575	0.020565
DP	0	124	0	0.000000	13148	0.019918
DP	0	125	0	0.000000	13011	0.019711
DP	0	126	0	0.000000	12768	0.019343
DP	0	127	0	0.000000	12355	0.018717
DP	0	128	0	0.000000	12342	0.018697
DP	0	129	0	0.000000	11867	0.017978
DP	0	130	0	0.000000	11850	0.017952
DP	0	131	0	0.000000	11778	0.017843
DP	0	132	0	0.000000	11509	0.017435
DP	0	133	0	0.000000	11132	0.016864
DP	0	134	0	0.000000	10891	0.016499
DP	0	135	0	0.000000	11126	0.016855
DP	0	136	0	0.000000	10848	0.016434
DP	0	137	0	0.000000	10850	0.016437
DP	0	138	0	0.000000	10740	0.016270
DP	0	139	0	0.000000	10396	0.015749
DP	0	140	0	0.000000	10534	0.015958
DP	0	141	0	0.000000	10270	0.015558
DP	0	142	0	0.000000	10555	0.015990
DP	0	143	0	0.000000	10090	0.015286
DP	0	144	0	0.000000	10222	0.015486
DP	0	145	0	0.000000	9878	0.014965
DP	0	146	0	0.000000	9820	0.014877
DP	0	147	0	0.000000	9105	0.013793
DP	0	148	0	0.000000	9488	0.014374
DP	0	149	0	0.000000	9313	0.014109
DP	0	150	0	0.000000	8988	0.013616
DP	0	151	0	0.000000	9276	0.014053
DP	0	152	0	0.000000	9015	0.013657
DP	0	153	0	0.000000	8688	0.013162
DP	0	154	0	0.000000	8932	0.013531
DP	0	155	0	0.000000	8440	0.012786
DP	0	156	0	0.000000	8344	0.012641
DP	0	157	0	0.000000	8122	0.012304
DP	0	158	0	0.000000	8251	0.012500
DP	0	159	0	0.000000	8190	0.012407
DP	0	160	0	0.000000	8088	0.012253
DP	0	161	0	0.000000	7936	0.012023
DP	0	162	0	0.000000	7917	0.011994
DP	0	163	0	0.000000	7331	0.011106
DP	0	164	0	0.000000	7747	0.011736
DP	0	165	0	0.000000	7660	0.011604
DP	0	166	0	0.000000	7399	0.011209
DP	0	167	0	0.000000	7134	0.010808
DP	0	168	0	0.000000	6885	0.010430
DP	0	169	0	0.000000	6565	0.009946
DP	0	170	0	0.000000	6823	0.010336
DP	0	171	0	0.000000	6854	0.010383
DP	0	172	0	0.000000	6975	0.010567
DP	0	173	0	0.000000	6600	0.009999
DP	0	174	0	0.000000	6741	0.010212
DP	0	175	0	0.000000	6544	0.009914
DP	0	176	0	0.000000	6731	0.010197
DP	0	177	0	0.000000	6357	0.009630
DP	0	178	0	0.000000	6515	0.009870
DP	0	179	0	0.000000	6242	0.009456
DP	0	180	0	0.000000	6535	0.009900
DP	0	181	0	0.000000	6314	0.009565
DP	0	182	0	0.000000	6654	0.010080
DP	0	183	0	0.000000	6342	0.009608
DP	0	184	0	0.000000	6405	0.009703
DP	0	185	0	0.000000	6085	0.009218
DP	0	186	0	0.000000	6066	0.009190
DP	0	187	0	0.000000	6177	0.009358
DP	0	188	0	0.000000	6002	0.009093
DP	0	189	0	0.000000	5844	0.008853
DP	0	190	0	0.000000	5603	0.008488
DP	0	191	0	0.000000	5766	0.008735
DP	0	192	0	0.000000	5930	0.008984
DP	0	193	0	0.000000	5599	0.008482
DP	0	194	0	0.000000	5648	0.008556
DP	0	195	0	0.000000	5563	0.008428
DP	0	196	0	0.000000	5745	0.008703
DP	0	197	0	0.000000	5399	0.008179
DP	0	198	0	0.000000	5701	0.008637
DP	0	199	0	0.000000	5455	0.008264
DP	0	200	0	0.000000	5501	0.008334
DP	0	201	0	0.000000	5479	0.008300
DP	0	202	0	0.000000	5378	0.008147
DP	0	203	0	0.000000	5435	0.008234
DP	0	204	0	0.000000	5700	0.008635
DP	0	205	0	0.000000	5417	0.008206
DP	0	206	0	0.000000	5513	0.008352
DP	0	207	0	0.000000	5243	0.007943
DP	0	208	0	0.000000	5246	0.007947
DP	0	209	0	0.000000	5101	0.007728
DP	0	210	0	0.000000	5406	0.008190
DP	0	211	0	0.000000	5090	0.007711
DP	0	212	0	0.000000	5337	0.008085
DP	0	213	0	0.000000	5134	0.007778
DP	0	214	0	0.000000	5321	0.008061
DP	0	215	0	0.000000	5241	0.007940
DP	0	216	0	0.000000	5271	0.007985
DP	0	217	0	0.000000	5459	0.008270
DP	0	218	0	0.000000	5475	0.008294
DP	0	219	0	0.000000	5342	0.008093
DP	0	220	0	0.000000	5378	0.008147
DP	0	221	0	0.000000	5342	0.008093
DP	0	222	0	0.000000	5545	0.008400
DP	0	223	0	0.000000	5557	0.008418
DP	0	224	0	0.000000	5586	0.008462
DP	0	225	0	0.000000	5419	0.008209
DP	0	226	0	0.000000	5658	0.008571
DP	0	227	0	0.000000	5532	0.008381
DP	0	228	0	0.000000	5786	0.008765
DP	0	229	0	0.000000	5715	0.008658
DP	0	230	0	0.000000	5922	0.008971
DP	0	231	0	0.000000	5819	0.008815
DP	0	232	0	0.000000	5946	0.009008
DP	0	233	0	0.000000	6094	0.009232
DP	0	234	0	0.000000	6254	0.009474
DP	0	235	0	0.000000	6390	0.009680
DP	0	236	0	0.000000	6501	0.009849
DP	0	237	0	0.000000	6731	0.010197
DP	0	238	0	0.000000	6983	0.010579
DP	0	239	0	0.000000	7119	0.010785
DP	0	240	0	0.000000	7541	0.011424
DP	0	241	0	0.000000	7972	0.012077
DP	0	242	0	0.000000	8318	0.012601
DP	0	243	0	0.000000	9007	0.013645
DP	0	244	0	0.000000	10000	0.015149
DP	0	245	0	0.000000	11500	0.017422
DP	0	246	0	0.000000	13650	0.020679
DP	0	247	0	0.000000	16883	0.025577
DP	0	248	0	0.000000	23347	0.035369
DP	0	249	0	0.000000	75434	0.114277
DP	0	250	0	0.000000	50965	0.077209
DP	0	251	0	0.000000	34473	0.052224
DP	0	252	0	0.000000	27377	0.041474
DP	0	253	0	0.000000	22044	0.033395
DP	0	254	0	0.000000	19707	0.029855
DP	0	255	0	0.000000	17560	0.026602
DP	0	256	0	0.000000	15717	0.023810
DP	0	257	0	0.000000	14084	0.021336
DP	0	258	0	0.000000	12548	0.019009
DP	0	259	0	0.000000	11704	0.017731
DP	0	260	0	0.000000	10855	0.016445
DP	0	261	0	0.000000	10081	0.015272
DP	0	262	0	0.000000	9265	0.014036
DP	0	263	0	0.000000	8158	0.012359
DP	0	264	0	0.000000	7489	0.011345
DP	0	265	0	0.000000	6914	0.010474
DP	0	266	0	0.000000	6541	0.009909
DP	0	267	0	0.000000	6187	0.009373
DP	0	268	0	0.000000	5703	0.008640
DP	0	269	0	0.000000	5274	0.007990
DP	0	270	0	0.000000	4932	0.007472
DP	0	271	0	0.000000	4350	0.006590
DP	0	272	0	0.000000	4064	0.006157
DP	0	273	0	0.000000	3845	0.005825
DP	0	274	0	0.000000	3436	0.005205
DP	0	275	0	0.000000	3108	0.004708
DP	0	276	0	0.000000	2909	0.004407
DP	0	277	0	0.000000	2739	0.004149
DP	0	278	0	0.000000	2566	0.003887
DP	0	279	0	0.000000	2449	0.003710
DP	0	280	0	0.000000	2252	0.003412
DP	0	281	0	0.000000	2190	0.003318
DP	0	282	0	0.000000	2078	0.003148
DP	0	283	0	0.000000	2040	0.003090
DP	0	284	0	0.000000	1865	0.002825
DP	0	285	0	0.000000	1718	0.002603
DP	0	286	0	0.000000	1681	0.002547
DP	0	287	0	0.000000	1660	0.002515
DP	0	288	0	0.000000	1552	0.002351
DP	0	289	0	0.000000	1487	0.002253
DP	0	290	0	0.000000	1392	0.002109
DP	0	291	0	0.000000	1289	0.001953
DP	0	292	0	0.000000	1245	0.001886
DP	0	293	0	0.000000	1261	0.001910
DP	0	294	0	0.000000	1176	0.001782
DP	0	295	0	0.000000	1202	0.001821
DP	0	296	0	0.000000	1136	0.001721
DP	0	297	0	0.000000	1044	0.001582
DP	0	298	0	0.000000	1006	0.001524
DP	0	299	0	0.000000	944	0.001430
DP	0	300	0	0.000000	915	0.001386
DP	0	301	0	0.000000	898	0.001360
DP	0	302	0	0.000000	884	0.001339
DP	0	303	0	0.000000	829	0.001256
DP	0	304	0	0.000000	750	0.001136
DP	0	305	0	0.000000	780	0.001182
DP	0	306	0	0.000000	698	0.001057
DP	0	307	0	0.000000	634	0.000960
DP	0	308	0	0.000000	680	0.001030
DP	0	309	0	0.000000	635	0.000962
DP	0	310	0	0.000000	597	0.000904
DP	0	311	0	0.000000	598	0.000906
DP	0	312	0	0.000000	585	0.000886
DP	0	313	0	0.000000	545	0.000826
DP	0	314	0	0.000000	550	0.000833
DP	0	315	0	0.000000	535	0.000810
DP	0	316	0	0.000000	486	0.000736
DP	0	317	0	0.000000	488	0.000739
DP	0	318	0	0.000000	487	0.000738
DP	0	319	0	0.000000	479	0.000726
DP	0	320	0	0.000000	506	0.000767
DP	0	321	0	0.000000	483	0.000732
DP	0	322	0	0.000000	450	0.000682
DP	0	323	0	0.000000	454	0.000688
DP	0	324	0	0.000000	401	0.000607
DP	0	325	0	0.000000	444	0.000673
DP	0	326	0	0.000000	414	0.000627
DP	0	327	0	0.000000	402	0.000609
DP	0	328	0	0.000000	391	0.000592
DP	0	329	0	0.000000	363	0.000550
DP	0	330	0	0.000000	321	0.000486
DP	0	331	0	0.000000	319	0.000483
DP	0	332	0	0.000000	328	0.000497
DP	0	333	0	0.000000	335	0.000508
DP	0	334	0	0.000000	347	0.000526
DP	0	335	0	0.000000	295	0.000447
DP	0	336	0	0.000000	280	0.000424
DP	0	337	0	0.000000	284	0.000430
DP	0	338	0	0.000000	268	0.000406
DP	0	339	0	0.000000	252	0.000382
DP	0	340	0	0.000000	245	0.000371
DP	0	341	0	0.000000	235	0.000356
DP	0	342	0	0.000000	213	0.000323
DP	0	343	0	0.000000	202	0.000306
DP	0	344	0	0.000000	202	0.000306
DP	0	345	0	0.000000	211	0.000320
DP	0	346	0	0.000000	202	0.000306
DP	0	347	0	0.000000	170	0.000258
DP	0	348	0	0.000000	167	0.000253
DP	0	349	0	0.000000	151	0.000229
DP	0	350	0	0.000000	148	0.000224
DP	0	351	0	0.000000	147	0.000223
DP	0	352	0	0.000000	172	0.000261
DP	0	353	0	0.000000	160	0.000242
DP	0	354	0	0.000000	137	0.000208
DP	0	355	0	0.000000	138	0.000209
DP	0	356	0	0.000000	120	0.000182
DP	0	357	0	0.000000	124	0.000188
DP	0	358	0	0.000000	119	0.000180
DP	0	359	0	0.000000	112	0.000170
DP	0	360	0	0.000000	109	0.000165
DP	0	361	0	0.000000	113	0.000171
DP	0	362	0	0.000000	105	0.000159
DP	0	363	0	0.000000	110	0.000167
DP	0	364	0	0.000000	116	0.000176
DP	0	365	0	0.000000	104	0.000158
DP	0	366	0	0.000000	105	0.000159
DP	0	367	0	0.000000	106	0.000161
DP	0	368	0	0.000000	103	0.000156
DP	0	369	0	0.000000	91	0.000138
DP	0	370	0	0.000000	94	0.000142
DP	0	371	0	0.000000	96	0.000145
DP	0	372	0	0.000000	89	0.000135
DP	0	373	0	0.000000	93	0.000141
DP	0	374	0	0.000000	89	0.000135
DP	0	375	0	0.000000	95	0.000144
DP	0	376	0	0.000000	82	0.000124
DP	0	377	0	0.000000	77	0.000117
DP	0	378	0	0.000000	76	0.000115
DP	0	379	0	0.000000	72	0.000109
DP	0	380	0	0.000000	75	0.000114
DP	0	381	0	0.000000	62	0.000094
DP	0	382	0	0.000000	53	0.000080
DP	0	383	0	0.000000	52	0.000079
DP	0	384	0	0.000000	48	0.000073
DP	0	385	0	0.000000	52	0.000079
DP	0	386	0	0.000000	36	0.000055
DP	0	387	0	0.000000	32	0.000048
DP	0	388	0	0.000000	24	0.000036
DP	0	389	0	0.000000	22	0.000033
DP	0	390	0	0.000000	20	0.000030
DP	0	391	0	0.000000	16	0.000024
DP	0	392	0	0.000000	10	0.000015
DP	0	393	0	0.000000	9	0.000014
DP	0	394	0	0.000000	6	0.000009
DP	0	395	0	0.000000	5	0.000008
DP	0	396	0	0.000000	1	0.000002
DP	0	397	0	0.000000	1	0.000002
DP	0	398	0	0.000000	1	0.000002