/ufrc/lee/braskey/SLURM_scripts
c33a-s5.ufhpc
Wed May 13 11:30:34 EDT 2020
Calling variants for aligned barbata genomic data
Note: none of --samples-file, --ploidy or --ploidy-file given, assuming all sites are diploid
[mpileup] 1 samples in 1 input files
[mpileup] maximum number of reads per input file set to -d 250
index: the file is not BGZF compressed, cannot index: /ufrc/lee/braskey/Data/WGS/bwa/BAR_aln_flt.vcf
# This file was produced by bcftools stats (1.10.2+htslib-1.10.2) and can be plotted using plot-vcfstats.
# The command line was:	bcftools stats  /ufrc/lee/braskey/Data/WGS/bwa/BAR_aln_flt.vcf
#
# Definition of sets:
# ID	[2]id	[3]tab-separated file names
ID	0	/ufrc/lee/braskey/Data/WGS/bwa/BAR_aln_flt.vcf
# SN, Summary numbers:
#   number of records   .. number of data rows in the VCF
#   number of no-ALTs   .. reference-only sites, ALT is either "." or identical to REF
#   number of SNPs      .. number of rows with a SNP
#   number of MNPs      .. number of rows with a MNP, such as CC>TT
#   number of indels    .. number of rows with an indel
#   number of others    .. number of rows with other type, for example a symbolic allele or
#                          a complex substitution, such as ACT>TCGA
#   number of multiallelic sites     .. number of rows with multiple alternate alleles
#   number of multiallelic SNP sites .. number of rows with multiple alternate alleles, all SNPs
# 
#   Note that rows containing multiple types will be counted multiple times, in each
#   counter. For example, a row with a SNP and an indel increments both the SNP and
#   the indel counter.
# 
# SN	[2]id	[3]key	[4]value
SN	0	number of samples:	1
SN	0	number of records:	124134958
SN	0	number of no-ALTs:	118105707
SN	0	number of SNPs:	5955047
SN	0	number of MNPs:	0
SN	0	number of indels:	74204
SN	0	number of others:	0
SN	0	number of multiallelic sites:	57988
SN	0	number of multiallelic SNP sites:	57769
# TSTV, transitions/transversions:
# TSTV	[2]id	[3]ts	[4]tv	[5]ts/tv	[6]ts (1st ALT)	[7]tv (1st ALT)	[8]ts/tv (1st ALT)
TSTV	0	3329803	2684764	1.24	3316540	2638507	1.26
# SiS, Singleton stats:
# SiS	[2]id	[3]allele count	[4]number of SNPs	[5]number of transitions	[6]number of transversions	[7]number of indels	[8]repeat-consistent	[9]repeat-inconsistent	[10]not applicable
SiS	0	1	6014567	3329803	2684764	74457	0	0	74457
# AF, Stats by non-reference allele frequency:
# AF	[2]id	[3]allele frequency	[4]number of SNPs	[5]number of transitions	[6]number of transversions	[7]number of indels	[8]repeat-consistent	[9]repeat-inconsistent	[10]not applicable
AF	0	0.000000	6014567	3329803	2684764	74457	0	0	74457
# QUAL, Stats by quality:
# QUAL	[2]id	[3]Quality	[4]number of SNPs	[5]number of transitions (1st ALT)	[6]number of transversions (1st ALT)	[7]number of indels
QUAL	0	20	18153	10348	7805	403
QUAL	0	21	17262	9891	7371	458
QUAL	0	22	15885	9084	6801	662
QUAL	0	23	17528	10039	7489	404
QUAL	0	24	15787	9048	6739	411
QUAL	0	25	20489	11407	9082	434
QUAL	0	26	17169	9746	7423	445
QUAL	0	27	14887	8576	6311	378
QUAL	0	28	15718	8877	6841	391
QUAL	0	29	16139	9113	7026	390
QUAL	0	30	18513	10457	8056	358
QUAL	0	31	16136	9110	7026	392
QUAL	0	32	15538	8832	6706	377
QUAL	0	33	13854	8037	5817	363
QUAL	0	34	15614	8914	6700	485
QUAL	0	35	55238	29324	25914	324
QUAL	0	36	14295	8190	6105	363
QUAL	0	37	12652	7335	5317	375
QUAL	0	38	14093	8070	6023	356
QUAL	0	39	14271	8165	6106	335
QUAL	0	40	13297	7631	5666	356
QUAL	0	41	13381	7637	5744	380
QUAL	0	42	22601	12305	10296	327
QUAL	0	43	12116	6895	5221	360
QUAL	0	44	13213	7572	5641	305
QUAL	0	45	12450	7185	5265	318
QUAL	0	46	12567	7128	5439	367
QUAL	0	47	13198	7356	5842	337
QUAL	0	48	12970	7365	5605	345
QUAL	0	49	13043	7450	5593	329
QUAL	0	50	12191	7007	5184	328
QUAL	0	51	14888	8355	6533	305
QUAL	0	52	12141	6925	5216	344
QUAL	0	53	11917	6786	5131	326
QUAL	0	54	12092	6852	5240	307
QUAL	0	55	11825	6791	5034	304
QUAL	0	56	12356	7050	5306	299
QUAL	0	57	12149	6829	5320	327
QUAL	0	58	12479	7031	5448	331
QUAL	0	59	33538	18083	15455	311
QUAL	0	60	12026	6829	5197	370
QUAL	0	61	12035	6761	5274	271
QUAL	0	62	11293	6421	4872	301
QUAL	0	63	11969	6750	5219	297
QUAL	0	64	11412	6501	4911	278
QUAL	0	65	12465	7002	5463	293
QUAL	0	66	11298	6457	4841	311
QUAL	0	67	11006	6261	4745	265
QUAL	0	68	11793	6657	5136	264
QUAL	0	69	10934	6164	4770	300
QUAL	0	70	11350	6384	4966	295
QUAL	0	71	15902	8777	7125	382
QUAL	0	72	16356	8905	7451	292
QUAL	0	73	13200	7291	5909	295
QUAL	0	74	10663	6088	4575	268
QUAL	0	75	10516	5909	4607	280
QUAL	0	76	10566	6009	4557	278
QUAL	0	77	10911	6089	4822	296
QUAL	0	78	11858	6811	5047	291
QUAL	0	79	11398	6452	4946	266
QUAL	0	80	22513	12048	10465	267
QUAL	0	81	10490	5942	4548	341
QUAL	0	82	10800	6078	4722	274
QUAL	0	83	10831	6031	4800	246
QUAL	0	84	10819	6094	4725	275
QUAL	0	85	10667	5923	4744	273
QUAL	0	86	10681	6027	4654	253
QUAL	0	87	11488	6449	5039	229
QUAL	0	88	11044	6244	4800	293
QUAL	0	89	10324	5865	4459	249
QUAL	0	90	12728	7115	5613	249
QUAL	0	91	11082	6113	4969	271
QUAL	0	92	10267	5793	4474	242
QUAL	0	93	10738	6046	4692	221
QUAL	0	94	10980	6103	4877	253
QUAL	0	95	11058	6182	4876	262
QUAL	0	96	22115	11890	10225	224
QUAL	0	97	12987	7313	5674	266
QUAL	0	98	10030	5621	4409	255
QUAL	0	99	10566	5945	4621	277
QUAL	0	100	9687	5367	4320	222
QUAL	0	101	10521	5845	4676	235
QUAL	0	102	13170	7250	5920	231
QUAL	0	103	9845	5557	4288	268
QUAL	0	104	10462	5847	4615	221
QUAL	0	105	11568	6356	5212	200
QUAL	0	106	10143	5592	4551	259
QUAL	0	107	10187	5651	4536	253
QUAL	0	108	9828	5465	4363	220
QUAL	0	109	10680	5996	4684	222
QUAL	0	110	16743	9048	7695	226
QUAL	0	111	10070	5591	4479	272
QUAL	0	112	9680	5483	4197	242
QUAL	0	113	9717	5474	4243	246
QUAL	0	114	9767	5479	4288	256
QUAL	0	115	10046	5694	4352	238
QUAL	0	116	13413	7331	6082	215
QUAL	0	117	9618	5370	4248	243
QUAL	0	118	10552	5857	4695	216
QUAL	0	119	11858	6529	5329	225
QUAL	0	120	9553	5415	4138	225
QUAL	0	121	15338	8175	7163	205
QUAL	0	122	9664	5432	4232	218
QUAL	0	123	9106	5069	4037	210
QUAL	0	124	9411	5277	4134	236
QUAL	0	125	9315	5184	4131	230
QUAL	0	126	11570	6238	5332	241
QUAL	0	127	11387	6267	5120	211
QUAL	0	128	11386	6361	5025	223
QUAL	0	129	14142	7549	6593	221
QUAL	0	130	9169	5055	4114	224
QUAL	0	131	8658	4741	3917	216
QUAL	0	132	10029	5515	4514	206
QUAL	0	133	9004	4869	4135	213
QUAL	0	134	10253	5500	4753	190
QUAL	0	135	8756	4807	3949	217
QUAL	0	136	9896	5428	4468	159
QUAL	0	137	13519	7126	6393	190
QUAL	0	138	8583	4746	3837	180
QUAL	0	139	9084	4987	4097	200
QUAL	0	140	10646	5728	4918	197
QUAL	0	141	8599	4635	3964	215
QUAL	0	142	13207	6936	6271	191
QUAL	0	143	8733	4684	4049	216
QUAL	0	144	9109	4943	4166	171
QUAL	0	145	11200	5993	5207	198
QUAL	0	146	9998	5377	4621	182
QUAL	0	147	13078	6883	6195	204
QUAL	0	148	8890	4868	4022	186
QUAL	0	149	12976	6955	6021	185
QUAL	0	150	10071	5388	4683	195
QUAL	0	151	13897	7237	6660	179
QUAL	0	152	11224	5910	5314	166
QUAL	0	153	12105	6427	5678	185
QUAL	0	154	11067	5904	5163	193
QUAL	0	155	12956	6768	6188	217
QUAL	0	156	11430	6143	5287	175
QUAL	0	157	13137	6971	6166	177
QUAL	0	158	12243	6508	5735	194
QUAL	0	159	11388	6011	5377	188
QUAL	0	160	13564	7156	6408	175
QUAL	0	161	14492	7558	6934	201
QUAL	0	162	15731	8164	7567	174
QUAL	0	163	12987	6914	6073	172
QUAL	0	164	10630	5555	5075	163
QUAL	0	165	8630	4775	3855	166
QUAL	0	166	7420	4090	3330	136
QUAL	0	167	8088	4405	3683	165
QUAL	0	168	7122	3895	3227	196
QUAL	0	169	7033	3795	3238	161
QUAL	0	170	6901	3795	3106	159
QUAL	0	171	7351	4055	3296	159
QUAL	0	172	8497	4600	3897	157
QUAL	0	173	6839	3782	3057	167
QUAL	0	174	8812	4730	4082	141
QUAL	0	175	7647	4220	3427	171
QUAL	0	176	7203	3914	3289	161
QUAL	0	177	6795	3731	3064	147
QUAL	0	178	7272	3941	3331	150
QUAL	0	179	7400	4129	3271	149
QUAL	0	180	7447	4029	3418	144
QUAL	0	181	7135	3947	3188	162
QUAL	0	182	8248	4470	3778	177
QUAL	0	183	7290	3973	3317	177
QUAL	0	184	8488	4720	3768	173
QUAL	0	185	8363	4529	3834	144
QUAL	0	186	8678	4609	4069	138
QUAL	0	187	8183	4431	3752	145
QUAL	0	188	8622	4646	3976	152
QUAL	0	189	7036	3807	3229	156
QUAL	0	190	7054	3880	3174	136
QUAL	0	191	7995	4278	3717	150
QUAL	0	192	8641	4673	3968	159
QUAL	0	193	8052	4362	3690	162
QUAL	0	194	10347	5474	4873	142
QUAL	0	195	7053	3803	3250	142
QUAL	0	196	6892	3759	3133	159
QUAL	0	197	6928	3700	3228	115
QUAL	0	198	6811	3706	3105	147
QUAL	0	199	7165	3904	3261	139
QUAL	0	200	6935	3685	3250	161
QUAL	0	201	7903	4304	3599	141
QUAL	0	202	6692	3716	2976	159
QUAL	0	203	7595	4128	3467	145
QUAL	0	204	8162	4405	3757	130
QUAL	0	205	8157	4432	3725	142
QUAL	0	206	6998	3872	3126	135
QUAL	0	207	8307	4509	3798	148
QUAL	0	208	6847	3682	3165	127
QUAL	0	209	6943	3801	3142	163
QUAL	0	210	8182	4332	3850	131
QUAL	0	211	8148	4360	3788	137
QUAL	0	212	8684	4717	3967	135
QUAL	0	213	7720	4222	3498	137
QUAL	0	214	7810	4162	3648	8602
QUAL	0	215	8460	4528	3932	620
QUAL	0	216	9331	4862	4469	351
QUAL	0	217	8245	4506	3739	17217
QUAL	0	218	7128	3925	3203	502
QUAL	0	219	8288	4539	3749	70
QUAL	0	220	9367	5046	4321	0
QUAL	0	221	3455266	1931367	1523899	0
QUAL	0	222	101382	52167	49215	0
QUAL	0	223	2296	1297	999	0
QUAL	0	224	1662	966	696	0
QUAL	0	225	114260	71433	42827	0
QUAL	0	226	1313	745	568	0
# IDD, InDel distribution:
# IDD	[2]id	[3]length (deletions negative)	[4]number of sites	[5]number of genotypes	[6]mean VAF
IDD	0	-52	1	0	.
IDD	0	-50	1	0	.
IDD	0	-48	2	0	.
IDD	0	-47	2	0	.
IDD	0	-46	1	0	.
IDD	0	-45	3	0	.
IDD	0	-44	1	0	.
IDD	0	-43	3	0	.
IDD	0	-41	1	0	.
IDD	0	-40	1	0	.
IDD	0	-39	4	0	.
IDD	0	-38	3	0	.
IDD	0	-37	3	0	.
IDD	0	-36	5	0	.
IDD	0	-35	4	0	.
IDD	0	-34	5	0	.
IDD	0	-33	5	0	.
IDD	0	-32	9	0	.
IDD	0	-31	4	0	.
IDD	0	-30	22	0	.
IDD	0	-29	9	0	.
IDD	0	-28	19	0	.
IDD	0	-27	23	0	.
IDD	0	-26	20	0	.
IDD	0	-25	27	0	.
IDD	0	-24	35	0	.
IDD	0	-23	30	0	.
IDD	0	-22	40	0	.
IDD	0	-21	54	0	.
IDD	0	-20	44	0	.
IDD	0	-19	58	0	.
IDD	0	-18	101	0	.
IDD	0	-17	76	0	.
IDD	0	-16	101	0	.
IDD	0	-15	216	0	.
IDD	0	-14	138	0	.
IDD	0	-13	191	0	.
IDD	0	-12	458	0	.
IDD	0	-11	305	0	.
IDD	0	-10	422	0	.
IDD	0	-9	849	0	.
IDD	0	-8	832	0	.
IDD	0	-7	960	0	.
IDD	0	-6	1605	0	.
IDD	0	-5	1505	0	.
IDD	0	-4	3612	0	.
IDD	0	-3	6044	0	.
IDD	0	-2	5786	0	.
IDD	0	-1	12083	0	.
IDD	0	1	13723	0	.
IDD	0	2	6139	0	.
IDD	0	3	5443	0	.
IDD	0	4	2877	0	.
IDD	0	5	1445	0	.
IDD	0	6	1708	0	.
IDD	0	7	1195	0	.
IDD	0	8	1198	0	.
IDD	0	9	1420	0	.
IDD	0	10	675	0	.
IDD	0	11	485	0	.
IDD	0	12	657	0	.
IDD	0	13	319	0	.
IDD	0	14	221	0	.
IDD	0	15	264	0	.
IDD	0	16	163	0	.
IDD	0	17	103	0	.
IDD	0	18	129	0	.
IDD	0	19	80	0	.
IDD	0	20	61	0	.
IDD	0	21	100	0	.
IDD	0	22	63	0	.
IDD	0	23	44	0	.
IDD	0	24	67	0	.
IDD	0	25	39	0	.
IDD	0	26	15	0	.
IDD	0	27	24	0	.
IDD	0	28	17	0	.
IDD	0	29	13	0	.
IDD	0	30	17	0	.
IDD	0	31	6	0	.
IDD	0	32	4	0	.
IDD	0	33	9	0	.
IDD	0	34	4	0	.
IDD	0	35	4	0	.
IDD	0	36	2	0	.
IDD	0	42	1	0	.
# ST, Substitution types:
# ST	[2]id	[3]type	[4]count
ST	0	A>C	293017
ST	0	A>G	759038
ST	0	A>T	507883
ST	0	C>A	298109
ST	0	C>G	243001
ST	0	C>T	905475
ST	0	G>A	906754
ST	0	G>C	242638
ST	0	G>T	298598
ST	0	T>A	508185
ST	0	T>C	758536
ST	0	T>G	293333
# DP, Depth distribution
# DP	[2]id	[3]bin	[4]number of genotypes	[5]fraction of genotypes (%)	[6]number of sites	[7]fraction of sites (%)
DP	0	0	0	0.000000	915560	0.737552
DP	0	1	0	0.000000	6753591	5.440523
DP	0	2	0	0.000000	11594351	9.340118
DP	0	3	0	0.000000	3438151	2.769688
DP	0	4	0	0.000000	5536044	4.459698
DP	0	5	0	0.000000	2494961	2.009878
DP	0	6	0	0.000000	3416243	2.752039
DP	0	7	0	0.000000	2053911	1.654579
DP	0	8	0	0.000000	2466826	1.987213
DP	0	9	0	0.000000	1822398	1.468078
DP	0	10	0	0.000000	2016985	1.624832
DP	0	11	0	0.000000	1675932	1.350089
DP	0	12	0	0.000000	1763049	1.420268
DP	0	13	0	0.000000	1576853	1.270273
DP	0	14	0	0.000000	1614998	1.301002
DP	0	15	0	0.000000	1513959	1.219607
DP	0	16	0	0.000000	1544855	1.244496
DP	0	17	0	0.000000	1468082	1.182650
DP	0	18	0	0.000000	1493464	1.203097
DP	0	19	0	0.000000	1447820	1.166327
DP	0	20	0	0.000000	1470875	1.184900
DP	0	21	0	0.000000	1438273	1.158637
DP	0	22	0	0.000000	1454081	1.171371
DP	0	23	0	0.000000	1418605	1.142793
DP	0	24	0	0.000000	1426012	1.148759
DP	0	25	0	0.000000	1396699	1.125146
DP	0	26	0	0.000000	1408111	1.134339
DP	0	27	0	0.000000	1383567	1.114567
DP	0	28	0	0.000000	1388073	1.118197
DP	0	29	0	0.000000	1370587	1.104110
DP	0	30	0	0.000000	1385551	1.116165
DP	0	31	0	0.000000	1386564	1.116981
DP	0	32	0	0.000000	1403587	1.130694
DP	0	33	0	0.000000	1412939	1.138228
DP	0	34	0	0.000000	1432802	1.154229
DP	0	35	0	0.000000	1448959	1.167245
DP	0	36	0	0.000000	1482574	1.194324
DP	0	37	0	0.000000	1513816	1.219492
DP	0	38	0	0.000000	1555434	1.253019
DP	0	39	0	0.000000	1583837	1.275899
DP	0	40	0	0.000000	1617006	1.302619
DP	0	41	0	0.000000	1646947	1.326739
DP	0	42	0	0.000000	1678409	1.352084
DP	0	43	0	0.000000	1689876	1.361322
DP	0	44	0	0.000000	1708809	1.376574
DP	0	45	0	0.000000	1704317	1.372955
DP	0	46	0	0.000000	1692903	1.363760
DP	0	47	0	0.000000	1672712	1.347495
DP	0	48	0	0.000000	1649665	1.328929
DP	0	49	0	0.000000	1610028	1.296998
DP	0	50	0	0.000000	1550528	1.249066
DP	0	51	0	0.000000	1486546	1.197524
DP	0	52	0	0.000000	1414701	1.139648
DP	0	53	0	0.000000	1336488	1.076641
DP	0	54	0	0.000000	1253028	1.009408
DP	0	55	0	0.000000	1171832	0.943998
DP	0	56	0	0.000000	1087820	0.876320
DP	0	57	0	0.000000	995480	0.801934
DP	0	58	0	0.000000	909305	0.732513
DP	0	59	0	0.000000	823338	0.663260
DP	0	60	0	0.000000	743482	0.598930
DP	0	61	0	0.000000	664338	0.535174
DP	0	62	0	0.000000	592779	0.477528
DP	0	63	0	0.000000	525288	0.423159
DP	0	64	0	0.000000	463547	0.373422
DP	0	65	0	0.000000	405585	0.326729
DP	0	66	0	0.000000	356973	0.287568
DP	0	67	0	0.000000	314732	0.253540
DP	0	68	0	0.000000	275029	0.221556
DP	0	69	0	0.000000	241514	0.194558
DP	0	70	0	0.000000	211286	0.170207
DP	0	71	0	0.000000	184948	0.148989
DP	0	72	0	0.000000	165343	0.133196
DP	0	73	0	0.000000	148439	0.119579
DP	0	74	0	0.000000	133610	0.107633
DP	0	75	0	0.000000	119869	0.096563
DP	0	76	0	0.000000	110401	0.088936
DP	0	77	0	0.000000	100024	0.080577
DP	0	78	0	0.000000	94139	0.075836
DP	0	79	0	0.000000	86778	0.069906
DP	0	80	0	0.000000	83562	0.067315
DP	0	81	0	0.000000	78588	0.063309
DP	0	82	0	0.000000	75343	0.060694
DP	0	83	0	0.000000	71377	0.057500
DP	0	84	0	0.000000	70399	0.056712
DP	0	85	0	0.000000	67142	0.054088
DP	0	86	0	0.000000	66734	0.053759
DP	0	87	0	0.000000	64803	0.052204
DP	0	88	0	0.000000	63924	0.051496
DP	0	89	0	0.000000	62844	0.050626
DP	0	90	0	0.000000	62613	0.050439
DP	0	91	0	0.000000	60978	0.049122
DP	0	92	0	0.000000	60003	0.048337
DP	0	93	0	0.000000	58668	0.047261
DP	0	94	0	0.000000	58302	0.046967
DP	0	95	0	0.000000	56082	0.045178
DP	0	96	0	0.000000	56325	0.045374
DP	0	97	0	0.000000	54410	0.043831
DP	0	98	0	0.000000	53261	0.042906
DP	0	99	0	0.000000	51451	0.041448
DP	0	100	0	0.000000	50921	0.041021
DP	0	101	0	0.000000	49616	0.039969
DP	0	102	0	0.000000	48684	0.039219
DP	0	103	0	0.000000	47261	0.038072
DP	0	104	0	0.000000	46471	0.037436
DP	0	105	0	0.000000	43776	0.035265
DP	0	106	0	0.000000	44119	0.035541
DP	0	107	0	0.000000	42274	0.034055
DP	0	108	0	0.000000	41324	0.033290
DP	0	109	0	0.000000	39164	0.031550
DP	0	110	0	0.000000	38277	0.030835
DP	0	111	0	0.000000	36871	0.029702
DP	0	112	0	0.000000	36153	0.029124
DP	0	113	0	0.000000	34446	0.027749
DP	0	114	0	0.000000	33688	0.027138
DP	0	115	0	0.000000	31869	0.025673
DP	0	116	0	0.000000	31065	0.025025
DP	0	117	0	0.000000	29472	0.023742
DP	0	118	0	0.000000	29330	0.023628
DP	0	119	0	0.000000	27425	0.022093
DP	0	120	0	0.000000	27707	0.022320
DP	0	121	0	0.000000	25956	0.020910
DP	0	122	0	0.000000	25605	0.020627
DP	0	123	0	0.000000	23936	0.019282
DP	0	124	0	0.000000	23837	0.019202
DP	0	125	0	0.000000	22870	0.018423
DP	0	126	0	0.000000	22905	0.018452
DP	0	127	0	0.000000	22071	0.017780
DP	0	128	0	0.000000	21842	0.017595
DP	0	129	0	0.000000	20841	0.016789
DP	0	130	0	0.000000	20906	0.016841
DP	0	131	0	0.000000	19909	0.016038
DP	0	132	0	0.000000	20352	0.016395
DP	0	133	0	0.000000	18933	0.015252
DP	0	134	0	0.000000	19118	0.015401
DP	0	135	0	0.000000	18972	0.015283
DP	0	136	0	0.000000	18574	0.014963
DP	0	137	0	0.000000	17829	0.014363
DP	0	138	0	0.000000	17919	0.014435
DP	0	139	0	0.000000	17766	0.014312
DP	0	140	0	0.000000	17289	0.013928
DP	0	141	0	0.000000	16679	0.013436
DP	0	142	0	0.000000	16859	0.013581
DP	0	143	0	0.000000	16186	0.013039
DP	0	144	0	0.000000	16158	0.013016
DP	0	145	0	0.000000	15470	0.012462
DP	0	146	0	0.000000	15921	0.012826
DP	0	147	0	0.000000	15170	0.012221
DP	0	148	0	0.000000	15225	0.012265
DP	0	149	0	0.000000	15114	0.012175
DP	0	150	0	0.000000	15129	0.012188
DP	0	151	0	0.000000	14273	0.011498
DP	0	152	0	0.000000	14318	0.011534
DP	0	153	0	0.000000	13788	0.011107
DP	0	154	0	0.000000	13998	0.011276
DP	0	155	0	0.000000	13512	0.010885
DP	0	156	0	0.000000	13347	0.010752
DP	0	157	0	0.000000	13175	0.010613
DP	0	158	0	0.000000	13418	0.010809
DP	0	159	0	0.000000	12462	0.010039
DP	0	160	0	0.000000	12650	0.010191
DP	0	161	0	0.000000	12199	0.009827
DP	0	162	0	0.000000	12058	0.009714
DP	0	163	0	0.000000	11553	0.009307
DP	0	164	0	0.000000	11889	0.009577
DP	0	165	0	0.000000	11436	0.009213
DP	0	166	0	0.000000	11812	0.009515
DP	0	167	0	0.000000	11307	0.009109
DP	0	168	0	0.000000	11272	0.009080
DP	0	169	0	0.000000	10671	0.008596
DP	0	170	0	0.000000	10938	0.008811
DP	0	171	0	0.000000	10509	0.008466
DP	0	172	0	0.000000	10829	0.008724
DP	0	173	0	0.000000	10214	0.008228
DP	0	174	0	0.000000	10570	0.008515
DP	0	175	0	0.000000	10079	0.008119
DP	0	176	0	0.000000	10157	0.008182
DP	0	177	0	0.000000	10114	0.008148
DP	0	178	0	0.000000	9914	0.007986
DP	0	179	0	0.000000	9757	0.007860
DP	0	180	0	0.000000	9786	0.007883
DP	0	181	0	0.000000	9411	0.007581
DP	0	182	0	0.000000	9397	0.007570
DP	0	183	0	0.000000	9240	0.007444
DP	0	184	0	0.000000	9472	0.007630
DP	0	185	0	0.000000	8906	0.007174
DP	0	186	0	0.000000	9141	0.007364
DP	0	187	0	0.000000	9024	0.007270
DP	0	188	0	0.000000	9252	0.007453
DP	0	189	0	0.000000	8826	0.007110
DP	0	190	0	0.000000	8679	0.006992
DP	0	191	0	0.000000	8374	0.006746
DP	0	192	0	0.000000	8604	0.006931
DP	0	193	0	0.000000	8195	0.006602
DP	0	194	0	0.000000	8238	0.006636
DP	0	195	0	0.000000	8319	0.006702
DP	0	196	0	0.000000	8242	0.006640
DP	0	197	0	0.000000	8272	0.006664
DP	0	198	0	0.000000	8398	0.006765
DP	0	199	0	0.000000	8084	0.006512
DP	0	200	0	0.000000	8255	0.006650
DP	0	201	0	0.000000	8089	0.006516
DP	0	202	0	0.000000	8369	0.006742
DP	0	203	0	0.000000	8117	0.006539
DP	0	204	0	0.000000	8345	0.006723
DP	0	205	0	0.000000	7929	0.006387
DP	0	206	0	0.000000	8080	0.006509
DP	0	207	0	0.000000	7668	0.006177
DP	0	208	0	0.000000	7746	0.006240
DP	0	209	0	0.000000	7754	0.006246
DP	0	210	0	0.000000	7610	0.006130
DP	0	211	0	0.000000	7749	0.006242
DP	0	212	0	0.000000	7766	0.006256
DP	0	213	0	0.000000	7571	0.006099
DP	0	214	0	0.000000	7692	0.006196
DP	0	215	0	0.000000	7570	0.006098
DP	0	216	0	0.000000	7610	0.006130
DP	0	217	0	0.000000	7495	0.006038
DP	0	218	0	0.000000	7494	0.006037
DP	0	219	0	0.000000	7593	0.006117
DP	0	220	0	0.000000	7607	0.006128
DP	0	221	0	0.000000	7781	0.006268
DP	0	222	0	0.000000	7467	0.006015
DP	0	223	0	0.000000	7406	0.005966
DP	0	224	0	0.000000	7563	0.006093
DP	0	225	0	0.000000	7559	0.006089
DP	0	226	0	0.000000	7889	0.006355
DP	0	227	0	0.000000	7688	0.006193
DP	0	228	0	0.000000	7759	0.006250
DP	0	229	0	0.000000	7877	0.006346
DP	0	230	0	0.000000	7703	0.006205
DP	0	231	0	0.000000	8128	0.006548
DP	0	232	0	0.000000	8445	0.006803
DP	0	233	0	0.000000	8257	0.006652
DP	0	234	0	0.000000	8467	0.006821
DP	0	235	0	0.000000	8463	0.006818
DP	0	236	0	0.000000	8827	0.007111
DP	0	237	0	0.000000	8930	0.007194
DP	0	238	0	0.000000	9195	0.007407
DP	0	239	0	0.000000	9462	0.007622
DP	0	240	0	0.000000	10016	0.008069
DP	0	241	0	0.000000	10318	0.008312
DP	0	242	0	0.000000	11556	0.009309
DP	0	243	0	0.000000	12108	0.009754
DP	0	244	0	0.000000	13570	0.010932
DP	0	245	0	0.000000	15719	0.012663
DP	0	246	0	0.000000	18513	0.014914
DP	0	247	0	0.000000	22846	0.018404
DP	0	248	0	0.000000	30559	0.024618
DP	0	249	0	0.000000	81729	0.065839
DP	0	250	0	0.000000	58217	0.046898
DP	0	251	0	0.000000	38264	0.030825
DP	0	252	0	0.000000	29979	0.024150
DP	0	253	0	0.000000	25567	0.020596
DP	0	254	0	0.000000	22670	0.018262
DP	0	255	0	0.000000	19771	0.015927
DP	0	256	0	0.000000	17264	0.013907
DP	0	257	0	0.000000	15168	0.012219
DP	0	258	0	0.000000	13410	0.010803
DP	0	259	0	0.000000	12100	0.009747
DP	0	260	0	0.000000	10998	0.008860
DP	0	261	0	0.000000	9934	0.008003
DP	0	262	0	0.000000	9032	0.007276
DP	0	263	0	0.000000	7949	0.006404
DP	0	264	0	0.000000	7668	0.006177
DP	0	265	0	0.000000	7003	0.005641
DP	0	266	0	0.000000	6285	0.005063
DP	0	267	0	0.000000	5911	0.004762
DP	0	268	0	0.000000	5121	0.004125
DP	0	269	0	0.000000	4649	0.003745
DP	0	270	0	0.000000	4246	0.003420
DP	0	271	0	0.000000	4119	0.003318
DP	0	272	0	0.000000	3660	0.002948
DP	0	273	0	0.000000	3308	0.002665
DP	0	274	0	0.000000	3064	0.002468
DP	0	275	0	0.000000	2797	0.002253
DP	0	276	0	0.000000	2640	0.002127
DP	0	277	0	0.000000	2438	0.001964
DP	0	278	0	0.000000	2286	0.001842
DP	0	279	0	0.000000	2127	0.001713
DP	0	280	0	0.000000	2072	0.001669
DP	0	281	0	0.000000	1891	0.001523
DP	0	282	0	0.000000	1771	0.001427
DP	0	283	0	0.000000	1730	0.001394
DP	0	284	0	0.000000	1620	0.001305
DP	0	285	0	0.000000	1446	0.001165
DP	0	286	0	0.000000	1450	0.001168
DP	0	287	0	0.000000	1300	0.001047
DP	0	288	0	0.000000	1270	0.001023
DP	0	289	0	0.000000	1223	0.000985
DP	0	290	0	0.000000	1072	0.000864
DP	0	291	0	0.000000	1109	0.000893
DP	0	292	0	0.000000	954	0.000769
DP	0	293	0	0.000000	951	0.000766
DP	0	294	0	0.000000	929	0.000748
DP	0	295	0	0.000000	874	0.000704
DP	0	296	0	0.000000	813	0.000655
DP	0	297	0	0.000000	816	0.000657
DP	0	298	0	0.000000	769	0.000619
DP	0	299	0	0.000000	722	0.000582
DP	0	300	0	0.000000	714	0.000575
DP	0	301	0	0.000000	679	0.000547
DP	0	302	0	0.000000	638	0.000514
DP	0	303	0	0.000000	575	0.000463
DP	0	304	0	0.000000	584	0.000470
DP	0	305	0	0.000000	528	0.000425
DP	0	306	0	0.000000	466	0.000375
DP	0	307	0	0.000000	479	0.000386
DP	0	308	0	0.000000	468	0.000377
DP	0	309	0	0.000000	444	0.000358
DP	0	310	0	0.000000	398	0.000321
DP	0	311	0	0.000000	419	0.000338
DP	0	312	0	0.000000	397	0.000320
DP	0	313	0	0.000000	380	0.000306
DP	0	314	0	0.000000	352	0.000284
DP	0	315	0	0.000000	384	0.000309
DP	0	316	0	0.000000	344	0.000277
DP	0	317	0	0.000000	334	0.000269
DP	0	318	0	0.000000	402	0.000324
DP	0	319	0	0.000000	375	0.000302
DP	0	320	0	0.000000	357	0.000288
DP	0	321	0	0.000000	344	0.000277
DP	0	322	0	0.000000	356	0.000287
DP	0	323	0	0.000000	394	0.000317
DP	0	324	0	0.000000	358	0.000288
DP	0	325	0	0.000000	326	0.000263
DP	0	326	0	0.000000	312	0.000251
DP	0	327	0	0.000000	294	0.000237
DP	0	328	0	0.000000	272	0.000219
DP	0	329	0	0.000000	259	0.000209
DP	0	330	0	0.000000	262	0.000211
DP	0	331	0	0.000000	263	0.000212
DP	0	332	0	0.000000	248	0.000200
DP	0	333	0	0.000000	229	0.000184
DP	0	334	0	0.000000	223	0.000180
DP	0	335	0	0.000000	205	0.000165
DP	0	336	0	0.000000	200	0.000161
DP	0	337	0	0.000000	195	0.000157
DP	0	338	0	0.000000	190	0.000153
DP	0	339	0	0.000000	166	0.000134
DP	0	340	0	0.000000	157	0.000126
DP	0	341	0	0.000000	168	0.000135
DP	0	342	0	0.000000	182	0.000147
DP	0	343	0	0.000000	174	0.000140
DP	0	344	0	0.000000	164	0.000132
DP	0	345	0	0.000000	154	0.000124
DP	0	346	0	0.000000	143	0.000115
DP	0	347	0	0.000000	145	0.000117
DP	0	348	0	0.000000	138	0.000111
DP	0	349	0	0.000000	132	0.000106
DP	0	350	0	0.000000	139	0.000112
DP	0	351	0	0.000000	131	0.000106
DP	0	352	0	0.000000	157	0.000126
DP	0	353	0	0.000000	116	0.000093
DP	0	354	0	0.000000	118	0.000095
DP	0	355	0	0.000000	130	0.000105
DP	0	356	0	0.000000	117	0.000094
DP	0	357	0	0.000000	113	0.000091
DP	0	358	0	0.000000	104	0.000084
DP	0	359	0	0.000000	114	0.000092
DP	0	360	0	0.000000	113	0.000091
DP	0	361	0	0.000000	113	0.000091
DP	0	362	0	0.000000	108	0.000087
DP	0	363	0	0.000000	113	0.000091
DP	0	364	0	0.000000	100	0.000081
DP	0	365	0	0.000000	93	0.000075
DP	0	366	0	0.000000	82	0.000066
DP	0	367	0	0.000000	84	0.000068
DP	0	368	0	0.000000	83	0.000067
DP	0	369	0	0.000000	81	0.000065
DP	0	370	0	0.000000	87	0.000070
DP	0	371	0	0.000000	88	0.000071
DP	0	372	0	0.000000	72	0.000058
DP	0	373	0	0.000000	68	0.000055
DP	0	374	0	0.000000	77	0.000062
DP	0	375	0	0.000000	71	0.000057
DP	0	376	0	0.000000	78	0.000063
DP	0	377	0	0.000000	67	0.000054
DP	0	378	0	0.000000	66	0.000053
DP	0	379	0	0.000000	66	0.000053
DP	0	380	0	0.000000	62	0.000050
DP	0	381	0	0.000000	47	0.000038
DP	0	382	0	0.000000	39	0.000031
DP	0	383	0	0.000000	31	0.000025
DP	0	384	0	0.000000	25	0.000020
DP	0	385	0	0.000000	21	0.000017
DP	0	386	0	0.000000	21	0.000017
DP	0	387	0	0.000000	27	0.000022
DP	0	388	0	0.000000	15	0.000012
DP	0	389	0	0.000000	15	0.000012
DP	0	390	0	0.000000	10	0.000008
DP	0	391	0	0.000000	12	0.000010
DP	0	392	0	0.000000	5	0.000004
DP	0	393	0	0.000000	4	0.000003
DP	0	394	0	0.000000	2	0.000002
DP	0	395	0	0.000000	1	0.000001
DP	0	396	0	0.000000	1	0.000001
DP	0	397	0	0.000000	1	0.000001
DP	0	398	0	0.000000	1	0.000001
