/ufrc/lee/braskey/SLURM_scripts
c25a-s19.ufhpc
Wed May 13 11:30:34 EDT 2020
Calling variants for aligned racemosa genomic data
Note: none of --samples-file, --ploidy or --ploidy-file given, assuming all sites are diploid
[mpileup] 1 samples in 1 input files
[mpileup] maximum number of reads per input file set to -d 250
index: the file is not BGZF compressed, cannot index: /ufrc/lee/braskey/Data/WGS/bwa/RAC_aln_flt.vcf
# This file was produced by bcftools stats (1.10.2+htslib-1.10.2) and can be plotted using plot-vcfstats.
# The command line was:	bcftools stats  /ufrc/lee/braskey/Data/WGS/bwa/RAC_aln_flt.vcf
#
# Definition of sets:
# ID	[2]id	[3]tab-separated file names
ID	0	/ufrc/lee/braskey/Data/WGS/bwa/RAC_aln_flt.vcf
# SN, Summary numbers:
#   number of records   .. number of data rows in the VCF
#   number of no-ALTs   .. reference-only sites, ALT is either "." or identical to REF
#   number of SNPs      .. number of rows with a SNP
#   number of MNPs      .. number of rows with a MNP, such as CC>TT
#   number of indels    .. number of rows with an indel
#   number of others    .. number of rows with other type, for example a symbolic allele or
#                          a complex substitution, such as ACT>TCGA
#   number of multiallelic sites     .. number of rows with multiple alternate alleles
#   number of multiallelic SNP sites .. number of rows with multiple alternate alleles, all SNPs
# 
#   Note that rows containing multiple types will be counted multiple times, in each
#   counter. For example, a row with a SNP and an indel increments both the SNP and
#   the indel counter.
# 
# SN	[2]id	[3]key	[4]value
SN	0	number of samples:	1
SN	0	number of records:	124745640
SN	0	number of no-ALTs:	118685289
SN	0	number of SNPs:	5987918
SN	0	number of MNPs:	0
SN	0	number of indels:	72433
SN	0	number of others:	0
SN	0	number of multiallelic sites:	59783
SN	0	number of multiallelic SNP sites:	59589
# TSTV, transitions/transversions:
# TSTV	[2]id	[3]ts	[4]tv	[5]ts/tv	[6]ts (1st ALT)	[7]tv (1st ALT)	[8]ts/tv (1st ALT)
TSTV	0	3368241	2681227	1.26	3353731	2634187	1.27
# SiS, Singleton stats:
# SiS	[2]id	[3]allele count	[4]number of SNPs	[5]number of transitions	[6]number of transversions	[7]number of indels	[8]repeat-consistent	[9]repeat-inconsistent	[10]not applicable
SiS	0	1	6049468	3368241	2681227	72657	0	0	72657
# AF, Stats by non-reference allele frequency:
# AF	[2]id	[3]allele frequency	[4]number of SNPs	[5]number of transitions	[6]number of transversions	[7]number of indels	[8]repeat-consistent	[9]repeat-inconsistent	[10]not applicable
AF	0	0.000000	6049468	3368241	2681227	72657	0	0	72657
# QUAL, Stats by quality:
# QUAL	[2]id	[3]Quality	[4]number of SNPs	[5]number of transitions (1st ALT)	[6]number of transversions (1st ALT)	[7]number of indels
QUAL	0	20	18724	10764	7960	426
QUAL	0	21	17733	10181	7552	504
QUAL	0	22	16589	9646	6943	647
QUAL	0	23	18274	10568	7706	396
QUAL	0	24	16400	9537	6863	357
QUAL	0	25	21084	11878	9206	388
QUAL	0	26	18495	10654	7841	405
QUAL	0	27	15039	8794	6245	421
QUAL	0	28	15812	9093	6719	406
QUAL	0	29	17158	9860	7298	355
QUAL	0	30	19304	11037	8267	347
QUAL	0	31	16809	9632	7177	369
QUAL	0	32	16014	9211	6803	371
QUAL	0	33	14266	8320	5946	366
QUAL	0	34	16099	9169	6930	467
QUAL	0	35	57124	30697	26427	347
QUAL	0	36	14984	8573	6411	343
QUAL	0	37	13136	7679	5457	355
QUAL	0	38	14565	8322	6243	322
QUAL	0	39	15153	8748	6405	304
QUAL	0	40	13423	7731	5692	322
QUAL	0	41	13842	7918	5924	353
QUAL	0	42	22972	12739	10233	356
QUAL	0	43	12700	7399	5301	331
QUAL	0	44	13941	8102	5839	311
QUAL	0	45	12318	7114	5204	350
QUAL	0	46	12999	7544	5455	310
QUAL	0	47	13159	7719	5440	326
QUAL	0	48	12853	7437	5416	299
QUAL	0	49	13005	7482	5523	327
QUAL	0	50	12574	7247	5327	307
QUAL	0	51	15644	8894	6750	336
QUAL	0	52	12971	7363	5608	320
QUAL	0	53	12181	6955	5226	319
QUAL	0	54	12654	7258	5396	311
QUAL	0	55	12316	7082	5234	329
QUAL	0	56	12492	7289	5203	263
QUAL	0	57	12449	7200	5249	284
QUAL	0	58	12893	7391	5502	307
QUAL	0	59	34227	18496	15731	313
QUAL	0	60	12238	6961	5277	355
QUAL	0	61	12554	7190	5364	287
QUAL	0	62	11961	6762	5199	271
QUAL	0	63	12527	7173	5354	309
QUAL	0	64	11868	6789	5079	283
QUAL	0	65	12364	7045	5319	244
QUAL	0	66	11091	6400	4691	315
QUAL	0	67	11265	6530	4735	298
QUAL	0	68	12352	7026	5326	259
QUAL	0	69	11284	6333	4951	294
QUAL	0	70	11629	6612	5017	291
QUAL	0	71	16144	9007	7137	326
QUAL	0	72	16675	9245	7430	288
QUAL	0	73	13696	7644	6052	286
QUAL	0	74	10648	6137	4511	311
QUAL	0	75	11162	6304	4858	278
QUAL	0	76	10938	6213	4725	246
QUAL	0	77	11389	6486	4903	266
QUAL	0	78	12099	6815	5284	264
QUAL	0	79	11403	6510	4893	258
QUAL	0	80	23469	12758	10711	276
QUAL	0	81	10851	6258	4593	303
QUAL	0	82	10893	6241	4652	252
QUAL	0	83	10966	6265	4701	243
QUAL	0	84	11070	6312	4758	259
QUAL	0	85	10961	6225	4736	245
QUAL	0	86	10791	6180	4611	242
QUAL	0	87	11392	6379	5013	252
QUAL	0	88	10991	6225	4766	247
QUAL	0	89	10767	6087	4680	283
QUAL	0	90	12706	7148	5558	226
QUAL	0	91	11189	6290	4899	260
QUAL	0	92	10492	6061	4431	248
QUAL	0	93	10667	6127	4540	243
QUAL	0	94	11041	6203	4838	214
QUAL	0	95	11256	6375	4881	267
QUAL	0	96	22575	12098	10477	232
QUAL	0	97	13117	7346	5771	243
QUAL	0	98	10150	5782	4368	241
QUAL	0	99	10685	6004	4681	249
QUAL	0	100	9808	5616	4192	242
QUAL	0	101	10769	5962	4807	245
QUAL	0	102	13333	7400	5933	238
QUAL	0	103	10410	5863	4547	227
QUAL	0	104	10843	6085	4758	236
QUAL	0	105	12014	6670	5344	222
QUAL	0	106	10356	5826	4530	227
QUAL	0	107	10193	5796	4397	233
QUAL	0	108	9995	5665	4330	233
QUAL	0	109	10983	6192	4791	229
QUAL	0	110	16907	9158	7749	236
QUAL	0	111	10124	5669	4455	275
QUAL	0	112	9686	5507	4179	200
QUAL	0	113	10021	5631	4390	194
QUAL	0	114	9928	5583	4345	212
QUAL	0	115	10047	5622	4425	218
QUAL	0	116	13686	7500	6186	199
QUAL	0	117	9935	5557	4378	214
QUAL	0	118	10656	6008	4648	233
QUAL	0	119	11907	6667	5240	232
QUAL	0	120	9699	5423	4276	225
QUAL	0	121	15121	8145	6976	200
QUAL	0	122	9576	5343	4233	194
QUAL	0	123	9304	5186	4118	192
QUAL	0	124	9605	5338	4267	194
QUAL	0	125	9490	5304	4186	208
QUAL	0	126	11357	6205	5152	192
QUAL	0	127	11398	6329	5069	203
QUAL	0	128	11723	6392	5331	203
QUAL	0	129	14157	7580	6577	207
QUAL	0	130	9232	5120	4112	237
QUAL	0	131	8698	4888	3810	206
QUAL	0	132	9906	5510	4396	218
QUAL	0	133	9163	5061	4102	195
QUAL	0	134	10135	5507	4628	196
QUAL	0	135	9050	4992	4058	202
QUAL	0	136	10016	5452	4564	228
QUAL	0	137	13485	7222	6263	177
QUAL	0	138	8653	4688	3965	184
QUAL	0	139	9255	5099	4156	185
QUAL	0	140	10956	5883	5073	174
QUAL	0	141	8723	4852	3871	183
QUAL	0	142	13413	7241	6172	169
QUAL	0	143	8874	4838	4036	179
QUAL	0	144	9062	4935	4127	160
QUAL	0	145	11297	6093	5204	181
QUAL	0	146	10348	5595	4753	166
QUAL	0	147	13140	7006	6134	180
QUAL	0	148	8849	4827	4022	180
QUAL	0	149	13023	7068	5955	194
QUAL	0	150	10269	5527	4742	187
QUAL	0	151	14146	7498	6648	179
QUAL	0	152	11159	6037	5122	178
QUAL	0	153	12362	6524	5838	161
QUAL	0	154	11277	6044	5233	195
QUAL	0	155	13101	6943	6158	167
QUAL	0	156	11670	6271	5399	189
QUAL	0	157	13620	7209	6411	207
QUAL	0	158	12538	6717	5821	170
QUAL	0	159	11733	6253	5480	180
QUAL	0	160	14232	7511	6721	180
QUAL	0	161	15787	8407	7380	195
QUAL	0	162	16370	8637	7733	203
QUAL	0	163	14028	7449	6579	178
QUAL	0	164	11352	6088	5264	206
QUAL	0	165	8685	4662	4023	180
QUAL	0	166	7509	4078	3431	149
QUAL	0	167	7939	4303	3636	179
QUAL	0	168	7185	3980	3205	150
QUAL	0	169	7037	3869	3168	164
QUAL	0	170	6928	3916	3012	169
QUAL	0	171	7359	3981	3378	153
QUAL	0	172	8510	4584	3926	162
QUAL	0	173	6686	3707	2979	189
QUAL	0	174	8753	4836	3917	153
QUAL	0	175	7549	4110	3439	142
QUAL	0	176	7008	3907	3101	138
QUAL	0	177	6882	3755	3127	153
QUAL	0	178	7186	3914	3272	170
QUAL	0	179	7461	4095	3366	160
QUAL	0	180	7315	4007	3308	176
QUAL	0	181	7088	3864	3224	147
QUAL	0	182	8182	4507	3675	140
QUAL	0	183	7225	3856	3369	154
QUAL	0	184	8088	4364	3724	162
QUAL	0	185	8512	4664	3848	130
QUAL	0	186	8495	4608	3887	143
QUAL	0	187	7849	4255	3594	147
QUAL	0	188	8433	4617	3816	122
QUAL	0	189	7203	3912	3291	144
QUAL	0	190	6938	3752	3186	143
QUAL	0	191	7964	4331	3633	137
QUAL	0	192	8584	4622	3962	136
QUAL	0	193	8274	4503	3771	148
QUAL	0	194	10040	5368	4672	149
QUAL	0	195	6898	3817	3081	159
QUAL	0	196	6858	3695	3163	156
QUAL	0	197	6813	3725	3088	128
QUAL	0	198	6741	3651	3090	144
QUAL	0	199	6853	3657	3196	129
QUAL	0	200	6834	3704	3130	141
QUAL	0	201	8045	4345	3700	136
QUAL	0	202	6680	3750	2930	125
QUAL	0	203	7546	4136	3410	150
QUAL	0	204	7829	4247	3582	126
QUAL	0	205	8144	4328	3816	135
QUAL	0	206	6907	3785	3122	157
QUAL	0	207	8354	4456	3898	131
QUAL	0	208	6958	3749	3209	153
QUAL	0	209	7034	3814	3220	116
QUAL	0	210	8292	4536	3756	141
QUAL	0	211	7811	4188	3623	128
QUAL	0	212	8600	4576	4024	117
QUAL	0	213	7533	4018	3515	150
QUAL	0	214	7789	4185	3604	8438
QUAL	0	215	8240	4396	3844	626
QUAL	0	216	9065	4813	4252	320
QUAL	0	217	8420	4555	3865	17085
QUAL	0	218	7163	3879	3284	530
QUAL	0	219	8228	4443	3785	67
QUAL	0	220	9268	4969	4299	0
QUAL	0	221	3444709	1935065	1509644	0
QUAL	0	222	100184	51908	48276	0
QUAL	0	223	2593	1422	1171	0
QUAL	0	224	1888	1064	824	0
QUAL	0	225	117579	72633	44946	0
QUAL	0	226	1551	812	739	0
# IDD, InDel distribution:
# IDD	[2]id	[3]length (deletions negative)	[4]number of sites	[5]number of genotypes	[6]mean VAF
IDD	0	-52	1	0	.
IDD	0	-50	1	0	.
IDD	0	-48	1	0	.
IDD	0	-45	2	0	.
IDD	0	-43	3	0	.
IDD	0	-42	2	0	.
IDD	0	-41	1	0	.
IDD	0	-40	2	0	.
IDD	0	-39	4	0	.
IDD	0	-38	2	0	.
IDD	0	-37	3	0	.
IDD	0	-36	12	0	.
IDD	0	-35	7	0	.
IDD	0	-34	6	0	.
IDD	0	-33	12	0	.
IDD	0	-32	6	0	.
IDD	0	-31	3	0	.
IDD	0	-30	17	0	.
IDD	0	-29	11	0	.
IDD	0	-28	13	0	.
IDD	0	-27	23	0	.
IDD	0	-26	22	0	.
IDD	0	-25	17	0	.
IDD	0	-24	50	0	.
IDD	0	-23	32	0	.
IDD	0	-22	31	0	.
IDD	0	-21	81	0	.
IDD	0	-20	49	0	.
IDD	0	-19	49	0	.
IDD	0	-18	109	0	.
IDD	0	-17	64	0	.
IDD	0	-16	92	0	.
IDD	0	-15	222	0	.
IDD	0	-14	159	0	.
IDD	0	-13	178	0	.
IDD	0	-12	440	0	.
IDD	0	-11	329	0	.
IDD	0	-10	451	0	.
IDD	0	-9	834	0	.
IDD	0	-8	835	0	.
IDD	0	-7	930	0	.
IDD	0	-6	1578	0	.
IDD	0	-5	1465	0	.
IDD	0	-4	3463	0	.
IDD	0	-3	5831	0	.
IDD	0	-2	5904	0	.
IDD	0	-1	11818	0	.
IDD	0	1	13392	0	.
IDD	0	2	5928	0	.
IDD	0	3	5492	0	.
IDD	0	4	2788	0	.
IDD	0	5	1462	0	.
IDD	0	6	1615	0	.
IDD	0	7	1170	0	.
IDD	0	8	1176	0	.
IDD	0	9	1287	0	.
IDD	0	10	651	0	.
IDD	0	11	484	0	.
IDD	0	12	606	0	.
IDD	0	13	260	0	.
IDD	0	14	179	0	.
IDD	0	15	203	0	.
IDD	0	16	116	0	.
IDD	0	17	91	0	.
IDD	0	18	113	0	.
IDD	0	19	60	0	.
IDD	0	20	66	0	.
IDD	0	21	85	0	.
IDD	0	22	44	0	.
IDD	0	23	32	0	.
IDD	0	24	46	0	.
IDD	0	25	19	0	.
IDD	0	26	20	0	.
IDD	0	27	28	0	.
IDD	0	28	11	0	.
IDD	0	29	20	0	.
IDD	0	30	23	0	.
IDD	0	31	6	0	.
IDD	0	32	9	0	.
IDD	0	33	3	0	.
IDD	0	34	1	0	.
IDD	0	35	1	0	.
IDD	0	36	5	0	.
# ST, Substitution types:
# ST	[2]id	[3]type	[4]count
ST	0	A>C	291178
ST	0	A>G	769762
ST	0	A>T	502882
ST	0	C>A	303912
ST	0	C>G	242859
ST	0	C>T	915239
ST	0	G>A	915592
ST	0	G>C	242064
ST	0	G>T	303950
ST	0	T>A	502798
ST	0	T>C	767648
ST	0	T>G	291584
# DP, Depth distribution
# DP	[2]id	[3]bin	[4]number of genotypes	[5]fraction of genotypes (%)	[6]number of sites	[7]fraction of sites (%)
DP	0	0	0	0.000000	921313	0.738553
DP	0	1	0	0.000000	6745494	5.407399
DP	0	2	0	0.000000	13124962	10.521379
DP	0	3	0	0.000000	3492325	2.799557
DP	0	4	0	0.000000	6079834	4.873785
DP	0	5	0	0.000000	2501059	2.004927
DP	0	6	0	0.000000	3575592	2.866306
DP	0	7	0	0.000000	2025447	1.623662
DP	0	8	0	0.000000	2508199	2.010651
DP	0	9	0	0.000000	1779016	1.426115
DP	0	10	0	0.000000	2002134	1.604973
DP	0	11	0	0.000000	1636469	1.311845
DP	0	12	0	0.000000	1736528	1.392055
DP	0	13	0	0.000000	1525045	1.222524
DP	0	14	0	0.000000	1589278	1.274015
DP	0	15	0	0.000000	1464579	1.174052
DP	0	16	0	0.000000	1498579	1.201308
DP	0	17	0	0.000000	1421170	1.139254
DP	0	18	0	0.000000	1444005	1.157559
DP	0	19	0	0.000000	1394722	1.118053
DP	0	20	0	0.000000	1404100	1.125570
DP	0	21	0	0.000000	1372165	1.099970
DP	0	22	0	0.000000	1377772	1.104465
DP	0	23	0	0.000000	1348241	1.080792
DP	0	24	0	0.000000	1347479	1.080181
DP	0	25	0	0.000000	1331108	1.067058
DP	0	26	0	0.000000	1331778	1.067595
DP	0	27	0	0.000000	1306958	1.047698
DP	0	28	0	0.000000	1310471	1.050514
DP	0	29	0	0.000000	1290551	1.034546
DP	0	30	0	0.000000	1295793	1.038748
DP	0	31	0	0.000000	1279954	1.026051
DP	0	32	0	0.000000	1288833	1.033169
DP	0	33	0	0.000000	1284418	1.029630
DP	0	34	0	0.000000	1298282	1.040743
DP	0	35	0	0.000000	1309880	1.050041
DP	0	36	0	0.000000	1330047	1.066207
DP	0	37	0	0.000000	1343424	1.076931
DP	0	38	0	0.000000	1373054	1.100683
DP	0	39	0	0.000000	1397865	1.120572
DP	0	40	0	0.000000	1428704	1.145294
DP	0	41	0	0.000000	1457744	1.168573
DP	0	42	0	0.000000	1492045	1.196070
DP	0	43	0	0.000000	1517751	1.216677
DP	0	44	0	0.000000	1551625	1.243831
DP	0	45	0	0.000000	1563807	1.253597
DP	0	46	0	0.000000	1579274	1.265995
DP	0	47	0	0.000000	1584476	1.270165
DP	0	48	0	0.000000	1583342	1.269256
DP	0	49	0	0.000000	1566880	1.256060
DP	0	50	0	0.000000	1548407	1.241251
DP	0	51	0	0.000000	1511408	1.211592
DP	0	52	0	0.000000	1472119	1.180097
DP	0	53	0	0.000000	1421486	1.139508
DP	0	54	0	0.000000	1366888	1.095740
DP	0	55	0	0.000000	1301723	1.043502
DP	0	56	0	0.000000	1227061	0.983650
DP	0	57	0	0.000000	1151150	0.922798
DP	0	58	0	0.000000	1075977	0.862537
DP	0	59	0	0.000000	991720	0.794994
DP	0	60	0	0.000000	911736	0.730876
DP	0	61	0	0.000000	831594	0.666632
DP	0	62	0	0.000000	756595	0.606510
DP	0	63	0	0.000000	681042	0.545945
DP	0	64	0	0.000000	614134	0.492309
DP	0	65	0	0.000000	544356	0.436373
DP	0	66	0	0.000000	483893	0.387904
DP	0	67	0	0.000000	427236	0.342486
DP	0	68	0	0.000000	377222	0.302393
DP	0	69	0	0.000000	330028	0.264561
DP	0	70	0	0.000000	289043	0.231706
DP	0	71	0	0.000000	252523	0.202430
DP	0	72	0	0.000000	221466	0.177534
DP	0	73	0	0.000000	194149	0.155636
DP	0	74	0	0.000000	169748	0.136075
DP	0	75	0	0.000000	148121	0.118738
DP	0	76	0	0.000000	133526	0.107039
DP	0	77	0	0.000000	119020	0.095410
DP	0	78	0	0.000000	106492	0.085367
DP	0	79	0	0.000000	95002	0.076157
DP	0	80	0	0.000000	87657	0.070269
DP	0	81	0	0.000000	79658	0.063856
DP	0	82	0	0.000000	75579	0.060586
DP	0	83	0	0.000000	68514	0.054923
DP	0	84	0	0.000000	65679	0.052650
DP	0	85	0	0.000000	61522	0.049318
DP	0	86	0	0.000000	59323	0.047555
DP	0	87	0	0.000000	56426	0.045233
DP	0	88	0	0.000000	54940	0.044042
DP	0	89	0	0.000000	52418	0.042020
DP	0	90	0	0.000000	52003	0.041687
DP	0	91	0	0.000000	49518	0.039695
DP	0	92	0	0.000000	48718	0.039054
DP	0	93	0	0.000000	48158	0.038605
DP	0	94	0	0.000000	46910	0.037605
DP	0	95	0	0.000000	46018	0.036889
DP	0	96	0	0.000000	45125	0.036174
DP	0	97	0	0.000000	43745	0.035067
DP	0	98	0	0.000000	43301	0.034711
DP	0	99	0	0.000000	42193	0.033823
DP	0	100	0	0.000000	41669	0.033403
DP	0	101	0	0.000000	41196	0.033024
DP	0	102	0	0.000000	40097	0.032143
DP	0	103	0	0.000000	38233	0.030649
DP	0	104	0	0.000000	37994	0.030457
DP	0	105	0	0.000000	36678	0.029402
DP	0	106	0	0.000000	35957	0.028824
DP	0	107	0	0.000000	33960	0.027223
DP	0	108	0	0.000000	33413	0.026785
DP	0	109	0	0.000000	32411	0.025982
DP	0	110	0	0.000000	32094	0.025728
DP	0	111	0	0.000000	31130	0.024955
DP	0	112	0	0.000000	30592	0.024524
DP	0	113	0	0.000000	29749	0.023848
DP	0	114	0	0.000000	29120	0.023344
DP	0	115	0	0.000000	27845	0.022321
DP	0	116	0	0.000000	26934	0.021591
DP	0	117	0	0.000000	26034	0.020870
DP	0	118	0	0.000000	25054	0.020084
DP	0	119	0	0.000000	24259	0.019447
DP	0	120	0	0.000000	23855	0.019123
DP	0	121	0	0.000000	22523	0.018055
DP	0	122	0	0.000000	21953	0.017598
DP	0	123	0	0.000000	21146	0.016951
DP	0	124	0	0.000000	20678	0.016576
DP	0	125	0	0.000000	19989	0.016024
DP	0	126	0	0.000000	19612	0.015722
DP	0	127	0	0.000000	18915	0.015163
DP	0	128	0	0.000000	18378	0.014732
DP	0	129	0	0.000000	17942	0.014383
DP	0	130	0	0.000000	17510	0.014037
DP	0	131	0	0.000000	16807	0.013473
DP	0	132	0	0.000000	16575	0.013287
DP	0	133	0	0.000000	16147	0.012944
DP	0	134	0	0.000000	16152	0.012948
DP	0	135	0	0.000000	15348	0.012303
DP	0	136	0	0.000000	14801	0.011865
DP	0	137	0	0.000000	14206	0.011388
DP	0	138	0	0.000000	14331	0.011488
DP	0	139	0	0.000000	13877	0.011124
DP	0	140	0	0.000000	13875	0.011123
DP	0	141	0	0.000000	13280	0.010646
DP	0	142	0	0.000000	13301	0.010662
DP	0	143	0	0.000000	12882	0.010327
DP	0	144	0	0.000000	12923	0.010359
DP	0	145	0	0.000000	12843	0.010295
DP	0	146	0	0.000000	12785	0.010249
DP	0	147	0	0.000000	12694	0.010176
DP	0	148	0	0.000000	12164	0.009751
DP	0	149	0	0.000000	11995	0.009616
DP	0	150	0	0.000000	11496	0.009216
DP	0	151	0	0.000000	11389	0.009130
DP	0	152	0	0.000000	11315	0.009070
DP	0	153	0	0.000000	11031	0.008843
DP	0	154	0	0.000000	11078	0.008880
DP	0	155	0	0.000000	10722	0.008595
DP	0	156	0	0.000000	10561	0.008466
DP	0	157	0	0.000000	10201	0.008177
DP	0	158	0	0.000000	10320	0.008273
DP	0	159	0	0.000000	10178	0.008159
DP	0	160	0	0.000000	10151	0.008137
DP	0	161	0	0.000000	9711	0.007785
DP	0	162	0	0.000000	9831	0.007881
DP	0	163	0	0.000000	9559	0.007663
DP	0	164	0	0.000000	9424	0.007555
DP	0	165	0	0.000000	9088	0.007285
DP	0	166	0	0.000000	9255	0.007419
DP	0	167	0	0.000000	8996	0.007211
DP	0	168	0	0.000000	8920	0.007151
DP	0	169	0	0.000000	8954	0.007178
DP	0	170	0	0.000000	8344	0.006689
DP	0	171	0	0.000000	8282	0.006639
DP	0	172	0	0.000000	8379	0.006717
DP	0	173	0	0.000000	8145	0.006529
DP	0	174	0	0.000000	8192	0.006567
DP	0	175	0	0.000000	7784	0.006240
DP	0	176	0	0.000000	7708	0.006179
DP	0	177	0	0.000000	7582	0.006078
DP	0	178	0	0.000000	7619	0.006108
DP	0	179	0	0.000000	7511	0.006021
DP	0	180	0	0.000000	7493	0.006007
DP	0	181	0	0.000000	7686	0.006161
DP	0	182	0	0.000000	7114	0.005703
DP	0	183	0	0.000000	7337	0.005882
DP	0	184	0	0.000000	7427	0.005954
DP	0	185	0	0.000000	7133	0.005718
DP	0	186	0	0.000000	7187	0.005761
DP	0	187	0	0.000000	7144	0.005727
DP	0	188	0	0.000000	6772	0.005429
DP	0	189	0	0.000000	7000	0.005611
DP	0	190	0	0.000000	7002	0.005613
DP	0	191	0	0.000000	6794	0.005446
DP	0	192	0	0.000000	6947	0.005569
DP	0	193	0	0.000000	6919	0.005546
DP	0	194	0	0.000000	6784	0.005438
DP	0	195	0	0.000000	6693	0.005365
DP	0	196	0	0.000000	6534	0.005238
DP	0	197	0	0.000000	6469	0.005186
DP	0	198	0	0.000000	6827	0.005473
DP	0	199	0	0.000000	6501	0.005211
DP	0	200	0	0.000000	6407	0.005136
DP	0	201	0	0.000000	6388	0.005121
DP	0	202	0	0.000000	6480	0.005195
DP	0	203	0	0.000000	6284	0.005037
DP	0	204	0	0.000000	6234	0.004997
DP	0	205	0	0.000000	6304	0.005053
DP	0	206	0	0.000000	6237	0.005000
DP	0	207	0	0.000000	6130	0.004914
DP	0	208	0	0.000000	6315	0.005062
DP	0	209	0	0.000000	6184	0.004957
DP	0	210	0	0.000000	6217	0.004984
DP	0	211	0	0.000000	6126	0.004911
DP	0	212	0	0.000000	6110	0.004898
DP	0	213	0	0.000000	6083	0.004876
DP	0	214	0	0.000000	6054	0.004853
DP	0	215	0	0.000000	5949	0.004769
DP	0	216	0	0.000000	6143	0.004924
DP	0	217	0	0.000000	5984	0.004797
DP	0	218	0	0.000000	6129	0.004913
DP	0	219	0	0.000000	6080	0.004874
DP	0	220	0	0.000000	5952	0.004771
DP	0	221	0	0.000000	6185	0.004958
DP	0	222	0	0.000000	6205	0.004974
DP	0	223	0	0.000000	6148	0.004928
DP	0	224	0	0.000000	6174	0.004949
DP	0	225	0	0.000000	6289	0.005041
DP	0	226	0	0.000000	6158	0.004936
DP	0	227	0	0.000000	6426	0.005151
DP	0	228	0	0.000000	6298	0.005049
DP	0	229	0	0.000000	6440	0.005163
DP	0	230	0	0.000000	6554	0.005254
DP	0	231	0	0.000000	6705	0.005375
DP	0	232	0	0.000000	6686	0.005360
DP	0	233	0	0.000000	6701	0.005372
DP	0	234	0	0.000000	6977	0.005593
DP	0	235	0	0.000000	7119	0.005707
DP	0	236	0	0.000000	7186	0.005761
DP	0	237	0	0.000000	7525	0.006032
DP	0	238	0	0.000000	7796	0.006250
DP	0	239	0	0.000000	8284	0.006641
DP	0	240	0	0.000000	8914	0.007146
DP	0	241	0	0.000000	9270	0.007431
DP	0	242	0	0.000000	10096	0.008093
DP	0	243	0	0.000000	11239	0.009010
DP	0	244	0	0.000000	12770	0.010237
DP	0	245	0	0.000000	15255	0.012229
DP	0	246	0	0.000000	18878	0.015133
DP	0	247	0	0.000000	23381	0.018743
DP	0	248	0	0.000000	32954	0.026417
DP	0	249	0	0.000000	81466	0.065306
DP	0	250	0	0.000000	57459	0.046061
DP	0	251	0	0.000000	37510	0.030069
DP	0	252	0	0.000000	29131	0.023352
DP	0	253	0	0.000000	24320	0.019496
DP	0	254	0	0.000000	20999	0.016833
DP	0	255	0	0.000000	18395	0.014746
DP	0	256	0	0.000000	16772	0.013445
DP	0	257	0	0.000000	14504	0.011627
DP	0	258	0	0.000000	12849	0.010300
DP	0	259	0	0.000000	11690	0.009371
DP	0	260	0	0.000000	10418	0.008351
DP	0	261	0	0.000000	9705	0.007780
DP	0	262	0	0.000000	8771	0.007031
DP	0	263	0	0.000000	8343	0.006688
DP	0	264	0	0.000000	7555	0.006056
DP	0	265	0	0.000000	6944	0.005567
DP	0	266	0	0.000000	6400	0.005130
DP	0	267	0	0.000000	5826	0.004670
DP	0	268	0	0.000000	5486	0.004398
DP	0	269	0	0.000000	5070	0.004064
DP	0	270	0	0.000000	4589	0.003679
DP	0	271	0	0.000000	4191	0.003360
DP	0	272	0	0.000000	4007	0.003212
DP	0	273	0	0.000000	3583	0.002872
DP	0	274	0	0.000000	3535	0.002834
DP	0	275	0	0.000000	3149	0.002524
DP	0	276	0	0.000000	2943	0.002359
DP	0	277	0	0.000000	2904	0.002328
DP	0	278	0	0.000000	2706	0.002169
DP	0	279	0	0.000000	2552	0.002046
DP	0	280	0	0.000000	2407	0.001930
DP	0	281	0	0.000000	2173	0.001742
DP	0	282	0	0.000000	2043	0.001638
DP	0	283	0	0.000000	1983	0.001590
DP	0	284	0	0.000000	1772	0.001420
DP	0	285	0	0.000000	1670	0.001339
DP	0	286	0	0.000000	1542	0.001236
DP	0	287	0	0.000000	1518	0.001217
DP	0	288	0	0.000000	1502	0.001204
DP	0	289	0	0.000000	1401	0.001123
DP	0	290	0	0.000000	1354	0.001085
DP	0	291	0	0.000000	1291	0.001035
DP	0	292	0	0.000000	1151	0.000923
DP	0	293	0	0.000000	1112	0.000891
DP	0	294	0	0.000000	1062	0.000851
DP	0	295	0	0.000000	1059	0.000849
DP	0	296	0	0.000000	1013	0.000812
DP	0	297	0	0.000000	963	0.000772
DP	0	298	0	0.000000	905	0.000725
DP	0	299	0	0.000000	860	0.000689
DP	0	300	0	0.000000	793	0.000636
DP	0	301	0	0.000000	785	0.000629
DP	0	302	0	0.000000	799	0.000641
DP	0	303	0	0.000000	716	0.000574
DP	0	304	0	0.000000	650	0.000521
DP	0	305	0	0.000000	635	0.000509
DP	0	306	0	0.000000	642	0.000515
DP	0	307	0	0.000000	622	0.000499
DP	0	308	0	0.000000	548	0.000439
DP	0	309	0	0.000000	536	0.000430
DP	0	310	0	0.000000	523	0.000419
DP	0	311	0	0.000000	523	0.000419
DP	0	312	0	0.000000	480	0.000385
DP	0	313	0	0.000000	507	0.000406
DP	0	314	0	0.000000	473	0.000379
DP	0	315	0	0.000000	522	0.000418
DP	0	316	0	0.000000	454	0.000364
DP	0	317	0	0.000000	423	0.000339
DP	0	318	0	0.000000	458	0.000367
DP	0	319	0	0.000000	398	0.000319
DP	0	320	0	0.000000	373	0.000299
DP	0	321	0	0.000000	385	0.000309
DP	0	322	0	0.000000	333	0.000267
DP	0	323	0	0.000000	340	0.000273
DP	0	324	0	0.000000	328	0.000263
DP	0	325	0	0.000000	322	0.000258
DP	0	326	0	0.000000	311	0.000249
DP	0	327	0	0.000000	302	0.000242
DP	0	328	0	0.000000	284	0.000228
DP	0	329	0	0.000000	290	0.000232
DP	0	330	0	0.000000	294	0.000236
DP	0	331	0	0.000000	263	0.000211
DP	0	332	0	0.000000	237	0.000190
DP	0	333	0	0.000000	253	0.000203
DP	0	334	0	0.000000	244	0.000196
DP	0	335	0	0.000000	241	0.000193
DP	0	336	0	0.000000	218	0.000175
DP	0	337	0	0.000000	224	0.000180
DP	0	338	0	0.000000	215	0.000172
DP	0	339	0	0.000000	198	0.000159
DP	0	340	0	0.000000	187	0.000150
DP	0	341	0	0.000000	178	0.000143
DP	0	342	0	0.000000	167	0.000134
DP	0	343	0	0.000000	157	0.000126
DP	0	344	0	0.000000	142	0.000114
DP	0	345	0	0.000000	141	0.000113
DP	0	346	0	0.000000	139	0.000111
DP	0	347	0	0.000000	137	0.000110
DP	0	348	0	0.000000	142	0.000114
DP	0	349	0	0.000000	139	0.000111
DP	0	350	0	0.000000	124	0.000099
DP	0	351	0	0.000000	122	0.000098
DP	0	352	0	0.000000	124	0.000099
DP	0	353	0	0.000000	125	0.000100
DP	0	354	0	0.000000	117	0.000094
DP	0	355	0	0.000000	121	0.000097
DP	0	356	0	0.000000	119	0.000095
DP	0	357	0	0.000000	119	0.000095
DP	0	358	0	0.000000	113	0.000091
DP	0	359	0	0.000000	119	0.000095
DP	0	360	0	0.000000	97	0.000078
DP	0	361	0	0.000000	104	0.000083
DP	0	362	0	0.000000	94	0.000075
DP	0	363	0	0.000000	84	0.000067
DP	0	364	0	0.000000	95	0.000076
DP	0	365	0	0.000000	82	0.000066
DP	0	366	0	0.000000	88	0.000071
DP	0	367	0	0.000000	76	0.000061
DP	0	368	0	0.000000	78	0.000063
DP	0	369	0	0.000000	70	0.000056
DP	0	370	0	0.000000	66	0.000053
DP	0	371	0	0.000000	57	0.000046
DP	0	372	0	0.000000	54	0.000043
DP	0	373	0	0.000000	53	0.000042
DP	0	374	0	0.000000	59	0.000047
DP	0	375	0	0.000000	50	0.000040
DP	0	376	0	0.000000	46	0.000037
DP	0	377	0	0.000000	43	0.000034
DP	0	378	0	0.000000	40	0.000032
DP	0	379	0	0.000000	41	0.000033
DP	0	380	0	0.000000	36	0.000029
DP	0	381	0	0.000000	33	0.000026
DP	0	382	0	0.000000	25	0.000020
DP	0	383	0	0.000000	19	0.000015
DP	0	384	0	0.000000	21	0.000017
DP	0	385	0	0.000000	13	0.000010
DP	0	386	0	0.000000	16	0.000013
DP	0	387	0	0.000000	11	0.000009
DP	0	388	0	0.000000	12	0.000010
DP	0	389	0	0.000000	6	0.000005
DP	0	390	0	0.000000	4	0.000003
DP	0	391	0	0.000000	1	0.000001
