# This file was produced by bcftools stats (1.10.2+htslib-1.10.2) and can be plotted using plot-vcfstats.
# The command line was:	bcftools stats  /ufrc/lee/braskey/Data/WGS/RAC_aln_filtered.vcf
#
# Definition of sets:
# ID	[2]id	[3]tab-separated file names
ID	0	/ufrc/lee/braskey/Data/WGS/RAC_aln_filtered.vcf
# SN, Summary numbers:
#   number of records   .. number of data rows in the VCF
#   number of no-ALTs   .. reference-only sites, ALT is either "." or identical to REF
#   number of SNPs      .. number of rows with a SNP
#   number of MNPs      .. number of rows with a MNP, such as CC>TT
#   number of indels    .. number of rows with an indel
#   number of others    .. number of rows with other type, for example a symbolic allele or
#                          a complex substitution, such as ACT>TCGA
#   number of multiallelic sites     .. number of rows with multiple alternate alleles
#   number of multiallelic SNP sites .. number of rows with multiple alternate alleles, all SNPs
# 
#   Note that rows containing multiple types will be counted multiple times, in each
#   counter. For example, a row with a SNP and an indel increments both the SNP and
#   the indel counter.
# 
# SN	[2]id	[3]key	[4]value
SN	0	number of samples:	1
SN	0	number of records:	86971181
SN	0	number of no-ALTs:	81112118
SN	0	number of SNPs:	5859063
SN	0	number of MNPs:	0
SN	0	number of indels:	0
SN	0	number of others:	0
SN	0	number of multiallelic sites:	61764
SN	0	number of multiallelic SNP sites:	61764
# TSTV, transitions/transversions:
# TSTV	[2]id	[3]ts	[4]tv	[5]ts/tv	[6]ts (1st ALT)	[7]tv (1st ALT)	[8]ts/tv (1st ALT)
TSTV	0	3314410	2608526	1.27	3299312	2559751	1.29
# SiS, Singleton stats:
# SiS	[2]id	[3]allele count	[4]number of SNPs	[5]number of transitions	[6]number of transversions	[7]number of indels	[8]repeat-consistent	[9]repeat-inconsistent	[10]not applicable
SiS	0	1	5922936	3314410	2608526	0	0	0	0
# AF, Stats by non-reference allele frequency:
# AF	[2]id	[3]allele frequency	[4]number of SNPs	[5]number of transitions	[6]number of transversions	[7]number of indels	[8]repeat-consistent	[9]repeat-inconsistent	[10]not applicable
AF	0	0.000000	5922936	3314410	2608526	0	0	0	0
# QUAL, Stats by quality:
# QUAL	[2]id	[3]Quality	[4]number of SNPs	[5]number of transitions (1st ALT)	[6]number of transversions (1st ALT)	[7]number of indels
QUAL	0	3	35585	20873	14712	0
QUAL	0	4	43700	25516	18184	0
QUAL	0	5	21194	12546	8648	0
QUAL	0	6	37497	21888	15609	0
QUAL	0	7	21355	12139	9216	0
QUAL	0	8	15393	9151	6242	0
QUAL	0	9	15503	9135	6368	0
QUAL	0	10	13416	7908	5508	0
QUAL	0	11	13090	7749	5341	0
QUAL	0	12	13412	7965	5447	0
QUAL	0	13	12283	7202	5081	0
QUAL	0	14	11473	6767	4706	0
QUAL	0	15	12682	7573	5109	0
QUAL	0	16	11384	6742	4642	0
QUAL	0	17	10902	6395	4507	0
QUAL	0	18	11299	6694	4605	0
QUAL	0	19	10946	6450	4496	0
QUAL	0	20	10911	6458	4453	0
QUAL	0	21	10911	6412	4499	0
QUAL	0	22	10791	6467	4324	0
QUAL	0	23	11048	6511	4537	0
QUAL	0	24	10379	6247	4132	0
QUAL	0	25	10694	6302	4392	0
QUAL	0	26	10636	6304	4332	0
QUAL	0	27	9685	5844	3841	0
QUAL	0	28	9909	5859	4050	0
QUAL	0	29	10324	6046	4278	0
QUAL	0	30	10178	6029	4149	0
QUAL	0	31	12004	7052	4952	0
QUAL	0	32	9826	5782	4044	0
QUAL	0	33	9897	5920	3977	0
QUAL	0	34	9848	5831	4017	0
QUAL	0	35	10421	6039	4382	0
QUAL	0	36	10224	5968	4256	0
QUAL	0	37	9601	5728	3873	0
QUAL	0	38	9711	5709	4002	0
QUAL	0	39	10053	5939	4114	0
QUAL	0	40	9515	5610	3905	0
QUAL	0	41	10042	5809	4233	0
QUAL	0	42	10023	5851	4172	0
QUAL	0	43	9568	5678	3890	0
QUAL	0	44	10195	6023	4172	0
QUAL	0	45	9203	5427	3776	0
QUAL	0	46	9440	5599	3841	0
QUAL	0	47	9526	5623	3903	0
QUAL	0	48	9112	5335	3777	0
QUAL	0	49	9037	5295	3742	0
QUAL	0	50	9082	5363	3719	0
QUAL	0	51	9196	5422	3774	0
QUAL	0	52	9451	5479	3972	0
QUAL	0	53	9217	5348	3869	0
QUAL	0	54	9175	5411	3764	0
QUAL	0	55	9363	5484	3879	0
QUAL	0	56	9275	5495	3780	0
QUAL	0	57	9403	5504	3899	0
QUAL	0	58	9303	5427	3876	0
QUAL	0	59	9954	5743	4211	0
QUAL	0	60	9154	5336	3818	0
QUAL	0	61	9162	5350	3812	0
QUAL	0	62	9118	5281	3837	0
QUAL	0	63	9459	5478	3981	0
QUAL	0	64	9175	5285	3890	0
QUAL	0	65	9259	5429	3830	0
QUAL	0	66	8957	5212	3745	0
QUAL	0	67	8972	5254	3718	0
QUAL	0	68	9628	5511	4117	0
QUAL	0	69	9136	5184	3952	0
QUAL	0	70	9290	5327	3963	0
QUAL	0	71	9020	5183	3837	0
QUAL	0	72	9329	5350	3979	0
QUAL	0	73	9554	5423	4131	0
QUAL	0	74	8901	5159	3742	0
QUAL	0	75	9273	5261	4012	0
QUAL	0	76	9232	5331	3901	0
QUAL	0	77	9304	5346	3958	0
QUAL	0	78	9412	5343	4069	0
QUAL	0	79	9193	5245	3948	0
QUAL	0	80	9608	5459	4149	0
QUAL	0	81	9202	5357	3845	0
QUAL	0	82	9326	5364	3962	0
QUAL	0	83	9307	5392	3915	0
QUAL	0	84	9142	5282	3860	0
QUAL	0	85	9199	5252	3947	0
QUAL	0	86	9490	5466	4024	0
QUAL	0	87	9391	5355	4036	0
QUAL	0	88	9344	5353	3991	0
QUAL	0	89	9445	5382	4063	0
QUAL	0	90	9195	5276	3919	0
QUAL	0	91	9327	5300	4027	0
QUAL	0	92	9169	5343	3826	0
QUAL	0	93	9223	5348	3875	0
QUAL	0	94	9441	5326	4115	0
QUAL	0	95	9764	5529	4235	0
QUAL	0	96	9461	5346	4115	0
QUAL	0	97	9278	5298	3980	0
QUAL	0	98	9281	5251	4030	0
QUAL	0	99	9416	5363	4053	0
QUAL	0	100	9175	5257	3918	0
QUAL	0	101	9588	5353	4235	0
QUAL	0	102	9377	5335	4042	0
QUAL	0	103	9473	5331	4142	0
QUAL	0	104	9834	5544	4290	0
QUAL	0	105	9774	5493	4281	0
QUAL	0	106	9463	5323	4140	0
QUAL	0	107	9329	5324	4005	0
QUAL	0	108	9491	5434	4057	0
QUAL	0	109	9623	5470	4153	0
QUAL	0	110	9613	5443	4170	0
QUAL	0	111	9503	5363	4140	0
QUAL	0	112	9234	5207	4027	0
QUAL	0	113	9540	5364	4176	0
QUAL	0	114	9278	5222	4056	0
QUAL	0	115	9432	5313	4119	0
QUAL	0	116	10131	5670	4461	0
QUAL	0	117	9335	5210	4125	0
QUAL	0	118	9434	5352	4082	0
QUAL	0	119	9671	5462	4209	0
QUAL	0	120	9319	5176	4143	0
QUAL	0	121	10190	5626	4564	0
QUAL	0	122	9393	5210	4183	0
QUAL	0	123	9210	5132	4078	0
QUAL	0	124	9442	5219	4223	0
QUAL	0	125	9421	5238	4183	0
QUAL	0	126	10946	5980	4966	0
QUAL	0	127	9198	5172	4026	0
QUAL	0	128	9359	5179	4180	0
QUAL	0	129	14099	7565	6534	0
QUAL	0	130	9202	5099	4103	0
QUAL	0	131	8560	4797	3763	0
QUAL	0	132	8903	5030	3873	0
QUAL	0	133	9018	5002	4016	0
QUAL	0	134	10063	5489	4574	0
QUAL	0	135	9077	5005	4072	0
QUAL	0	136	8887	4864	4023	0
QUAL	0	137	13329	7075	6254	0
QUAL	0	138	8440	4575	3865	0
QUAL	0	139	8629	4750	3879	0
QUAL	0	140	10590	5646	4944	0
QUAL	0	141	8812	4863	3949	0
QUAL	0	142	13396	7234	6162	0
QUAL	0	143	8517	4626	3891	0
QUAL	0	144	8822	4787	4035	0
QUAL	0	145	10591	5717	4874	0
QUAL	0	146	8993	4886	4107	0
QUAL	0	147	13110	7026	6084	0
QUAL	0	148	9033	4924	4109	0
QUAL	0	149	11474	6230	5244	0
QUAL	0	150	9565	5151	4414	0
QUAL	0	151	14199	7529	6670	0
QUAL	0	152	9757	5286	4471	0
QUAL	0	153	12538	6628	5910	0
QUAL	0	154	11277	6062	5215	0
QUAL	0	155	13060	6958	6102	0
QUAL	0	156	11449	6173	5276	0
QUAL	0	157	13557	7174	6383	0
QUAL	0	158	12646	6756	5890	0
QUAL	0	159	11652	6209	5443	0
QUAL	0	160	14368	7543	6825	0
QUAL	0	161	15800	8400	7400	0
QUAL	0	162	15513	8181	7332	0
QUAL	0	163	13964	7426	6538	0
QUAL	0	164	11442	6105	5337	0
QUAL	0	165	8431	4522	3909	0
QUAL	0	166	7527	4102	3425	0
QUAL	0	167	7232	3947	3285	0
QUAL	0	168	7311	4079	3232	0
QUAL	0	169	6936	3819	3117	0
QUAL	0	170	7024	3957	3067	0
QUAL	0	171	7461	4030	3431	0
QUAL	0	172	7695	4124	3571	0
QUAL	0	173	6774	3758	3016	0
QUAL	0	174	7782	4305	3477	0
QUAL	0	175	7739	4217	3522	0
QUAL	0	176	7160	4007	3153	0
QUAL	0	177	7037	3805	3232	0
QUAL	0	178	7353	4007	3346	0
QUAL	0	179	7507	4120	3387	0
QUAL	0	180	7420	4056	3364	0
QUAL	0	181	7169	3931	3238	0
QUAL	0	182	8247	4533	3714	0
QUAL	0	183	7331	3940	3391	0
QUAL	0	184	8179	4406	3773	0
QUAL	0	185	8565	4690	3875	0
QUAL	0	186	8553	4643	3910	0
QUAL	0	187	7942	4314	3628	0
QUAL	0	188	8530	4655	3875	0
QUAL	0	189	7254	3918	3336	0
QUAL	0	190	6988	3775	3213	0
QUAL	0	191	8122	4413	3709	0
QUAL	0	192	8602	4675	3927	0
QUAL	0	193	8351	4529	3822	0
QUAL	0	194	10063	5388	4675	0
QUAL	0	195	6961	3828	3133	0
QUAL	0	196	6921	3749	3172	0
QUAL	0	197	6829	3760	3069	0
QUAL	0	198	6875	3723	3152	0
QUAL	0	199	6882	3666	3216	0
QUAL	0	200	6840	3695	3145	0
QUAL	0	201	8078	4357	3721	0
QUAL	0	202	6772	3772	3000	0
QUAL	0	203	7611	4152	3459	0
QUAL	0	204	7894	4289	3605	0
QUAL	0	205	8197	4381	3816	0
QUAL	0	206	6935	3810	3125	0
QUAL	0	207	8415	4498	3917	0
QUAL	0	208	6999	3778	3221	0
QUAL	0	209	7004	3793	3211	0
QUAL	0	210	8238	4490	3748	0
QUAL	0	211	7858	4199	3659	0
QUAL	0	212	8636	4599	4037	0
QUAL	0	213	7592	4058	3534	0
QUAL	0	214	7846	4209	3637	0
QUAL	0	215	8288	4410	3878	0
QUAL	0	216	9084	4827	4257	0
QUAL	0	217	8427	4545	3882	0
QUAL	0	218	7187	3892	3295	0
QUAL	0	219	8260	4478	3782	0
QUAL	0	220	9218	4945	4273	0
QUAL	0	221	3445785	1935672	1510113	0
QUAL	0	222	99418	51482	47936	0
QUAL	0	223	2624	1431	1193	0
QUAL	0	224	1864	1048	816	0
QUAL	0	225	117787	72717	45070	0
QUAL	0	226	1563	825	738	0
# IDD, InDel distribution:
# IDD	[2]id	[3]length (deletions negative)	[4]number of sites	[5]number of genotypes	[6]mean VAF
# ST, Substitution types:
# ST	[2]id	[3]type	[4]count
ST	0	A>C	283680
ST	0	A>G	756620
ST	0	A>T	487919
ST	0	C>A	296077
ST	0	C>G	236390
ST	0	C>T	901796
ST	0	G>A	901516
ST	0	G>C	235359
ST	0	G>T	296320
ST	0	T>A	488339
ST	0	T>C	754478
ST	0	T>G	284442
# DP, Depth distribution
# DP	[2]id	[3]bin	[4]number of genotypes	[5]fraction of genotypes (%)	[6]number of sites	[7]fraction of sites (%)
DP	0	8	0	0.000000	2563991	2.948093
DP	0	9	0	0.000000	1827048	2.100751
DP	0	10	0	0.000000	2046671	2.353275
DP	0	11	0	0.000000	1677164	1.928414
DP	0	12	0	0.000000	1774714	2.040577
DP	0	13	0	0.000000	1560486	1.794256
DP	0	14	0	0.000000	1622198	1.865213
DP	0	15	0	0.000000	1496108	1.720234
DP	0	16	0	0.000000	1528640	1.757640
DP	0	17	0	0.000000	1449383	1.666510
DP	0	18	0	0.000000	1471278	1.691685
DP	0	19	0	0.000000	1420792	1.633635
DP	0	20	0	0.000000	1428503	1.642502
DP	0	21	0	0.000000	1394916	1.603883
DP	0	22	0	0.000000	1398842	1.608397
DP	0	23	0	0.000000	1368151	1.573108
DP	0	24	0	0.000000	1365332	1.569867
DP	0	25	0	0.000000	1347724	1.549621
DP	0	26	0	0.000000	1346772	1.548527
DP	0	27	0	0.000000	1320674	1.518519
DP	0	28	0	0.000000	1323040	1.521240
DP	0	29	0	0.000000	1301471	1.496439
DP	0	30	0	0.000000	1305558	1.501139
DP	0	31	0	0.000000	1288268	1.481258
DP	0	32	0	0.000000	1295829	1.489952
DP	0	33	0	0.000000	1290572	1.483908
DP	0	34	0	0.000000	1303420	1.498680
DP	0	35	0	0.000000	1314329	1.511224
DP	0	36	0	0.000000	1333535	1.533307
DP	0	37	0	0.000000	1346301	1.547985
DP	0	38	0	0.000000	1375456	1.581508
DP	0	39	0	0.000000	1399756	1.609448
DP	0	40	0	0.000000	1430152	1.644398
DP	0	41	0	0.000000	1459002	1.677569
DP	0	42	0	0.000000	1492648	1.716256
DP	0	43	0	0.000000	1518194	1.745629
DP	0	44	0	0.000000	1551859	1.784337
DP	0	45	0	0.000000	1564066	1.798373
DP	0	46	0	0.000000	1579101	1.815660
DP	0	47	0	0.000000	1584417	1.821772
DP	0	48	0	0.000000	1583008	1.820152
DP	0	49	0	0.000000	1566501	1.801173
DP	0	50	0	0.000000	1548138	1.780059
DP	0	51	0	0.000000	1510970	1.737323
DP	0	52	0	0.000000	1471880	1.692377
DP	0	53	0	0.000000	1421272	1.634187
DP	0	54	0	0.000000	1366514	1.571226
DP	0	55	0	0.000000	1301435	1.496398
DP	0	56	0	0.000000	1226850	1.410640
DP	0	57	0	0.000000	1151080	1.323519
DP	0	58	0	0.000000	1075906	1.237083
DP	0	59	0	0.000000	991722	1.140288
DP	0	60	0	0.000000	911779	1.048369
DP	0	61	0	0.000000	831642	0.956227
DP	0	62	0	0.000000	756824	0.870201
DP	0	63	0	0.000000	681244	0.783299
DP	0	64	0	0.000000	614355	0.706389
DP	0	65	0	0.000000	544635	0.626225
DP	0	66	0	0.000000	484248	0.556791
DP	0	67	0	0.000000	427656	0.491722
DP	0	68	0	0.000000	377664	0.434240
DP	0	69	0	0.000000	330438	0.379940
DP	0	70	0	0.000000	289476	0.332841
DP	0	71	0	0.000000	252981	0.290879
DP	0	72	0	0.000000	221910	0.255153
DP	0	73	0	0.000000	194645	0.223804
DP	0	74	0	0.000000	170152	0.195642
DP	0	75	0	0.000000	148597	0.170858
DP	0	76	0	0.000000	133931	0.153995
DP	0	77	0	0.000000	119402	0.137289
DP	0	78	0	0.000000	106966	0.122990
DP	0	79	0	0.000000	95405	0.109697
DP	0	80	0	0.000000	88090	0.101286
DP	0	81	0	0.000000	80055	0.092048
DP	0	82	0	0.000000	75951	0.087329
DP	0	83	0	0.000000	68904	0.079226
DP	0	84	0	0.000000	66014	0.075903
DP	0	85	0	0.000000	61841	0.071105
DP	0	86	0	0.000000	59666	0.068604
DP	0	87	0	0.000000	56794	0.065302
DP	0	88	0	0.000000	55250	0.063527
DP	0	89	0	0.000000	52807	0.060718
DP	0	90	0	0.000000	52320	0.060158
DP	0	91	0	0.000000	49887	0.057360
DP	0	92	0	0.000000	49003	0.056344
DP	0	93	0	0.000000	48439	0.055695
DP	0	94	0	0.000000	47182	0.054250
DP	0	95	0	0.000000	46253	0.053182
DP	0	96	0	0.000000	45372	0.052169
DP	0	97	0	0.000000	43999	0.050590
DP	0	98	0	0.000000	43537	0.050059
DP	0	99	0	0.000000	42409	0.048762
DP	0	100	0	0.000000	41884	0.048158
DP	0	101	0	0.000000	41406	0.047609
DP	0	102	0	0.000000	40344	0.046388
DP	0	103	0	0.000000	38447	0.044207
DP	0	104	0	0.000000	38165	0.043882
DP	0	105	0	0.000000	36885	0.042411
DP	0	106	0	0.000000	36144	0.041559
DP	0	107	0	0.000000	34151	0.039267
DP	0	108	0	0.000000	33578	0.038608
DP	0	109	0	0.000000	32565	0.037443
DP	0	110	0	0.000000	32264	0.037097
DP	0	111	0	0.000000	31270	0.035954
DP	0	112	0	0.000000	30761	0.035369
DP	0	113	0	0.000000	29892	0.034370
DP	0	114	0	0.000000	29253	0.033635
DP	0	115	0	0.000000	28013	0.032210
DP	0	116	0	0.000000	27086	0.031144
DP	0	117	0	0.000000	26153	0.030071
DP	0	118	0	0.000000	25158	0.028927
DP	0	119	0	0.000000	24368	0.028018
DP	0	120	0	0.000000	23975	0.027567
DP	0	121	0	0.000000	22646	0.026039
DP	0	122	0	0.000000	22091	0.025400
DP	0	123	0	0.000000	21274	0.024461
DP	0	124	0	0.000000	20782	0.023895
DP	0	125	0	0.000000	20087	0.023096
DP	0	126	0	0.000000	19725	0.022680
DP	0	127	0	0.000000	19030	0.021881
DP	0	128	0	0.000000	18477	0.021245
DP	0	129	0	0.000000	18070	0.020777
DP	0	130	0	0.000000	17587	0.020222
DP	0	131	0	0.000000	16931	0.019467
DP	0	132	0	0.000000	16651	0.019145
DP	0	133	0	0.000000	16251	0.018685
DP	0	134	0	0.000000	16257	0.018692
DP	0	135	0	0.000000	15444	0.017758
DP	0	136	0	0.000000	14894	0.017125
DP	0	137	0	0.000000	14310	0.016454
DP	0	138	0	0.000000	14408	0.016566
DP	0	139	0	0.000000	13971	0.016064
DP	0	140	0	0.000000	13962	0.016054
DP	0	141	0	0.000000	13352	0.015352
DP	0	142	0	0.000000	13362	0.015364
DP	0	143	0	0.000000	12976	0.014920
DP	0	144	0	0.000000	13003	0.014951
DP	0	145	0	0.000000	12922	0.014858
DP	0	146	0	0.000000	12876	0.014805
DP	0	147	0	0.000000	12793	0.014709
DP	0	148	0	0.000000	12228	0.014060
DP	0	149	0	0.000000	12065	0.013872
DP	0	150	0	0.000000	11588	0.013324
DP	0	151	0	0.000000	11450	0.013165
DP	0	152	0	0.000000	11372	0.013076
DP	0	153	0	0.000000	11113	0.012778
DP	0	154	0	0.000000	11136	0.012804
DP	0	155	0	0.000000	10785	0.012401
DP	0	156	0	0.000000	10615	0.012205
DP	0	157	0	0.000000	10251	0.011787
DP	0	158	0	0.000000	10377	0.011932
DP	0	159	0	0.000000	10254	0.011790
DP	0	160	0	0.000000	10209	0.011738
DP	0	161	0	0.000000	9784	0.011250
DP	0	162	0	0.000000	9888	0.011369
DP	0	163	0	0.000000	9612	0.011052
DP	0	164	0	0.000000	9474	0.010893
DP	0	165	0	0.000000	9145	0.010515
DP	0	166	0	0.000000	9292	0.010684
DP	0	167	0	0.000000	9032	0.010385
DP	0	168	0	0.000000	8972	0.010316
DP	0	169	0	0.000000	8991	0.010338
DP	0	170	0	0.000000	8383	0.009639
DP	0	171	0	0.000000	8338	0.009587
DP	0	172	0	0.000000	8433	0.009696
DP	0	173	0	0.000000	8194	0.009422
DP	0	174	0	0.000000	8238	0.009472
DP	0	175	0	0.000000	7829	0.009002
DP	0	176	0	0.000000	7765	0.008928
DP	0	177	0	0.000000	7612	0.008752
DP	0	178	0	0.000000	7670	0.008819
DP	0	179	0	0.000000	7571	0.008705
DP	0	180	0	0.000000	7547	0.008678
DP	0	181	0	0.000000	7746	0.008906
DP	0	182	0	0.000000	7157	0.008229
DP	0	183	0	0.000000	7392	0.008499
DP	0	184	0	0.000000	7459	0.008576
DP	0	185	0	0.000000	7163	0.008236
DP	0	186	0	0.000000	7236	0.008320
DP	0	187	0	0.000000	7181	0.008257
DP	0	188	0	0.000000	6808	0.007828
DP	0	189	0	0.000000	7026	0.008079
DP	0	190	0	0.000000	7010	0.008060
DP	0	191	0	0.000000	6814	0.007835
DP	0	192	0	0.000000	6978	0.008023
DP	0	193	0	0.000000	6957	0.007999
DP	0	194	0	0.000000	6789	0.007806
DP	0	195	0	0.000000	6726	0.007734
DP	0	196	0	0.000000	6584	0.007570
DP	0	197	0	0.000000	6516	0.007492
DP	0	198	0	0.000000	6847	0.007873
DP	0	199	0	0.000000	6509	0.007484
DP	0	200	0	0.000000	6456	0.007423
DP	0	201	0	0.000000	6436	0.007400
DP	0	202	0	0.000000	6506	0.007481
DP	0	203	0	0.000000	6317	0.007263
DP	0	204	0	0.000000	6265	0.007204
DP	0	205	0	0.000000	6330	0.007278
DP	0	206	0	0.000000	6247	0.007183
DP	0	207	0	0.000000	6140	0.007060
DP	0	208	0	0.000000	6335	0.007284
DP	0	209	0	0.000000	6175	0.007100
DP	0	210	0	0.000000	6238	0.007172
DP	0	211	0	0.000000	6137	0.007056
DP	0	212	0	0.000000	6150	0.007071
DP	0	213	0	0.000000	6093	0.007006
DP	0	214	0	0.000000	6085	0.006997
DP	0	215	0	0.000000	5971	0.006865
DP	0	216	0	0.000000	6166	0.007090
DP	0	217	0	0.000000	6008	0.006908
DP	0	218	0	0.000000	6141	0.007061
DP	0	219	0	0.000000	6103	0.007017
DP	0	220	0	0.000000	5971	0.006865
DP	0	221	0	0.000000	6183	0.007109
DP	0	222	0	0.000000	6212	0.007143
DP	0	223	0	0.000000	6187	0.007114
DP	0	224	0	0.000000	6201	0.007130
DP	0	225	0	0.000000	6298	0.007241
DP	0	226	0	0.000000	6165	0.007089
DP	0	227	0	0.000000	6455	0.007422
DP	0	228	0	0.000000	6310	0.007255
DP	0	229	0	0.000000	6443	0.007408
DP	0	230	0	0.000000	6571	0.007555
DP	0	231	0	0.000000	6721	0.007728
DP	0	232	0	0.000000	6701	0.007705
DP	0	233	0	0.000000	6738	0.007747
DP	0	234	0	0.000000	6992	0.008039
DP	0	235	0	0.000000	7153	0.008225
DP	0	236	0	0.000000	7224	0.008306
DP	0	237	0	0.000000	7542	0.008672
DP	0	238	0	0.000000	7850	0.009026
DP	0	239	0	0.000000	8301	0.009545
DP	0	240	0	0.000000	8928	0.010265
DP	0	241	0	0.000000	9312	0.010707
DP	0	242	0	0.000000	10116	0.011631
DP	0	243	0	0.000000	11266	0.012954
DP	0	244	0	0.000000	12805	0.014723
DP	0	245	0	0.000000	15305	0.017598
DP	0	246	0	0.000000	18929	0.021765
DP	0	247	0	0.000000	23423	0.026932
DP	0	248	0	0.000000	32924	0.037856
DP	0	249	0	0.000000	81281	0.093457
DP	0	250	0	0.000000	57727	0.066375
DP	0	251	0	0.000000	37762	0.043419
DP	0	252	0	0.000000	29301	0.033690
DP	0	253	0	0.000000	24436	0.028097
DP	0	254	0	0.000000	21106	0.024268
DP	0	255	0	0.000000	18513	0.021286
DP	0	256	0	0.000000	16899	0.019431
DP	0	257	0	0.000000	14592	0.016778
DP	0	258	0	0.000000	12944	0.014883
DP	0	259	0	0.000000	11765	0.013527
DP	0	260	0	0.000000	10483	0.012053
DP	0	261	0	0.000000	9751	0.011212
DP	0	262	0	0.000000	8841	0.010165
DP	0	263	0	0.000000	8394	0.009651
DP	0	264	0	0.000000	7605	0.008744
DP	0	265	0	0.000000	6997	0.008045
DP	0	266	0	0.000000	6448	0.007414
DP	0	267	0	0.000000	5858	0.006736
DP	0	268	0	0.000000	5528	0.006356
DP	0	269	0	0.000000	5111	0.005877
DP	0	270	0	0.000000	4618	0.005310
DP	0	271	0	0.000000	4217	0.004849
DP	0	272	0	0.000000	4037	0.004642
DP	0	273	0	0.000000	3605	0.004145
DP	0	274	0	0.000000	3550	0.004082
DP	0	275	0	0.000000	3175	0.003651
DP	0	276	0	0.000000	2972	0.003417
DP	0	277	0	0.000000	2932	0.003371
DP	0	278	0	0.000000	2728	0.003137
DP	0	279	0	0.000000	2580	0.002966
DP	0	280	0	0.000000	2415	0.002777
DP	0	281	0	0.000000	2184	0.002511
DP	0	282	0	0.000000	2057	0.002365
DP	0	283	0	0.000000	1997	0.002296
DP	0	284	0	0.000000	1785	0.002052
DP	0	285	0	0.000000	1681	0.001933
DP	0	286	0	0.000000	1562	0.001796
DP	0	287	0	0.000000	1527	0.001756
DP	0	288	0	0.000000	1521	0.001749
DP	0	289	0	0.000000	1412	0.001624
DP	0	290	0	0.000000	1363	0.001567
DP	0	291	0	0.000000	1305	0.001500
DP	0	292	0	0.000000	1160	0.001334
DP	0	293	0	0.000000	1118	0.001285
DP	0	294	0	0.000000	1069	0.001229
DP	0	295	0	0.000000	1064	0.001223
DP	0	296	0	0.000000	1026	0.001180
DP	0	297	0	0.000000	966	0.001111
DP	0	298	0	0.000000	906	0.001042
DP	0	299	0	0.000000	863	0.000992
DP	0	300	0	0.000000	801	0.000921
DP	0	301	0	0.000000	787	0.000905
DP	0	302	0	0.000000	801	0.000921
DP	0	303	0	0.000000	724	0.000832
DP	0	304	0	0.000000	655	0.000753
DP	0	305	0	0.000000	639	0.000735
DP	0	306	0	0.000000	645	0.000742
DP	0	307	0	0.000000	626	0.000720
DP	0	308	0	0.000000	551	0.000634
DP	0	309	0	0.000000	540	0.000621
DP	0	310	0	0.000000	527	0.000606
DP	0	311	0	0.000000	526	0.000605
DP	0	312	0	0.000000	482	0.000554
DP	0	313	0	0.000000	514	0.000591
DP	0	314	0	0.000000	476	0.000547
DP	0	315	0	0.000000	525	0.000604
DP	0	316	0	0.000000	455	0.000523
DP	0	317	0	0.000000	424	0.000488
DP	0	318	0	0.000000	458	0.000527
DP	0	319	0	0.000000	400	0.000460
DP	0	320	0	0.000000	373	0.000429
DP	0	321	0	0.000000	386	0.000444
DP	0	322	0	0.000000	334	0.000384
DP	0	323	0	0.000000	342	0.000393
DP	0	324	0	0.000000	331	0.000381
DP	0	325	0	0.000000	325	0.000374
DP	0	326	0	0.000000	315	0.000362
DP	0	327	0	0.000000	305	0.000351
DP	0	328	0	0.000000	287	0.000330
DP	0	329	0	0.000000	293	0.000337
DP	0	330	0	0.000000	296	0.000340
DP	0	331	0	0.000000	264	0.000304
DP	0	332	0	0.000000	238	0.000274
DP	0	333	0	0.000000	253	0.000291
DP	0	334	0	0.000000	244	0.000281
DP	0	335	0	0.000000	243	0.000279
DP	0	336	0	0.000000	218	0.000251
DP	0	337	0	0.000000	225	0.000259
DP	0	338	0	0.000000	215	0.000247
DP	0	339	0	0.000000	199	0.000229
DP	0	340	0	0.000000	187	0.000215
DP	0	341	0	0.000000	178	0.000205
DP	0	342	0	0.000000	168	0.000193
DP	0	343	0	0.000000	157	0.000181
DP	0	344	0	0.000000	143	0.000164
DP	0	345	0	0.000000	141	0.000162
DP	0	346	0	0.000000	139	0.000160
DP	0	347	0	0.000000	137	0.000158
DP	0	348	0	0.000000	142	0.000163
DP	0	349	0	0.000000	139	0.000160
DP	0	350	0	0.000000	125	0.000144
DP	0	351	0	0.000000	122	0.000140
DP	0	352	0	0.000000	124	0.000143
DP	0	353	0	0.000000	125	0.000144
DP	0	354	0	0.000000	118	0.000136
DP	0	355	0	0.000000	122	0.000140
DP	0	356	0	0.000000	120	0.000138
DP	0	357	0	0.000000	119	0.000137
DP	0	358	0	0.000000	113	0.000130
DP	0	359	0	0.000000	119	0.000137
DP	0	360	0	0.000000	97	0.000112
DP	0	361	0	0.000000	104	0.000120
DP	0	362	0	0.000000	94	0.000108
DP	0	363	0	0.000000	84	0.000097
DP	0	364	0	0.000000	95	0.000109
DP	0	365	0	0.000000	82	0.000094
DP	0	366	0	0.000000	88	0.000101
DP	0	367	0	0.000000	76	0.000087
DP	0	368	0	0.000000	78	0.000090
DP	0	369	0	0.000000	70	0.000080
DP	0	370	0	0.000000	66	0.000076
DP	0	371	0	0.000000	57	0.000066
DP	0	372	0	0.000000	54	0.000062
DP	0	373	0	0.000000	53	0.000061
DP	0	374	0	0.000000	59	0.000068
DP	0	375	0	0.000000	50	0.000057
DP	0	376	0	0.000000	46	0.000053
DP	0	377	0	0.000000	43	0.000049
DP	0	378	0	0.000000	40	0.000046
DP	0	379	0	0.000000	41	0.000047
DP	0	380	0	0.000000	36	0.000041
DP	0	381	0	0.000000	33	0.000038
DP	0	382	0	0.000000	25	0.000029
DP	0	383	0	0.000000	19	0.000022
DP	0	384	0	0.000000	21	0.000024
DP	0	385	0	0.000000	13	0.000015
DP	0	386	0	0.000000	16	0.000018
DP	0	387	0	0.000000	11	0.000013
DP	0	388	0	0.000000	12	0.000014
DP	0	389	0	0.000000	6	0.000007
DP	0	390	0	0.000000	4	0.000005
DP	0	391	0	0.000000	1	0.000001