# This file was produced by bcftools stats (1.10.2+htslib-1.10.2) and can be plotted using plot-vcfstats.
# The command line was:	bcftools stats  /ufrc/lee/braskey/Data/WGS/BAR_aln_filtered.vcf
#
# Definition of sets:
# ID	[2]id	[3]tab-separated file names
ID	0	/ufrc/lee/braskey/Data/WGS/BAR_aln_filtered.vcf
# SN, Summary numbers:
#   number of records   .. number of data rows in the VCF
#   number of no-ALTs   .. reference-only sites, ALT is either "." or identical to REF
#   number of SNPs      .. number of rows with a SNP
#   number of MNPs      .. number of rows with a MNP, such as CC>TT
#   number of indels    .. number of rows with an indel
#   number of others    .. number of rows with other type, for example a symbolic allele or
#                          a complex substitution, such as ACT>TCGA
#   number of multiallelic sites     .. number of rows with multiple alternate alleles
#   number of multiallelic SNP sites .. number of rows with multiple alternate alleles, all SNPs
# 
#   Note that rows containing multiple types will be counted multiple times, in each
#   counter. For example, a row with a SNP and an indel increments both the SNP and
#   the indel counter.
# 
# SN	[2]id	[3]key	[4]value
SN	0	number of samples:	1
SN	0	number of records:	88603534
SN	0	number of no-ALTs:	82779158
SN	0	number of SNPs:	5824376
SN	0	number of MNPs:	0
SN	0	number of indels:	0
SN	0	number of others:	0
SN	0	number of multiallelic sites:	60199
SN	0	number of multiallelic SNP sites:	60199
# TSTV, transitions/transversions:
# TSTV	[2]id	[3]ts	[4]tv	[5]ts/tv	[6]ts (1st ALT)	[7]tv (1st ALT)	[8]ts/tv (1st ALT)
TSTV	0	3275059	2611410	1.25	3261193	2563183	1.27
# SiS, Singleton stats:
# SiS	[2]id	[3]allele count	[4]number of SNPs	[5]number of transitions	[6]number of transversions	[7]number of indels	[8]repeat-consistent	[9]repeat-inconsistent	[10]not applicable
SiS	0	1	5886469	3275059	2611410	0	0	0	0
# AF, Stats by non-reference allele frequency:
# AF	[2]id	[3]allele frequency	[4]number of SNPs	[5]number of transitions	[6]number of transversions	[7]number of indels	[8]repeat-consistent	[9]repeat-inconsistent	[10]not applicable
AF	0	0.000000	5886469	3275059	2611410	0	0	0	0
# QUAL, Stats by quality:
# QUAL	[2]id	[3]Quality	[4]number of SNPs	[5]number of transitions (1st ALT)	[6]number of transversions (1st ALT)	[7]number of indels
QUAL	0	3	33774	19588	14186	0
QUAL	0	4	42398	24598	17800	0
QUAL	0	5	20235	11821	8414	0
QUAL	0	6	35670	20815	14855	0
QUAL	0	7	20868	11700	9168	0
QUAL	0	8	14746	8660	6086	0
QUAL	0	9	14902	8769	6133	0
QUAL	0	10	12806	7520	5286	0
QUAL	0	11	12845	7565	5280	0
QUAL	0	12	12779	7456	5323	0
QUAL	0	13	11673	6789	4884	0
QUAL	0	14	11591	6839	4752	0
QUAL	0	15	12518	7393	5125	0
QUAL	0	16	11264	6606	4658	0
QUAL	0	17	10604	6290	4314	0
QUAL	0	18	10752	6321	4431	0
QUAL	0	19	10895	6323	4572	0
QUAL	0	20	10791	6317	4474	0
QUAL	0	21	10464	6083	4381	0
QUAL	0	22	10379	6061	4318	0
QUAL	0	23	10775	6272	4503	0
QUAL	0	24	10053	5876	4177	0
QUAL	0	25	10511	6133	4378	0
QUAL	0	26	10022	5816	4206	0
QUAL	0	27	9443	5640	3803	0
QUAL	0	28	9899	5724	4175	0
QUAL	0	29	9613	5606	4007	0
QUAL	0	30	9680	5728	3952	0
QUAL	0	31	11954	6820	5134	0
QUAL	0	32	9493	5555	3938	0
QUAL	0	33	9715	5703	4012	0
QUAL	0	34	9473	5537	3936	0
QUAL	0	35	10569	5988	4581	0
QUAL	0	36	9737	5675	4062	0
QUAL	0	37	9233	5432	3801	0
QUAL	0	38	9411	5477	3934	0
QUAL	0	39	9733	5751	3982	0
QUAL	0	40	9267	5435	3832	0
QUAL	0	41	9524	5495	4029	0
QUAL	0	42	9479	5413	4066	0
QUAL	0	43	9049	5268	3781	0
QUAL	0	44	9602	5552	4050	0
QUAL	0	45	9272	5387	3885	0
QUAL	0	46	9033	5263	3770	0
QUAL	0	47	9584	5449	4135	0
QUAL	0	48	9100	5290	3810	0
QUAL	0	49	8926	5203	3723	0
QUAL	0	50	8780	5124	3656	0
QUAL	0	51	8807	5122	3685	0
QUAL	0	52	8842	5068	3774	0
QUAL	0	53	8567	4970	3597	0
QUAL	0	54	8867	5136	3731	0
QUAL	0	55	8832	5123	3709	0
QUAL	0	56	9174	5296	3878	0
QUAL	0	57	9025	5156	3869	0
QUAL	0	58	9066	5200	3866	0
QUAL	0	59	9652	5488	4164	0
QUAL	0	60	9070	5266	3804	0
QUAL	0	61	8714	5010	3704	0
QUAL	0	62	8647	5020	3627	0
QUAL	0	63	9086	5222	3864	0
QUAL	0	64	8851	5062	3789	0
QUAL	0	65	9008	5119	3889	0
QUAL	0	66	9137	5244	3893	0
QUAL	0	67	8803	5014	3789	0
QUAL	0	68	9195	5245	3950	0
QUAL	0	69	8948	5046	3902	0
QUAL	0	70	9148	5218	3930	0
QUAL	0	71	8990	5165	3825	0
QUAL	0	72	9007	5057	3950	0
QUAL	0	73	9084	5131	3953	0
QUAL	0	74	8748	5009	3739	0
QUAL	0	75	8721	4944	3777	0
QUAL	0	76	8899	5102	3797	0
QUAL	0	77	8944	5015	3929	0
QUAL	0	78	9172	5326	3846	0
QUAL	0	79	9056	5188	3868	0
QUAL	0	80	9480	5374	4106	0
QUAL	0	81	8784	5028	3756	0
QUAL	0	82	9051	5111	3940	0
QUAL	0	83	9322	5262	4060	0
QUAL	0	84	8944	5078	3866	0
QUAL	0	85	8930	5011	3919	0
QUAL	0	86	9306	5243	4063	0
QUAL	0	87	9509	5400	4109	0
QUAL	0	88	9294	5279	4015	0
QUAL	0	89	9042	5140	3902	0
QUAL	0	90	9300	5389	3911	0
QUAL	0	91	9181	5105	4076	0
QUAL	0	92	9110	5147	3963	0
QUAL	0	93	9423	5347	4076	0
QUAL	0	94	9334	5231	4103	0
QUAL	0	95	9523	5344	4179	0
QUAL	0	96	9416	5291	4125	0
QUAL	0	97	9373	5418	3955	0
QUAL	0	98	9034	5068	3966	0
QUAL	0	99	9349	5308	4041	0
QUAL	0	100	8896	4958	3938	0
QUAL	0	101	9301	5239	4062	0
QUAL	0	102	9359	5217	4142	0
QUAL	0	103	9041	5140	3901	0
QUAL	0	104	9457	5328	4129	0
QUAL	0	105	9335	5231	4104	0
QUAL	0	106	9263	5181	4082	0
QUAL	0	107	9217	5114	4103	0
QUAL	0	108	8986	5031	3955	0
QUAL	0	109	9227	5187	4040	0
QUAL	0	110	9481	5330	4151	0
QUAL	0	111	9275	5170	4105	0
QUAL	0	112	9219	5259	3960	0
QUAL	0	113	9221	5197	4024	0
QUAL	0	114	9211	5173	4038	0
QUAL	0	115	9312	5311	4001	0
QUAL	0	116	9864	5475	4389	0
QUAL	0	117	9037	5014	4023	0
QUAL	0	118	9209	5205	4004	0
QUAL	0	119	9404	5247	4157	0
QUAL	0	120	9072	5165	3907	0
QUAL	0	121	10268	5667	4601	0
QUAL	0	122	9415	5267	4148	0
QUAL	0	123	9055	5052	4003	0
QUAL	0	124	9207	5177	4030	0
QUAL	0	125	9109	5058	4051	0
QUAL	0	126	11141	6030	5111	0
QUAL	0	127	9305	5207	4098	0
QUAL	0	128	9149	5118	4031	0
QUAL	0	129	14023	7476	6547	0
QUAL	0	130	9137	5057	4080	0
QUAL	0	131	8604	4684	3920	0
QUAL	0	132	8905	4889	4016	0
QUAL	0	133	8907	4843	4064	0
QUAL	0	134	10229	5500	4729	0
QUAL	0	135	8690	4772	3918	0
QUAL	0	136	8712	4802	3910	0
QUAL	0	137	13341	6994	6347	0
QUAL	0	138	8416	4656	3760	0
QUAL	0	139	8424	4664	3760	0
QUAL	0	140	10311	5513	4798	0
QUAL	0	141	8578	4615	3963	0
QUAL	0	142	13110	6873	6237	0
QUAL	0	143	8276	4433	3843	0
QUAL	0	144	8848	4804	4044	0
QUAL	0	145	10417	5540	4877	0
QUAL	0	146	8655	4723	3932	0
QUAL	0	147	13194	6957	6237	0
QUAL	0	148	9012	4935	4077	0
QUAL	0	149	11374	6107	5267	0
QUAL	0	150	9355	5060	4295	0
QUAL	0	151	13904	7238	6666	0
QUAL	0	152	9806	5219	4587	0
QUAL	0	153	12290	6511	5779	0
QUAL	0	154	11085	5913	5172	0
QUAL	0	155	12899	6741	6158	0
QUAL	0	156	11343	6073	5270	0
QUAL	0	157	13024	6924	6100	0
QUAL	0	158	12335	6558	5777	0
QUAL	0	159	11326	5950	5376	0
QUAL	0	160	13638	7195	6443	0
QUAL	0	161	14484	7562	6922	0
QUAL	0	162	14898	7746	7152	0
QUAL	0	163	12870	6853	6017	0
QUAL	0	164	10727	5608	5119	0
QUAL	0	165	8384	4656	3728	0
QUAL	0	166	7381	4069	3312	0
QUAL	0	167	7349	4003	3346	0
QUAL	0	168	7270	3968	3302	0
QUAL	0	169	6964	3788	3176	0
QUAL	0	170	7010	3859	3151	0
QUAL	0	171	7503	4131	3372	0
QUAL	0	172	7556	4114	3442	0
QUAL	0	173	6999	3857	3142	0
QUAL	0	174	7887	4235	3652	0
QUAL	0	175	7732	4280	3452	0
QUAL	0	176	7307	3975	3332	0
QUAL	0	177	6883	3771	3112	0
QUAL	0	178	7365	4019	3346	0
QUAL	0	179	7479	4155	3324	0
QUAL	0	180	7597	4083	3514	0
QUAL	0	181	7246	4000	3246	0
QUAL	0	182	8336	4513	3823	0
QUAL	0	183	7411	4035	3376	0
QUAL	0	184	8629	4786	3843	0
QUAL	0	185	8451	4566	3885	0
QUAL	0	186	8713	4591	4122	0
QUAL	0	187	8257	4463	3794	0
QUAL	0	188	8693	4667	4026	0
QUAL	0	189	7165	3888	3277	0
QUAL	0	190	7148	3926	3222	0
QUAL	0	191	8120	4334	3786	0
QUAL	0	192	8721	4717	4004	0
QUAL	0	193	8164	4407	3757	0
QUAL	0	194	10365	5494	4871	0
QUAL	0	195	7144	3876	3268	0
QUAL	0	196	6924	3766	3158	0
QUAL	0	197	6945	3720	3225	0
QUAL	0	198	6916	3779	3137	0
QUAL	0	199	7241	3932	3309	0
QUAL	0	200	6954	3687	3267	0
QUAL	0	201	7929	4321	3608	0
QUAL	0	202	6740	3744	2996	0
QUAL	0	203	7727	4203	3524	0
QUAL	0	204	8159	4395	3764	0
QUAL	0	205	8136	4433	3703	0
QUAL	0	206	7036	3908	3128	0
QUAL	0	207	8329	4477	3852	0
QUAL	0	208	6870	3700	3170	0
QUAL	0	209	7008	3814	3194	0
QUAL	0	210	8199	4366	3833	0
QUAL	0	211	8177	4374	3803	0
QUAL	0	212	8661	4672	3989	0
QUAL	0	213	7772	4255	3517	0
QUAL	0	214	7872	4226	3646	0
QUAL	0	215	8419	4508	3911	0
QUAL	0	216	9368	4891	4477	0
QUAL	0	217	8301	4541	3760	0
QUAL	0	218	7153	3922	3231	0
QUAL	0	219	8310	4516	3794	0
QUAL	0	220	9366	5073	4293	0
QUAL	0	221	3456504	1932051	1524453	0
QUAL	0	222	100591	51767	48824	0
QUAL	0	223	2293	1300	993	0
QUAL	0	224	1680	973	707	0
QUAL	0	225	114406	71495	42911	0
QUAL	0	226	1329	760	569	0
# IDD, InDel distribution:
# IDD	[2]id	[3]length (deletions negative)	[4]number of sites	[5]number of genotypes	[6]mean VAF
# ST, Substitution types:
# ST	[2]id	[3]type	[4]count
ST	0	A>C	285412
ST	0	A>G	746004
ST	0	A>T	492449
ST	0	C>A	290624
ST	0	C>G	236694
ST	0	C>T	891379
ST	0	G>A	892166
ST	0	G>C	236054
ST	0	G>T	290884
ST	0	T>A	493261
ST	0	T>C	745510
ST	0	T>G	286032
# DP, Depth distribution
# DP	[2]id	[3]bin	[4]number of genotypes	[5]fraction of genotypes (%)	[6]number of sites	[7]fraction of sites (%)
DP	0	8	0	0.000000	2521963	2.846346
DP	0	9	0	0.000000	1870775	2.111400
DP	0	10	0	0.000000	2061230	2.326352
DP	0	11	0	0.000000	1717194	1.938065
DP	0	12	0	0.000000	1801322	2.033014
DP	0	13	0	0.000000	1612042	1.819388
DP	0	14	0	0.000000	1647567	1.859482
DP	0	15	0	0.000000	1545125	1.743864
DP	0	16	0	0.000000	1574340	1.776837
DP	0	17	0	0.000000	1496090	1.688522
DP	0	18	0	0.000000	1520052	1.715566
DP	0	19	0	0.000000	1472707	1.662131
DP	0	20	0	0.000000	1494553	1.686787
DP	0	21	0	0.000000	1460819	1.648714
DP	0	22	0	0.000000	1474464	1.664114
DP	0	23	0	0.000000	1437576	1.622482
DP	0	24	0	0.000000	1443186	1.628813
DP	0	25	0	0.000000	1412632	1.594329
DP	0	26	0	0.000000	1422160	1.605083
DP	0	27	0	0.000000	1396334	1.575935
DP	0	28	0	0.000000	1399049	1.578999
DP	0	29	0	0.000000	1380074	1.557583
DP	0	30	0	0.000000	1393981	1.573279
DP	0	31	0	0.000000	1393765	1.573035
DP	0	32	0	0.000000	1409762	1.591090
DP	0	33	0	0.000000	1417985	1.600371
DP	0	34	0	0.000000	1436941	1.621765
DP	0	35	0	0.000000	1452457	1.639277
DP	0	36	0	0.000000	1485297	1.676341
DP	0	37	0	0.000000	1515956	1.710943
DP	0	38	0	0.000000	1556980	1.757244
DP	0	39	0	0.000000	1584961	1.788824
DP	0	40	0	0.000000	1617834	1.825925
DP	0	41	0	0.000000	1647385	1.859277
DP	0	42	0	0.000000	1678831	1.894768
DP	0	43	0	0.000000	1690088	1.907472
DP	0	44	0	0.000000	1708691	1.928468
DP	0	45	0	0.000000	1704124	1.923314
DP	0	46	0	0.000000	1692697	1.910417
DP	0	47	0	0.000000	1672444	1.887559
DP	0	48	0	0.000000	1649333	1.861475
DP	0	49	0	0.000000	1609713	1.816759
DP	0	50	0	0.000000	1550319	1.749726
DP	0	51	0	0.000000	1486413	1.677600
DP	0	52	0	0.000000	1414499	1.596436
DP	0	53	0	0.000000	1336294	1.508172
DP	0	54	0	0.000000	1252943	1.414100
DP	0	55	0	0.000000	1171744	1.322457
DP	0	56	0	0.000000	1087915	1.227846
DP	0	57	0	0.000000	995685	1.123753
DP	0	58	0	0.000000	909459	1.026436
DP	0	59	0	0.000000	823518	0.929441
DP	0	60	0	0.000000	743733	0.839394
DP	0	61	0	0.000000	664651	0.750141
DP	0	62	0	0.000000	593207	0.669507
DP	0	63	0	0.000000	525628	0.593236
DP	0	64	0	0.000000	464022	0.523706
DP	0	65	0	0.000000	406131	0.458369
DP	0	66	0	0.000000	357450	0.403426
DP	0	67	0	0.000000	315246	0.355794
DP	0	68	0	0.000000	275582	0.311028
DP	0	69	0	0.000000	242067	0.273202
DP	0	70	0	0.000000	211794	0.239036
DP	0	71	0	0.000000	185389	0.209234
DP	0	72	0	0.000000	165841	0.187172
DP	0	73	0	0.000000	148992	0.168156
DP	0	74	0	0.000000	134112	0.151362
DP	0	75	0	0.000000	120424	0.135913
DP	0	76	0	0.000000	110848	0.125106
DP	0	77	0	0.000000	100487	0.113412
DP	0	78	0	0.000000	94563	0.106726
DP	0	79	0	0.000000	87204	0.098420
DP	0	80	0	0.000000	84045	0.094855
DP	0	81	0	0.000000	79017	0.089180
DP	0	82	0	0.000000	75728	0.085468
DP	0	83	0	0.000000	71736	0.080963
DP	0	84	0	0.000000	70755	0.079856
DP	0	85	0	0.000000	67487	0.076167
DP	0	86	0	0.000000	67074	0.075701
DP	0	87	0	0.000000	65133	0.073511
DP	0	88	0	0.000000	64224	0.072485
DP	0	89	0	0.000000	63122	0.071241
DP	0	90	0	0.000000	62939	0.071034
DP	0	91	0	0.000000	61220	0.069094
DP	0	92	0	0.000000	60259	0.068010
DP	0	93	0	0.000000	58921	0.066500
DP	0	94	0	0.000000	58544	0.066074
DP	0	95	0	0.000000	56320	0.063564
DP	0	96	0	0.000000	56583	0.063861
DP	0	97	0	0.000000	54674	0.061706
DP	0	98	0	0.000000	53482	0.060361
DP	0	99	0	0.000000	51639	0.058281
DP	0	100	0	0.000000	51142	0.057720
DP	0	101	0	0.000000	49835	0.056245
DP	0	102	0	0.000000	48915	0.055207
DP	0	103	0	0.000000	47481	0.053588
DP	0	104	0	0.000000	46640	0.052639
DP	0	105	0	0.000000	43984	0.049641
DP	0	106	0	0.000000	44308	0.050007
DP	0	107	0	0.000000	42415	0.047871
DP	0	108	0	0.000000	41477	0.046812
DP	0	109	0	0.000000	39336	0.044396
DP	0	110	0	0.000000	38418	0.043359
DP	0	111	0	0.000000	37003	0.041762
DP	0	112	0	0.000000	36304	0.040974
DP	0	113	0	0.000000	34618	0.039071
DP	0	114	0	0.000000	33832	0.038184
DP	0	115	0	0.000000	32057	0.036180
DP	0	116	0	0.000000	31214	0.035229
DP	0	117	0	0.000000	29615	0.033424
DP	0	118	0	0.000000	29471	0.033262
DP	0	119	0	0.000000	27569	0.031115
DP	0	120	0	0.000000	27821	0.031399
DP	0	121	0	0.000000	26112	0.029471
DP	0	122	0	0.000000	25726	0.029035
DP	0	123	0	0.000000	24057	0.027151
DP	0	124	0	0.000000	23949	0.027029
DP	0	125	0	0.000000	23000	0.025958
DP	0	126	0	0.000000	23037	0.026000
DP	0	127	0	0.000000	22158	0.025008
DP	0	128	0	0.000000	21954	0.024778
DP	0	129	0	0.000000	20936	0.023629
DP	0	130	0	0.000000	21017	0.023720
DP	0	131	0	0.000000	20000	0.022572
DP	0	132	0	0.000000	20460	0.023092
DP	0	133	0	0.000000	19044	0.021493
DP	0	134	0	0.000000	19218	0.021690
DP	0	135	0	0.000000	19046	0.021496
DP	0	136	0	0.000000	18647	0.021045
DP	0	137	0	0.000000	17929	0.020235
DP	0	138	0	0.000000	18021	0.020339
DP	0	139	0	0.000000	17862	0.020159
DP	0	140	0	0.000000	17399	0.019637
DP	0	141	0	0.000000	16747	0.018901
DP	0	142	0	0.000000	16955	0.019136
DP	0	143	0	0.000000	16271	0.018364
DP	0	144	0	0.000000	16223	0.018310
DP	0	145	0	0.000000	15549	0.017549
DP	0	146	0	0.000000	16016	0.018076
DP	0	147	0	0.000000	15272	0.017236
DP	0	148	0	0.000000	15308	0.017277
DP	0	149	0	0.000000	15179	0.017131
DP	0	150	0	0.000000	15232	0.017191
DP	0	151	0	0.000000	14347	0.016192
DP	0	152	0	0.000000	14421	0.016276
DP	0	153	0	0.000000	13842	0.015622
DP	0	154	0	0.000000	14083	0.015894
DP	0	155	0	0.000000	13591	0.015339
DP	0	156	0	0.000000	13422	0.015148
DP	0	157	0	0.000000	13251	0.014955
DP	0	158	0	0.000000	13495	0.015231
DP	0	159	0	0.000000	12522	0.014133
DP	0	160	0	0.000000	12708	0.014343
DP	0	161	0	0.000000	12260	0.013837
DP	0	162	0	0.000000	12111	0.013669
DP	0	163	0	0.000000	11602	0.013094
DP	0	164	0	0.000000	11943	0.013479
DP	0	165	0	0.000000	11508	0.012988
DP	0	166	0	0.000000	11872	0.013399
DP	0	167	0	0.000000	11387	0.012852
DP	0	168	0	0.000000	11326	0.012783
DP	0	169	0	0.000000	10735	0.012116
DP	0	170	0	0.000000	10991	0.012405
DP	0	171	0	0.000000	10544	0.011900
DP	0	172	0	0.000000	10881	0.012281
DP	0	173	0	0.000000	10250	0.011568
DP	0	174	0	0.000000	10611	0.011976
DP	0	175	0	0.000000	10139	0.011443
DP	0	176	0	0.000000	10224	0.011539
DP	0	177	0	0.000000	10148	0.011453
DP	0	178	0	0.000000	9977	0.011260
DP	0	179	0	0.000000	9809	0.011071
DP	0	180	0	0.000000	9835	0.011100
DP	0	181	0	0.000000	9456	0.010672
DP	0	182	0	0.000000	9430	0.010643
DP	0	183	0	0.000000	9293	0.010488
DP	0	184	0	0.000000	9527	0.010752
DP	0	185	0	0.000000	8937	0.010087
DP	0	186	0	0.000000	9172	0.010352
DP	0	187	0	0.000000	9051	0.010215
DP	0	188	0	0.000000	9298	0.010494
DP	0	189	0	0.000000	8869	0.010010
DP	0	190	0	0.000000	8714	0.009835
DP	0	191	0	0.000000	8403	0.009484
DP	0	192	0	0.000000	8633	0.009743
DP	0	193	0	0.000000	8233	0.009292
DP	0	194	0	0.000000	8275	0.009339
DP	0	195	0	0.000000	8369	0.009445
DP	0	196	0	0.000000	8279	0.009344
DP	0	197	0	0.000000	8307	0.009375
DP	0	198	0	0.000000	8436	0.009521
DP	0	199	0	0.000000	8126	0.009171
DP	0	200	0	0.000000	8307	0.009375
DP	0	201	0	0.000000	8113	0.009157
DP	0	202	0	0.000000	8407	0.009488
DP	0	203	0	0.000000	8146	0.009194
DP	0	204	0	0.000000	8393	0.009473
DP	0	205	0	0.000000	7968	0.008993
DP	0	206	0	0.000000	8102	0.009144
DP	0	207	0	0.000000	7711	0.008703
DP	0	208	0	0.000000	7787	0.008789
DP	0	209	0	0.000000	7792	0.008794
DP	0	210	0	0.000000	7646	0.008629
DP	0	211	0	0.000000	7771	0.008771
DP	0	212	0	0.000000	7816	0.008821
DP	0	213	0	0.000000	7611	0.008590
DP	0	214	0	0.000000	7734	0.008729
DP	0	215	0	0.000000	7602	0.008580
DP	0	216	0	0.000000	7641	0.008624
DP	0	217	0	0.000000	7510	0.008476
DP	0	218	0	0.000000	7520	0.008487
DP	0	219	0	0.000000	7632	0.008614
DP	0	220	0	0.000000	7633	0.008615
DP	0	221	0	0.000000	7790	0.008792
DP	0	222	0	0.000000	7491	0.008455
DP	0	223	0	0.000000	7439	0.008396
DP	0	224	0	0.000000	7578	0.008553
DP	0	225	0	0.000000	7603	0.008581
DP	0	226	0	0.000000	7906	0.008923
DP	0	227	0	0.000000	7725	0.008719
DP	0	228	0	0.000000	7784	0.008785
DP	0	229	0	0.000000	7898	0.008914
DP	0	230	0	0.000000	7741	0.008737
DP	0	231	0	0.000000	8154	0.009203
DP	0	232	0	0.000000	8487	0.009579
DP	0	233	0	0.000000	8273	0.009337
DP	0	234	0	0.000000	8492	0.009584
DP	0	235	0	0.000000	8501	0.009594
DP	0	236	0	0.000000	8865	0.010005
DP	0	237	0	0.000000	8952	0.010103
DP	0	238	0	0.000000	9241	0.010430
DP	0	239	0	0.000000	9492	0.010713
DP	0	240	0	0.000000	10023	0.011312
DP	0	241	0	0.000000	10366	0.011699
DP	0	242	0	0.000000	11591	0.013082
DP	0	243	0	0.000000	12147	0.013709
DP	0	244	0	0.000000	13605	0.015355
DP	0	245	0	0.000000	15753	0.017779
DP	0	246	0	0.000000	18585	0.020975
DP	0	247	0	0.000000	22868	0.025809
DP	0	248	0	0.000000	30586	0.034520
DP	0	249	0	0.000000	81580	0.092073
DP	0	250	0	0.000000	58473	0.065994
DP	0	251	0	0.000000	38427	0.043370
DP	0	252	0	0.000000	30141	0.034018
DP	0	253	0	0.000000	25704	0.029010
DP	0	254	0	0.000000	22799	0.025731
DP	0	255	0	0.000000	19894	0.022453
DP	0	256	0	0.000000	17361	0.019594
DP	0	257	0	0.000000	15248	0.017209
DP	0	258	0	0.000000	13499	0.015235
DP	0	259	0	0.000000	12179	0.013746
DP	0	260	0	0.000000	11056	0.012478
DP	0	261	0	0.000000	9999	0.011285
DP	0	262	0	0.000000	9078	0.010246
DP	0	263	0	0.000000	7992	0.009020
DP	0	264	0	0.000000	7717	0.008710
DP	0	265	0	0.000000	7044	0.007950
DP	0	266	0	0.000000	6318	0.007131
DP	0	267	0	0.000000	5939	0.006703
DP	0	268	0	0.000000	5151	0.005814
DP	0	269	0	0.000000	4682	0.005284
DP	0	270	0	0.000000	4281	0.004832
DP	0	271	0	0.000000	4135	0.004667
DP	0	272	0	0.000000	3679	0.004152
DP	0	273	0	0.000000	3331	0.003759
DP	0	274	0	0.000000	3082	0.003478
DP	0	275	0	0.000000	2814	0.003176
DP	0	276	0	0.000000	2665	0.003008
DP	0	277	0	0.000000	2451	0.002766
DP	0	278	0	0.000000	2300	0.002596
DP	0	279	0	0.000000	2140	0.002415
DP	0	280	0	0.000000	2077	0.002344
DP	0	281	0	0.000000	1908	0.002153
DP	0	282	0	0.000000	1780	0.002009
DP	0	283	0	0.000000	1737	0.001960
DP	0	284	0	0.000000	1632	0.001842
DP	0	285	0	0.000000	1456	0.001643
DP	0	286	0	0.000000	1460	0.001648
DP	0	287	0	0.000000	1306	0.001474
DP	0	288	0	0.000000	1276	0.001440
DP	0	289	0	0.000000	1232	0.001390
DP	0	290	0	0.000000	1081	0.001220
DP	0	291	0	0.000000	1111	0.001254
DP	0	292	0	0.000000	957	0.001080
DP	0	293	0	0.000000	956	0.001079
DP	0	294	0	0.000000	936	0.001056
DP	0	295	0	0.000000	876	0.000989
DP	0	296	0	0.000000	813	0.000918
DP	0	297	0	0.000000	820	0.000925
DP	0	298	0	0.000000	775	0.000875
DP	0	299	0	0.000000	727	0.000821
DP	0	300	0	0.000000	717	0.000809
DP	0	301	0	0.000000	682	0.000770
DP	0	302	0	0.000000	640	0.000722
DP	0	303	0	0.000000	580	0.000655
DP	0	304	0	0.000000	586	0.000661
DP	0	305	0	0.000000	529	0.000597
DP	0	306	0	0.000000	467	0.000527
DP	0	307	0	0.000000	481	0.000543
DP	0	308	0	0.000000	471	0.000532
DP	0	309	0	0.000000	448	0.000506
DP	0	310	0	0.000000	399	0.000450
DP	0	311	0	0.000000	421	0.000475
DP	0	312	0	0.000000	397	0.000448
DP	0	313	0	0.000000	380	0.000429
DP	0	314	0	0.000000	353	0.000398
DP	0	315	0	0.000000	384	0.000433
DP	0	316	0	0.000000	345	0.000389
DP	0	317	0	0.000000	337	0.000380
DP	0	318	0	0.000000	405	0.000457
DP	0	319	0	0.000000	379	0.000428
DP	0	320	0	0.000000	358	0.000404
DP	0	321	0	0.000000	345	0.000389
DP	0	322	0	0.000000	356	0.000402
DP	0	323	0	0.000000	395	0.000446
DP	0	324	0	0.000000	358	0.000404
DP	0	325	0	0.000000	327	0.000369
DP	0	326	0	0.000000	315	0.000356
DP	0	327	0	0.000000	294	0.000332
DP	0	328	0	0.000000	272	0.000307
DP	0	329	0	0.000000	259	0.000292
DP	0	330	0	0.000000	263	0.000297
DP	0	331	0	0.000000	263	0.000297
DP	0	332	0	0.000000	249	0.000281
DP	0	333	0	0.000000	231	0.000261
DP	0	334	0	0.000000	223	0.000252
DP	0	335	0	0.000000	205	0.000231
DP	0	336	0	0.000000	200	0.000226
DP	0	337	0	0.000000	196	0.000221
DP	0	338	0	0.000000	190	0.000214
DP	0	339	0	0.000000	166	0.000187
DP	0	340	0	0.000000	157	0.000177
DP	0	341	0	0.000000	168	0.000190
DP	0	342	0	0.000000	182	0.000205
DP	0	343	0	0.000000	175	0.000198
DP	0	344	0	0.000000	164	0.000185
DP	0	345	0	0.000000	154	0.000174
DP	0	346	0	0.000000	143	0.000161
DP	0	347	0	0.000000	145	0.000164
DP	0	348	0	0.000000	139	0.000157
DP	0	349	0	0.000000	132	0.000149
DP	0	350	0	0.000000	139	0.000157
DP	0	351	0	0.000000	131	0.000148
DP	0	352	0	0.000000	157	0.000177
DP	0	353	0	0.000000	116	0.000131
DP	0	354	0	0.000000	119	0.000134
DP	0	355	0	0.000000	130	0.000147
DP	0	356	0	0.000000	118	0.000133
DP	0	357	0	0.000000	113	0.000128
DP	0	358	0	0.000000	104	0.000117
DP	0	359	0	0.000000	114	0.000129
DP	0	360	0	0.000000	113	0.000128
DP	0	361	0	0.000000	113	0.000128
DP	0	362	0	0.000000	109	0.000123
DP	0	363	0	0.000000	113	0.000128
DP	0	364	0	0.000000	101	0.000114
DP	0	365	0	0.000000	93	0.000105
DP	0	366	0	0.000000	82	0.000093
DP	0	367	0	0.000000	84	0.000095
DP	0	368	0	0.000000	83	0.000094
DP	0	369	0	0.000000	81	0.000091
DP	0	370	0	0.000000	87	0.000098
DP	0	371	0	0.000000	88	0.000099
DP	0	372	0	0.000000	72	0.000081
DP	0	373	0	0.000000	68	0.000077
DP	0	374	0	0.000000	77	0.000087
DP	0	375	0	0.000000	71	0.000080
DP	0	376	0	0.000000	78	0.000088
DP	0	377	0	0.000000	67	0.000076
DP	0	378	0	0.000000	66	0.000074
DP	0	379	0	0.000000	66	0.000074
DP	0	380	0	0.000000	62	0.000070
DP	0	381	0	0.000000	47	0.000053
DP	0	382	0	0.000000	39	0.000044
DP	0	383	0	0.000000	31	0.000035
DP	0	384	0	0.000000	25	0.000028
DP	0	385	0	0.000000	21	0.000024
DP	0	386	0	0.000000	21	0.000024
DP	0	387	0	0.000000	27	0.000030
DP	0	388	0	0.000000	15	0.000017
DP	0	389	0	0.000000	15	0.000017
DP	0	390	0	0.000000	10	0.000011
DP	0	391	0	0.000000	12	0.000014
DP	0	392	0	0.000000	5	0.000006
DP	0	393	0	0.000000	4	0.000005
DP	0	394	0	0.000000	2	0.000002
DP	0	395	0	0.000000	1	0.000001
DP	0	396	0	0.000000	1	0.000001
DP	0	397	0	0.000000	1	0.000001
DP	0	398	0	0.000000	1	0.000001