/ufrc/lee/braskey/SLURM_scripts
c25a-s19.ufhpc
Wed May 13 11:30:34 EDT 2020
Calling variants for aligned havanesis genomic data
Note: none of --samples-file, --ploidy or --ploidy-file given, assuming all sites are diploid
[mpileup] 1 samples in 1 input files
[mpileup] maximum number of reads per input file set to -d 250
index: the file is not BGZF compressed, cannot index: /ufrc/lee/braskey/Data/WGS/bwa/HAV_aln_flt.vcf
# This file was produced by bcftools stats (1.10.2+htslib-1.10.2) and can be plotted using plot-vcfstats.
# The command line was:	bcftools stats  /ufrc/lee/braskey/Data/WGS/bwa/HAV_aln_flt.vcf
#
# Definition of sets:
# ID	[2]id	[3]tab-separated file names
ID	0	/ufrc/lee/braskey/Data/WGS/bwa/HAV_aln_flt.vcf
# SN, Summary numbers:
#   number of records   .. number of data rows in the VCF
#   number of no-ALTs   .. reference-only sites, ALT is either "." or identical to REF
#   number of SNPs      .. number of rows with a SNP
#   number of MNPs      .. number of rows with a MNP, such as CC>TT
#   number of indels    .. number of rows with an indel
#   number of others    .. number of rows with other type, for example a symbolic allele or
#                          a complex substitution, such as ACT>TCGA
#   number of multiallelic sites     .. number of rows with multiple alternate alleles
#   number of multiallelic SNP sites .. number of rows with multiple alternate alleles, all SNPs
# 
#   Note that rows containing multiple types will be counted multiple times, in each
#   counter. For example, a row with a SNP and an indel increments both the SNP and
#   the indel counter.
# 
# SN	[2]id	[3]key	[4]value
SN	0	number of samples:	1
SN	0	number of records:	181518090
SN	0	number of no-ALTs:	174375075
SN	0	number of SNPs:	6867385
SN	0	number of MNPs:	0
SN	0	number of indels:	275630
SN	0	number of others:	0
SN	0	number of multiallelic sites:	95919
SN	0	number of multiallelic SNP sites:	94214
# TSTV, transitions/transversions:
# TSTV	[2]id	[3]ts	[4]tv	[5]ts/tv	[6]ts (1st ALT)	[7]tv (1st ALT)	[8]ts/tv (1st ALT)
TSTV	0	3860331	3104154	1.24	3835130	3032255	1.26
# SiS, Singleton stats:
# SiS	[2]id	[3]allele count	[4]number of SNPs	[5]number of transitions	[6]number of transversions	[7]number of indels	[8]repeat-consistent	[9]repeat-inconsistent	[10]not applicable
SiS	0	1	6964485	3860331	3104154	277650	0	0	277650
# AF, Stats by non-reference allele frequency:
# AF	[2]id	[3]allele frequency	[4]number of SNPs	[5]number of transitions	[6]number of transversions	[7]number of indels	[8]repeat-consistent	[9]repeat-inconsistent	[10]not applicable
AF	0	0.000000	6964485	3860331	3104154	277650	0	0	277650
# QUAL, Stats by quality:
# QUAL	[2]id	[3]Quality	[4]number of SNPs	[5]number of transitions (1st ALT)	[6]number of transversions (1st ALT)	[7]number of indels
QUAL	0	20	28824	16774	12050	1044
QUAL	0	21	27838	16070	11768	1178
QUAL	0	22	25854	15042	10812	1385
QUAL	0	23	27622	15906	11716	1151
QUAL	0	24	25827	15005	10822	1046
QUAL	0	25	30011	17436	12575	1042
QUAL	0	26	27337	15904	11433	1096
QUAL	0	27	23816	13796	10020	1022
QUAL	0	28	24376	14089	10287	1066
QUAL	0	29	26062	15057	11005	1048
QUAL	0	30	27660	16038	11622	954
QUAL	0	31	24501	14125	10376	972
QUAL	0	32	25000	14599	10401	964
QUAL	0	33	21631	12613	9018	962
QUAL	0	34	23880	13842	10038	1135
QUAL	0	35	61388	34766	26622	1021
QUAL	0	36	23098	13348	9750	929
QUAL	0	37	20259	11701	8558	990
QUAL	0	38	21919	12637	9282	981
QUAL	0	39	21785	12647	9138	954
QUAL	0	40	20320	11641	8679	1005
QUAL	0	41	21259	12442	8817	1032
QUAL	0	42	26412	15088	11324	881
QUAL	0	43	19491	11193	8298	986
QUAL	0	44	20877	12079	8798	953
QUAL	0	45	18893	10943	7950	926
QUAL	0	46	19032	11194	7838	896
QUAL	0	47	20351	11809	8542	893
QUAL	0	48	19954	11537	8417	864
QUAL	0	49	19477	11258	8219	932
QUAL	0	50	18731	10832	7899	952
QUAL	0	51	21479	12312	9167	892
QUAL	0	52	18838	10945	7893	1000
QUAL	0	53	17893	10395	7498	936
QUAL	0	54	18486	10632	7854	868
QUAL	0	55	17770	10386	7384	914
QUAL	0	56	18933	10876	8057	871
QUAL	0	57	18088	10476	7612	857
QUAL	0	58	18462	10634	7828	949
QUAL	0	59	36889	20896	15993	748
QUAL	0	60	17596	10122	7474	923
QUAL	0	61	17499	10145	7354	842
QUAL	0	62	16996	9827	7169	827
QUAL	0	63	17766	10240	7526	863
QUAL	0	64	16775	9738	7037	861
QUAL	0	65	17139	9791	7348	736
QUAL	0	66	16639	9568	7071	862
QUAL	0	67	16627	9715	6912	813
QUAL	0	68	16794	9674	7120	889
QUAL	0	69	15819	9094	6725	882
QUAL	0	70	17068	9818	7250	856
QUAL	0	71	18549	10678	7871	929
QUAL	0	72	19090	10890	8200	861
QUAL	0	73	17708	10274	7434	797
QUAL	0	74	16011	9334	6677	901
QUAL	0	75	16224	9453	6771	774
QUAL	0	76	15587	9144	6443	818
QUAL	0	77	16362	9381	6981	810
QUAL	0	78	16728	9675	7053	797
QUAL	0	79	16212	9448	6764	731
QUAL	0	80	25139	14215	10924	778
QUAL	0	81	15167	8713	6454	809
QUAL	0	82	15258	8863	6395	747
QUAL	0	83	15419	8821	6598	736
QUAL	0	84	16089	9293	6796	784
QUAL	0	85	15233	8691	6542	758
QUAL	0	86	15164	8693	6471	774
QUAL	0	87	15432	8906	6526	773
QUAL	0	88	15160	8769	6391	749
QUAL	0	89	14692	8441	6251	775
QUAL	0	90	16548	9598	6950	756
QUAL	0	91	15382	8744	6638	711
QUAL	0	92	14769	8502	6267	732
QUAL	0	93	14450	8329	6121	765
QUAL	0	94	14937	8546	6391	808
QUAL	0	95	15106	8860	6246	796
QUAL	0	96	22434	12696	9738	762
QUAL	0	97	15834	9010	6824	785
QUAL	0	98	13870	7906	5964	811
QUAL	0	99	14453	8361	6092	726
QUAL	0	100	13477	7820	5657	765
QUAL	0	101	14583	8386	6197	754
QUAL	0	102	15807	9090	6717	735
QUAL	0	103	14172	8123	6049	741
QUAL	0	104	13892	7939	5953	787
QUAL	0	105	14788	8550	6238	718
QUAL	0	106	13820	7910	5910	757
QUAL	0	107	13824	8014	5810	749
QUAL	0	108	13654	7918	5736	770
QUAL	0	109	14086	7995	6091	742
QUAL	0	110	17988	10322	7666	738
QUAL	0	111	13609	7800	5809	729
QUAL	0	112	13488	7769	5719	667
QUAL	0	113	13159	7569	5590	749
QUAL	0	114	13533	7886	5647	677
QUAL	0	115	13573	7853	5720	672
QUAL	0	116	15590	8950	6640	699
QUAL	0	117	13416	7702	5714	680
QUAL	0	118	13875	7936	5939	646
QUAL	0	119	15070	8516	6554	697
QUAL	0	120	12862	7325	5537	692
QUAL	0	121	16622	9504	7118	654
QUAL	0	122	12848	7393	5455	706
QUAL	0	123	12610	7286	5324	683
QUAL	0	124	12644	7250	5394	715
QUAL	0	125	12872	7353	5519	678
QUAL	0	126	14027	7897	6130	665
QUAL	0	127	13514	7638	5876	650
QUAL	0	128	13792	7884	5908	678
QUAL	0	129	15124	8487	6637	697
QUAL	0	130	12216	7043	5173	658
QUAL	0	131	11964	6915	5049	673
QUAL	0	132	12521	7135	5386	646
QUAL	0	133	12067	6798	5269	639
QUAL	0	134	12740	7220	5520	622
QUAL	0	135	11791	6687	5104	696
QUAL	0	136	12368	6988	5380	687
QUAL	0	137	14016	7851	6165	666
QUAL	0	138	11473	6608	4865	662
QUAL	0	139	12008	6676	5332	602
QUAL	0	140	12393	7012	5381	669
QUAL	0	141	11110	6319	4791	649
QUAL	0	142	13888	7773	6115	681
QUAL	0	143	11668	6664	5004	656
QUAL	0	144	11582	6611	4971	680
QUAL	0	145	12547	7127	5420	606
QUAL	0	146	12476	7100	5376	635
QUAL	0	147	13415	7590	5825	653
QUAL	0	148	11279	6356	4923	631
QUAL	0	149	13666	7646	6020	663
QUAL	0	150	12110	6784	5326	651
QUAL	0	151	14166	7962	6204	637
QUAL	0	152	12668	7058	5610	657
QUAL	0	153	13157	7423	5734	649
QUAL	0	154	12518	7055	5463	619
QUAL	0	155	13966	7774	6192	666
QUAL	0	156	12690	7012	5678	623
QUAL	0	157	13549	7535	6014	646
QUAL	0	158	13205	7437	5768	679
QUAL	0	159	12979	7292	5687	630
QUAL	0	160	13989	7787	6202	614
QUAL	0	161	14852	8191	6661	582
QUAL	0	162	15474	8490	6984	587
QUAL	0	163	13885	7617	6268	581
QUAL	0	164	12360	6896	5464	604
QUAL	0	165	10464	5935	4529	590
QUAL	0	166	9624	5464	4160	581
QUAL	0	167	9957	5551	4406	564
QUAL	0	168	9390	5238	4152	563
QUAL	0	169	9218	5250	3968	604
QUAL	0	170	9096	5098	3998	579
QUAL	0	171	9072	5178	3894	541
QUAL	0	172	9913	5489	4424	574
QUAL	0	173	8981	4981	4000	599
QUAL	0	174	10297	5760	4537	549
QUAL	0	175	9501	5273	4228	575
QUAL	0	176	9413	5261	4152	585
QUAL	0	177	9177	5130	4047	571
QUAL	0	178	9383	5254	4129	552
QUAL	0	179	9153	5138	4015	573
QUAL	0	180	9301	5162	4139	515
QUAL	0	181	9201	5138	4063	533
QUAL	0	182	9860	5554	4306	538
QUAL	0	183	9409	5242	4167	571
QUAL	0	184	10046	5546	4500	587
QUAL	0	185	9973	5485	4488	577
QUAL	0	186	10372	5781	4591	549
QUAL	0	187	9987	5643	4344	585
QUAL	0	188	10058	5631	4427	554
QUAL	0	189	8924	5006	3918	603
QUAL	0	190	8967	5014	3953	523
QUAL	0	191	9547	5342	4205	528
QUAL	0	192	9912	5547	4365	564
QUAL	0	193	9494	5266	4228	541
QUAL	0	194	10952	6118	4834	562
QUAL	0	195	8494	4801	3693	502
QUAL	0	196	8694	4814	3880	600
QUAL	0	197	8673	4824	3849	545
QUAL	0	198	8493	4809	3684	560
QUAL	0	199	8910	4931	3979	564
QUAL	0	200	8649	4815	3834	564
QUAL	0	201	9255	5191	4064	603
QUAL	0	202	8597	4857	3740	534
QUAL	0	203	9010	5075	3935	598
QUAL	0	204	9308	5106	4202	525
QUAL	0	205	9695	5471	4224	482
QUAL	0	206	8824	4886	3938	547
QUAL	0	207	9671	5394	4277	519
QUAL	0	208	8539	4864	3675	546
QUAL	0	209	8393	4684	3709	585
QUAL	0	210	9165	5049	4116	551
QUAL	0	211	9240	5224	4016	525
QUAL	0	212	9804	5421	4383	596
QUAL	0	213	8882	4984	3898	580
QUAL	0	214	9309	5175	4134	38015
QUAL	0	215	9658	5348	4310	2646
QUAL	0	216	10521	5833	4688	1391
QUAL	0	217	9790	5355	4435	88214
QUAL	0	218	8652	4744	3908	2376
QUAL	0	219	9304	5148	4156	341
QUAL	0	220	9813	5353	4460	0
QUAL	0	221	3467812	1893603	1574209	0
QUAL	0	222	89720	48667	41053	0
QUAL	0	223	3872	2251	1621	0
QUAL	0	224	3141	1805	1336	0
QUAL	0	225	293764	170669	123095	0
QUAL	0	226	1968	1078	890	0
# IDD, InDel distribution:
# IDD	[2]id	[3]length (deletions negative)	[4]number of sites	[5]number of genotypes	[6]mean VAF
IDD	0	-56	1	0	.
IDD	0	-53	3	0	.
IDD	0	-52	13	0	.
IDD	0	-51	19	0	.
IDD	0	-50	28	0	.
IDD	0	-49	21	0	.
IDD	0	-48	35	0	.
IDD	0	-47	34	0	.
IDD	0	-46	33	0	.
IDD	0	-45	31	0	.
IDD	0	-44	38	0	.
IDD	0	-43	49	0	.
IDD	0	-42	56	0	.
IDD	0	-41	39	0	.
IDD	0	-40	47	0	.
IDD	0	-39	66	0	.
IDD	0	-38	66	0	.
IDD	0	-37	61	0	.
IDD	0	-36	103	0	.
IDD	0	-35	101	0	.
IDD	0	-34	97	0	.
IDD	0	-33	125	0	.
IDD	0	-32	153	0	.
IDD	0	-31	155	0	.
IDD	0	-30	213	0	.
IDD	0	-29	197	0	.
IDD	0	-28	214	0	.
IDD	0	-27	270	0	.
IDD	0	-26	291	0	.
IDD	0	-25	281	0	.
IDD	0	-24	410	0	.
IDD	0	-23	332	0	.
IDD	0	-22	519	0	.
IDD	0	-21	614	0	.
IDD	0	-20	717	0	.
IDD	0	-19	636	0	.
IDD	0	-18	1096	0	.
IDD	0	-17	918	0	.
IDD	0	-16	1165	0	.
IDD	0	-15	1571	0	.
IDD	0	-14	1673	0	.
IDD	0	-13	1868	0	.
IDD	0	-12	3186	0	.
IDD	0	-11	2689	0	.
IDD	0	-10	3328	0	.
IDD	0	-9	4926	0	.
IDD	0	-8	5089	0	.
IDD	0	-7	5099	0	.
IDD	0	-6	6369	0	.
IDD	0	-5	5923	0	.
IDD	0	-4	12776	0	.
IDD	0	-3	17272	0	.
IDD	0	-2	17884	0	.
IDD	0	-1	38331	0	.
IDD	0	1	42568	0	.
IDD	0	2	20690	0	.
IDD	0	3	18333	0	.
IDD	0	4	13979	0	.
IDD	0	5	6149	0	.
IDD	0	6	6244	0	.
IDD	0	7	5367	0	.
IDD	0	8	5471	0	.
IDD	0	9	4471	0	.
IDD	0	10	2878	0	.
IDD	0	11	1933	0	.
IDD	0	12	2393	0	.
IDD	0	13	1406	0	.
IDD	0	14	1204	0	.
IDD	0	15	1067	0	.
IDD	0	16	847	0	.
IDD	0	17	652	0	.
IDD	0	18	756	0	.
IDD	0	19	525	0	.
IDD	0	20	546	0	.
IDD	0	21	410	0	.
IDD	0	22	411	0	.
IDD	0	23	286	0	.
IDD	0	24	330	0	.
IDD	0	25	202	0	.
IDD	0	26	205	0	.
IDD	0	27	218	0	.
IDD	0	28	157	0	.
IDD	0	29	109	0	.
IDD	0	30	134	0	.
IDD	0	31	102	0	.
IDD	0	32	87	0	.
IDD	0	33	74	0	.
IDD	0	34	66	0	.
IDD	0	35	38	0	.
IDD	0	36	28	0	.
IDD	0	37	26	0	.
IDD	0	38	21	0	.
IDD	0	39	14	0	.
IDD	0	40	7	0	.
IDD	0	41	6	0	.
IDD	0	42	5	0	.
IDD	0	44	2	0	.
IDD	0	45	1	0	.
IDD	0	46	1	0	.
# ST, Substitution types:
# ST	[2]id	[3]type	[4]count
ST	0	A>C	333534
ST	0	A>G	954696
ST	0	A>T	586491
ST	0	C>A	360074
ST	0	C>G	273051
ST	0	C>T	974740
ST	0	G>A	974437
ST	0	G>C	272038
ST	0	G>T	359846
ST	0	T>A	585083
ST	0	T>C	956458
ST	0	T>G	334037
# DP, Depth distribution
# DP	[2]id	[3]bin	[4]number of genotypes	[5]fraction of genotypes (%)	[6]number of sites	[7]fraction of sites (%)
DP	0	0	0	0.000000	1873615	1.032192
DP	0	1	0	0.000000	11909013	6.560786
DP	0	2	0	0.000000	10934664	6.024008
DP	0	3	0	0.000000	5648671	3.111905
DP	0	4	0	0.000000	5484371	3.021391
DP	0	5	0	0.000000	3849518	2.120735
DP	0	6	0	0.000000	3698042	2.037286
DP	0	7	0	0.000000	2986785	1.645448
DP	0	8	0	0.000000	2858395	1.574716
DP	0	9	0	0.000000	2533891	1.395944
DP	0	10	0	0.000000	2422476	1.334565
DP	0	11	0	0.000000	2224446	1.225468
DP	0	12	0	0.000000	2153900	1.186603
DP	0	13	0	0.000000	2022800	1.114379
DP	0	14	0	0.000000	1977425	1.089382
DP	0	15	0	0.000000	1906732	1.050436
DP	0	16	0	0.000000	1876664	1.033872
DP	0	17	0	0.000000	1821986	1.003749
DP	0	18	0	0.000000	1796257	0.989575
DP	0	19	0	0.000000	1758391	0.968714
DP	0	20	0	0.000000	1752504	0.965471
DP	0	21	0	0.000000	1734734	0.955681
DP	0	22	0	0.000000	1727715	0.951814
DP	0	23	0	0.000000	1712001	0.943157
DP	0	24	0	0.000000	1703117	0.938263
DP	0	25	0	0.000000	1695098	0.933845
DP	0	26	0	0.000000	1680282	0.925683
DP	0	27	0	0.000000	1666388	0.918029
DP	0	28	0	0.000000	1664989	0.917258
DP	0	29	0	0.000000	1651711	0.909943
DP	0	30	0	0.000000	1649890	0.908940
DP	0	31	0	0.000000	1627309	0.896500
DP	0	32	0	0.000000	1642154	0.904678
DP	0	33	0	0.000000	1639119	0.903006
DP	0	34	0	0.000000	1648256	0.908040
DP	0	35	0	0.000000	1656735	0.912711
DP	0	36	0	0.000000	1680986	0.926071
DP	0	37	0	0.000000	1710038	0.942076
DP	0	38	0	0.000000	1757967	0.968480
DP	0	39	0	0.000000	1803344	0.993479
DP	0	40	0	0.000000	1858424	1.023823
DP	0	41	0	0.000000	1936869	1.067039
DP	0	42	0	0.000000	2011617	1.108218
DP	0	43	0	0.000000	2089231	1.150977
DP	0	44	0	0.000000	2169125	1.194991
DP	0	45	0	0.000000	2252298	1.240812
DP	0	46	0	0.000000	2334315	1.285996
DP	0	47	0	0.000000	2403975	1.324372
DP	0	48	0	0.000000	2477101	1.364658
DP	0	49	0	0.000000	2535371	1.396759
DP	0	50	0	0.000000	2582295	1.422610
DP	0	51	0	0.000000	2617631	1.442077
DP	0	52	0	0.000000	2633804	1.450987
DP	0	53	0	0.000000	2626829	1.447144
DP	0	54	0	0.000000	2609132	1.437395
DP	0	55	0	0.000000	2574386	1.418253
DP	0	56	0	0.000000	2519374	1.387947
DP	0	57	0	0.000000	2439401	1.343889
DP	0	58	0	0.000000	2350981	1.295177
DP	0	59	0	0.000000	2251958	1.240625
DP	0	60	0	0.000000	2142017	1.180057
DP	0	61	0	0.000000	2020883	1.113323
DP	0	62	0	0.000000	1895358	1.044170
DP	0	63	0	0.000000	1766708	0.973296
DP	0	64	0	0.000000	1632725	0.899483
DP	0	65	0	0.000000	1504634	0.828917
DP	0	66	0	0.000000	1371669	0.755665
DP	0	67	0	0.000000	1249179	0.688184
DP	0	68	0	0.000000	1123018	0.618681
DP	0	69	0	0.000000	1004699	0.553498
DP	0	70	0	0.000000	895200	0.493174
DP	0	71	0	0.000000	796663	0.438889
DP	0	72	0	0.000000	709560	0.390903
DP	0	73	0	0.000000	622507	0.342945
DP	0	74	0	0.000000	548597	0.302227
DP	0	75	0	0.000000	481336	0.265172
DP	0	76	0	0.000000	424926	0.234096
DP	0	77	0	0.000000	373345	0.205679
DP	0	78	0	0.000000	329850	0.181717
DP	0	79	0	0.000000	291225	0.160439
DP	0	80	0	0.000000	260152	0.143320
DP	0	81	0	0.000000	229197	0.126267
DP	0	82	0	0.000000	205420	0.113168
DP	0	83	0	0.000000	183718	0.101212
DP	0	84	0	0.000000	166715	0.091845
DP	0	85	0	0.000000	151928	0.083699
DP	0	86	0	0.000000	140139	0.077204
DP	0	87	0	0.000000	130626	0.071963
DP	0	88	0	0.000000	121710	0.067051
DP	0	89	0	0.000000	114502	0.063080
DP	0	90	0	0.000000	109359	0.060247
DP	0	91	0	0.000000	103420	0.056975
DP	0	92	0	0.000000	99116	0.054604
DP	0	93	0	0.000000	94010	0.051791
DP	0	94	0	0.000000	90558	0.049889
DP	0	95	0	0.000000	88407	0.048704
DP	0	96	0	0.000000	86504	0.047656
DP	0	97	0	0.000000	83820	0.046177
DP	0	98	0	0.000000	82184	0.045276
DP	0	99	0	0.000000	80902	0.044570
DP	0	100	0	0.000000	79422	0.043754
DP	0	101	0	0.000000	78462	0.043225
DP	0	102	0	0.000000	77659	0.042783
DP	0	103	0	0.000000	74445	0.041012
DP	0	104	0	0.000000	73795	0.040654
DP	0	105	0	0.000000	73418	0.040447
DP	0	106	0	0.000000	71739	0.039522
DP	0	107	0	0.000000	69496	0.038286
DP	0	108	0	0.000000	69179	0.038111
DP	0	109	0	0.000000	67289	0.037070
DP	0	110	0	0.000000	66110	0.036421
DP	0	111	0	0.000000	63637	0.035058
DP	0	112	0	0.000000	63705	0.035096
DP	0	113	0	0.000000	62810	0.034603
DP	0	114	0	0.000000	61309	0.033776
DP	0	115	0	0.000000	60569	0.033368
DP	0	116	0	0.000000	58938	0.032469
DP	0	117	0	0.000000	56992	0.031397
DP	0	118	0	0.000000	55455	0.030551
DP	0	119	0	0.000000	54078	0.029792
DP	0	120	0	0.000000	53490	0.029468
DP	0	121	0	0.000000	51923	0.028605
DP	0	122	0	0.000000	50355	0.027741
DP	0	123	0	0.000000	49023	0.027007
DP	0	124	0	0.000000	47672	0.026263
DP	0	125	0	0.000000	45944	0.025311
DP	0	126	0	0.000000	45234	0.024920
DP	0	127	0	0.000000	43034	0.023708
DP	0	128	0	0.000000	41957	0.023115
DP	0	129	0	0.000000	40237	0.022167
DP	0	130	0	0.000000	40116	0.022100
DP	0	131	0	0.000000	38834	0.021394
DP	0	132	0	0.000000	38479	0.021198
DP	0	133	0	0.000000	37514	0.020667
DP	0	134	0	0.000000	36491	0.020103
DP	0	135	0	0.000000	35990	0.019827
DP	0	136	0	0.000000	34652	0.019090
DP	0	137	0	0.000000	33717	0.018575
DP	0	138	0	0.000000	33378	0.018388
DP	0	139	0	0.000000	31894	0.017571
DP	0	140	0	0.000000	31231	0.017205
DP	0	141	0	0.000000	30512	0.016809
DP	0	142	0	0.000000	29628	0.016322
DP	0	143	0	0.000000	29296	0.016139
DP	0	144	0	0.000000	29264	0.016122
DP	0	145	0	0.000000	28144	0.015505
DP	0	146	0	0.000000	28063	0.015460
DP	0	147	0	0.000000	27049	0.014902
DP	0	148	0	0.000000	27141	0.014952
DP	0	149	0	0.000000	26381	0.014534
DP	0	150	0	0.000000	26236	0.014454
DP	0	151	0	0.000000	25953	0.014298
DP	0	152	0	0.000000	25011	0.013779
DP	0	153	0	0.000000	24764	0.013643
DP	0	154	0	0.000000	24147	0.013303
DP	0	155	0	0.000000	24278	0.013375
DP	0	156	0	0.000000	23812	0.013118
DP	0	157	0	0.000000	23311	0.012842
DP	0	158	0	0.000000	23104	0.012728
DP	0	159	0	0.000000	22874	0.012601
DP	0	160	0	0.000000	22759	0.012538
DP	0	161	0	0.000000	22269	0.012268
DP	0	162	0	0.000000	21477	0.011832
DP	0	163	0	0.000000	21379	0.011778
DP	0	164	0	0.000000	21267	0.011716
DP	0	165	0	0.000000	20808	0.011463
DP	0	166	0	0.000000	21094	0.011621
DP	0	167	0	0.000000	20505	0.011296
DP	0	168	0	0.000000	20476	0.011280
DP	0	169	0	0.000000	19794	0.010905
DP	0	170	0	0.000000	20033	0.011036
DP	0	171	0	0.000000	19685	0.010845
DP	0	172	0	0.000000	19463	0.010722
DP	0	173	0	0.000000	18919	0.010423
DP	0	174	0	0.000000	19302	0.010634
DP	0	175	0	0.000000	18932	0.010430
DP	0	176	0	0.000000	18929	0.010428
DP	0	177	0	0.000000	18477	0.010179
DP	0	178	0	0.000000	18092	0.009967
DP	0	179	0	0.000000	17957	0.009893
DP	0	180	0	0.000000	18049	0.009943
DP	0	181	0	0.000000	17752	0.009780
DP	0	182	0	0.000000	17385	0.009578
DP	0	183	0	0.000000	17249	0.009503
DP	0	184	0	0.000000	16931	0.009327
DP	0	185	0	0.000000	16508	0.009094
DP	0	186	0	0.000000	16799	0.009255
DP	0	187	0	0.000000	16392	0.009031
DP	0	188	0	0.000000	16271	0.008964
DP	0	189	0	0.000000	15938	0.008780
DP	0	190	0	0.000000	16181	0.008914
DP	0	191	0	0.000000	15547	0.008565
DP	0	192	0	0.000000	15612	0.008601
DP	0	193	0	0.000000	15227	0.008389
DP	0	194	0	0.000000	15178	0.008362
DP	0	195	0	0.000000	15104	0.008321
DP	0	196	0	0.000000	14877	0.008196
DP	0	197	0	0.000000	14691	0.008093
DP	0	198	0	0.000000	14702	0.008099
DP	0	199	0	0.000000	14458	0.007965
DP	0	200	0	0.000000	14583	0.008034
DP	0	201	0	0.000000	14116	0.007777
DP	0	202	0	0.000000	14437	0.007953
DP	0	203	0	0.000000	14026	0.007727
DP	0	204	0	0.000000	13880	0.007647
DP	0	205	0	0.000000	13514	0.007445
DP	0	206	0	0.000000	13946	0.007683
DP	0	207	0	0.000000	13887	0.007650
DP	0	208	0	0.000000	13688	0.007541
DP	0	209	0	0.000000	13750	0.007575
DP	0	210	0	0.000000	13626	0.007507
DP	0	211	0	0.000000	13726	0.007562
DP	0	212	0	0.000000	13842	0.007626
DP	0	213	0	0.000000	13587	0.007485
DP	0	214	0	0.000000	13878	0.007646
DP	0	215	0	0.000000	13910	0.007663
DP	0	216	0	0.000000	13926	0.007672
DP	0	217	0	0.000000	13884	0.007649
DP	0	218	0	0.000000	13738	0.007568
DP	0	219	0	0.000000	13622	0.007504
DP	0	220	0	0.000000	13719	0.007558
DP	0	221	0	0.000000	13594	0.007489
DP	0	222	0	0.000000	13647	0.007518
DP	0	223	0	0.000000	13273	0.007312
DP	0	224	0	0.000000	13696	0.007545
DP	0	225	0	0.000000	13494	0.007434
DP	0	226	0	0.000000	13567	0.007474
DP	0	227	0	0.000000	13708	0.007552
DP	0	228	0	0.000000	13986	0.007705
DP	0	229	0	0.000000	14130	0.007784
DP	0	230	0	0.000000	14323	0.007891
DP	0	231	0	0.000000	14622	0.008055
DP	0	232	0	0.000000	14700	0.008098
DP	0	233	0	0.000000	14618	0.008053
DP	0	234	0	0.000000	15127	0.008334
DP	0	235	0	0.000000	15238	0.008395
DP	0	236	0	0.000000	15892	0.008755
DP	0	237	0	0.000000	16263	0.008959
DP	0	238	0	0.000000	16770	0.009239
DP	0	239	0	0.000000	17578	0.009684
DP	0	240	0	0.000000	18333	0.010100
DP	0	241	0	0.000000	19600	0.010798
DP	0	242	0	0.000000	21010	0.011575
DP	0	243	0	0.000000	22837	0.012581
DP	0	244	0	0.000000	25664	0.014139
DP	0	245	0	0.000000	28715	0.015819
DP	0	246	0	0.000000	33609	0.018516
DP	0	247	0	0.000000	40563	0.022347
DP	0	248	0	0.000000	51855	0.028567
DP	0	249	0	0.000000	127507	0.070245
DP	0	250	0	0.000000	82933	0.045689
DP	0	251	0	0.000000	52347	0.028838
DP	0	252	0	0.000000	39508	0.021765
DP	0	253	0	0.000000	32173	0.017724
DP	0	254	0	0.000000	26971	0.014859
DP	0	255	0	0.000000	23644	0.013026
DP	0	256	0	0.000000	20860	0.011492
DP	0	257	0	0.000000	18364	0.010117
DP	0	258	0	0.000000	16549	0.009117
DP	0	259	0	0.000000	15502	0.008540
DP	0	260	0	0.000000	14081	0.007757
DP	0	261	0	0.000000	12620	0.006952
DP	0	262	0	0.000000	11348	0.006252
DP	0	263	0	0.000000	10649	0.005867
DP	0	264	0	0.000000	9567	0.005271
DP	0	265	0	0.000000	8744	0.004817
DP	0	266	0	0.000000	8091	0.004457
DP	0	267	0	0.000000	7556	0.004163
DP	0	268	0	0.000000	6966	0.003838
DP	0	269	0	0.000000	6377	0.003513
DP	0	270	0	0.000000	5722	0.003152
DP	0	271	0	0.000000	5191	0.002860
DP	0	272	0	0.000000	4850	0.002672
DP	0	273	0	0.000000	4584	0.002525
DP	0	274	0	0.000000	4182	0.002304
DP	0	275	0	0.000000	3813	0.002101
DP	0	276	0	0.000000	3527	0.001943
DP	0	277	0	0.000000	3310	0.001824
DP	0	278	0	0.000000	2975	0.001639
DP	0	279	0	0.000000	2842	0.001566
DP	0	280	0	0.000000	2700	0.001487
DP	0	281	0	0.000000	2504	0.001379
DP	0	282	0	0.000000	2310	0.001273
DP	0	283	0	0.000000	2245	0.001237
DP	0	284	0	0.000000	2129	0.001173
DP	0	285	0	0.000000	1984	0.001093
DP	0	286	0	0.000000	1791	0.000987
DP	0	287	0	0.000000	1714	0.000944
DP	0	288	0	0.000000	1600	0.000881
DP	0	289	0	0.000000	1421	0.000783
DP	0	290	0	0.000000	1324	0.000729
DP	0	291	0	0.000000	1228	0.000677
DP	0	292	0	0.000000	1174	0.000647
DP	0	293	0	0.000000	1112	0.000613
DP	0	294	0	0.000000	1068	0.000588
DP	0	295	0	0.000000	996	0.000549
DP	0	296	0	0.000000	954	0.000526
DP	0	297	0	0.000000	931	0.000513
DP	0	298	0	0.000000	892	0.000491
DP	0	299	0	0.000000	801	0.000441
DP	0	300	0	0.000000	746	0.000411
DP	0	301	0	0.000000	753	0.000415
DP	0	302	0	0.000000	711	0.000392
DP	0	303	0	0.000000	715	0.000394
DP	0	304	0	0.000000	668	0.000368
DP	0	305	0	0.000000	630	0.000347
DP	0	306	0	0.000000	562	0.000310
DP	0	307	0	0.000000	578	0.000318
DP	0	308	0	0.000000	529	0.000291
DP	0	309	0	0.000000	517	0.000285
DP	0	310	0	0.000000	532	0.000293
DP	0	311	0	0.000000	462	0.000255
DP	0	312	0	0.000000	412	0.000227
DP	0	313	0	0.000000	406	0.000224
DP	0	314	0	0.000000	377	0.000208
DP	0	315	0	0.000000	360	0.000198
DP	0	316	0	0.000000	342	0.000188
DP	0	317	0	0.000000	337	0.000186
DP	0	318	0	0.000000	336	0.000185
DP	0	319	0	0.000000	326	0.000180
DP	0	320	0	0.000000	321	0.000177
DP	0	321	0	0.000000	310	0.000171
DP	0	322	0	0.000000	300	0.000165
DP	0	323	0	0.000000	263	0.000145
DP	0	324	0	0.000000	274	0.000151
DP	0	325	0	0.000000	278	0.000153
DP	0	326	0	0.000000	253	0.000139
DP	0	327	0	0.000000	225	0.000124
DP	0	328	0	0.000000	239	0.000132
DP	0	329	0	0.000000	221	0.000122
DP	0	330	0	0.000000	210	0.000116
DP	0	331	0	0.000000	222	0.000122
DP	0	332	0	0.000000	210	0.000116
DP	0	333	0	0.000000	190	0.000105
DP	0	334	0	0.000000	188	0.000104
DP	0	335	0	0.000000	173	0.000095
DP	0	336	0	0.000000	163	0.000090
DP	0	337	0	0.000000	168	0.000093
DP	0	338	0	0.000000	174	0.000096
DP	0	339	0	0.000000	146	0.000080
DP	0	340	0	0.000000	150	0.000083
DP	0	341	0	0.000000	148	0.000082
DP	0	342	0	0.000000	147	0.000081
DP	0	343	0	0.000000	124	0.000068
DP	0	344	0	0.000000	136	0.000075
DP	0	345	0	0.000000	144	0.000079
DP	0	346	0	0.000000	129	0.000071
DP	0	347	0	0.000000	118	0.000065
DP	0	348	0	0.000000	116	0.000064
DP	0	349	0	0.000000	111	0.000061
DP	0	350	0	0.000000	119	0.000066
DP	0	351	0	0.000000	104	0.000057
DP	0	352	0	0.000000	99	0.000055
DP	0	353	0	0.000000	101	0.000056
DP	0	354	0	0.000000	88	0.000048
DP	0	355	0	0.000000	91	0.000050
DP	0	356	0	0.000000	86	0.000047
DP	0	357	0	0.000000	83	0.000046
DP	0	358	0	0.000000	77	0.000042
DP	0	359	0	0.000000	75	0.000041
DP	0	360	0	0.000000	71	0.000039
DP	0	361	0	0.000000	69	0.000038
DP	0	362	0	0.000000	70	0.000039
DP	0	363	0	0.000000	65	0.000036
DP	0	364	0	0.000000	60	0.000033
DP	0	365	0	0.000000	59	0.000033
DP	0	366	0	0.000000	52	0.000029
DP	0	367	0	0.000000	51	0.000028
DP	0	368	0	0.000000	60	0.000033
DP	0	369	0	0.000000	50	0.000028
DP	0	370	0	0.000000	41	0.000023
DP	0	371	0	0.000000	40	0.000022
DP	0	372	0	0.000000	36	0.000020
DP	0	373	0	0.000000	38	0.000021
DP	0	374	0	0.000000	39	0.000021
DP	0	375	0	0.000000	34	0.000019
DP	0	376	0	0.000000	28	0.000015
DP	0	377	0	0.000000	26	0.000014
DP	0	378	0	0.000000	22	0.000012
DP	0	379	0	0.000000	18	0.000010
DP	0	380	0	0.000000	17	0.000009
DP	0	381	0	0.000000	15	0.000008
DP	0	382	0	0.000000	9	0.000005
DP	0	383	0	0.000000	7	0.000004
DP	0	384	0	0.000000	6	0.000003
DP	0	385	0	0.000000	3	0.000002
DP	0	386	0	0.000000	4	0.000002
DP	0	387	0	0.000000	4	0.000002
DP	0	388	0	0.000000	4	0.000002
DP	0	389	0	0.000000	1	0.000001
