/ufrc/lee/braskey/SLURM_scripts
c33a-s5.ufhpc
Wed May 13 11:30:34 EDT 2020
Calling variants for aligned altissima genomic data
Note: none of --samples-file, --ploidy or --ploidy-file given, assuming all sites are diploid
[mpileup] 1 samples in 1 input files
[mpileup] maximum number of reads per input file set to -d 250
index: the file is not BGZF compressed, cannot index: /ufrc/lee/braskey/Data/WGS/bwa/ALT_aln_flt.vcf
# This file was produced by bcftools stats (1.10.2+htslib-1.10.2) and can be plotted using plot-vcfstats.
# The command line was:	bcftools stats  /ufrc/lee/braskey/Data/WGS/bwa/ALT_aln_flt.vcf
#
# Definition of sets:
# ID	[2]id	[3]tab-separated file names
ID	0	/ufrc/lee/braskey/Data/WGS/bwa/ALT_aln_flt.vcf
# SN, Summary numbers:
#   number of records   .. number of data rows in the VCF
#   number of no-ALTs   .. reference-only sites, ALT is either "." or identical to REF
#   number of SNPs      .. number of rows with a SNP
#   number of MNPs      .. number of rows with a MNP, such as CC>TT
#   number of indels    .. number of rows with an indel
#   number of others    .. number of rows with other type, for example a symbolic allele or
#                          a complex substitution, such as ACT>TCGA
#   number of multiallelic sites     .. number of rows with multiple alternate alleles
#   number of multiallelic SNP sites .. number of rows with multiple alternate alleles, all SNPs
# 
#   Note that rows containing multiple types will be counted multiple times, in each
#   counter. For example, a row with a SNP and an indel increments both the SNP and
#   the indel counter.
# 
# SN	[2]id	[3]key	[4]value
SN	0	number of samples:	1
SN	0	number of records:	93254144
SN	0	number of no-ALTs:	88402455
SN	0	number of SNPs:	4806017
SN	0	number of MNPs:	0
SN	0	number of indels:	45672
SN	0	number of others:	0
SN	0	number of multiallelic sites:	40734
SN	0	number of multiallelic SNP sites:	40607
# TSTV, transitions/transversions:
# TSTV	[2]id	[3]ts	[4]tv	[5]ts/tv	[6]ts (1st ALT)	[7]tv (1st ALT)	[8]ts/tv (1st ALT)
TSTV	0	2677477	2170592	1.23	2667156	2138861	1.25
# SiS, Singleton stats:
# SiS	[2]id	[3]allele count	[4]number of SNPs	[5]number of transitions	[6]number of transversions	[7]number of indels	[8]repeat-consistent	[9]repeat-inconsistent	[10]not applicable
SiS	0	1	4848069	2677477	2170592	45809	0	0	45809
# AF, Stats by non-reference allele frequency:
# AF	[2]id	[3]allele frequency	[4]number of SNPs	[5]number of transitions	[6]number of transversions	[7]number of indels	[8]repeat-consistent	[9]repeat-inconsistent	[10]not applicable
AF	0	0.000000	4848069	2677477	2170592	45809	0	0	45809
# QUAL, Stats by quality:
# QUAL	[2]id	[3]Quality	[4]number of SNPs	[5]number of transitions (1st ALT)	[6]number of transversions (1st ALT)	[7]number of indels
QUAL	0	20	12765	6945	5820	270
QUAL	0	21	12475	6906	5569	334
QUAL	0	22	11319	6279	5040	493
QUAL	0	23	12485	6838	5647	269
QUAL	0	24	11537	6287	5250	253
QUAL	0	25	16055	8648	7407	275
QUAL	0	26	12318	6828	5490	262
QUAL	0	27	10626	5794	4832	270
QUAL	0	28	10932	5874	5058	251
QUAL	0	29	11475	6349	5126	255
QUAL	0	30	13602	7412	6190	233
QUAL	0	31	11920	6579	5341	244
QUAL	0	32	11452	6383	5069	206
QUAL	0	33	9716	5423	4293	238
QUAL	0	34	11133	6139	4994	316
QUAL	0	35	50894	26433	24461	231
QUAL	0	36	10400	5790	4610	216
QUAL	0	37	8999	4989	4010	182
QUAL	0	38	10235	5619	4616	242
QUAL	0	39	10373	5674	4699	191
QUAL	0	40	9254	5075	4179	249
QUAL	0	41	9512	5163	4349	245
QUAL	0	42	19977	10553	9424	204
QUAL	0	43	8566	4851	3715	240
QUAL	0	44	9412	5280	4132	189
QUAL	0	45	8462	4750	3712	231
QUAL	0	46	8984	4919	4065	234
QUAL	0	47	9424	5113	4311	234
QUAL	0	48	9117	4992	4125	205
QUAL	0	49	9131	4991	4140	248
QUAL	0	50	8649	4841	3808	225
QUAL	0	51	11425	6062	5363	209
QUAL	0	52	9170	5047	4123	220
QUAL	0	53	8582	4783	3799	205
QUAL	0	54	8678	4760	3918	192
QUAL	0	55	8520	4639	3881	195
QUAL	0	56	8763	4822	3941	194
QUAL	0	57	8541	4655	3886	180
QUAL	0	58	9327	5030	4297	194
QUAL	0	59	30078	15828	14250	186
QUAL	0	60	8764	4778	3986	242
QUAL	0	61	9004	4883	4121	182
QUAL	0	62	8302	4574	3728	171
QUAL	0	63	8939	4918	4021	202
QUAL	0	64	8052	4408	3644	178
QUAL	0	65	9222	4944	4278	182
QUAL	0	66	7944	4412	3532	203
QUAL	0	67	7891	4359	3532	175
QUAL	0	68	8920	4922	3998	197
QUAL	0	69	8222	4617	3605	167
QUAL	0	70	8327	4541	3786	207
QUAL	0	71	13410	7216	6194	263
QUAL	0	72	13998	7404	6594	180
QUAL	0	73	10417	5609	4808	175
QUAL	0	74	7743	4280	3463	171
QUAL	0	75	8033	4390	3643	147
QUAL	0	76	8159	4602	3557	178
QUAL	0	77	8263	4444	3819	198
QUAL	0	78	8821	4825	3996	153
QUAL	0	79	8339	4541	3798	169
QUAL	0	80	20525	10836	9689	190
QUAL	0	81	7946	4258	3688	200
QUAL	0	82	8049	4412	3637	130
QUAL	0	83	7884	4373	3511	152
QUAL	0	84	8241	4420	3821	170
QUAL	0	85	7959	4411	3548	184
QUAL	0	86	7885	4286	3599	148
QUAL	0	87	8664	4687	3977	160
QUAL	0	88	8479	4658	3821	168
QUAL	0	89	7888	4304	3584	154
QUAL	0	90	9946	5349	4597	157
QUAL	0	91	8208	4452	3756	176
QUAL	0	92	7958	4401	3557	149
QUAL	0	93	8231	4529	3702	157
QUAL	0	94	8295	4538	3757	141
QUAL	0	95	8199	4495	3704	173
QUAL	0	96	20098	10551	9547	146
QUAL	0	97	10797	5845	4952	151
QUAL	0	98	7703	4225	3478	138
QUAL	0	99	7929	4357	3572	179
QUAL	0	100	7195	3962	3233	155
QUAL	0	101	8055	4395	3660	150
QUAL	0	102	11201	6073	5128	149
QUAL	0	103	7457	4065	3392	162
QUAL	0	104	7856	4308	3548	157
QUAL	0	105	9001	4864	4137	173
QUAL	0	106	8037	4393	3644	139
QUAL	0	107	7789	4224	3565	173
QUAL	0	108	7534	4159	3375	157
QUAL	0	109	8163	4473	3690	132
QUAL	0	110	14554	7720	6834	150
QUAL	0	111	7703	4214	3489	164
QUAL	0	112	7012	3850	3162	140
QUAL	0	113	7622	4126	3496	150
QUAL	0	114	7444	4051	3393	156
QUAL	0	115	7587	4111	3476	151
QUAL	0	116	11702	6212	5490	137
QUAL	0	117	7125	3835	3290	137
QUAL	0	118	8172	4379	3793	126
QUAL	0	119	9977	5283	4694	140
QUAL	0	120	7126	3838	3288	128
QUAL	0	121	12816	6720	6096	131
QUAL	0	122	7364	3865	3499	146
QUAL	0	123	6843	3722	3121	159
QUAL	0	124	7047	3911	3136	140
QUAL	0	125	7068	3812	3256	124
QUAL	0	126	9261	4975	4286	123
QUAL	0	127	9698	5208	4490	131
QUAL	0	128	9840	5321	4519	127
QUAL	0	129	12397	6519	5878	140
QUAL	0	130	7275	4012	3263	152
QUAL	0	131	6607	3595	3012	125
QUAL	0	132	8170	4365	3805	109
QUAL	0	133	6787	3663	3124	131
QUAL	0	134	8496	4623	3873	121
QUAL	0	135	6699	3690	3009	142
QUAL	0	136	8239	4433	3806	136
QUAL	0	137	11909	6242	5667	129
QUAL	0	138	6785	3736	3049	151
QUAL	0	139	7430	3978	3452	133
QUAL	0	140	9126	4801	4325	125
QUAL	0	141	6667	3586	3081	109
QUAL	0	142	12016	6149	5867	117
QUAL	0	143	7075	3824	3251	153
QUAL	0	144	7375	3954	3421	106
QUAL	0	145	9743	5074	4669	98
QUAL	0	146	8879	4670	4209	107
QUAL	0	147	11819	6210	5609	119
QUAL	0	148	7052	3804	3248	116
QUAL	0	149	11557	6104	5453	122
QUAL	0	150	8629	4606	4023	116
QUAL	0	151	13106	6712	6394	110
QUAL	0	152	9933	5323	4610	122
QUAL	0	153	10941	5801	5140	113
QUAL	0	154	9924	5184	4740	132
QUAL	0	155	12083	6416	5667	112
QUAL	0	156	10143	5323	4820	119
QUAL	0	157	11806	6198	5608	115
QUAL	0	158	11134	5879	5255	123
QUAL	0	159	10408	5451	4957	115
QUAL	0	160	12941	6742	6199	123
QUAL	0	161	14754	7811	6943	124
QUAL	0	162	15042	7765	7277	125
QUAL	0	163	12337	6441	5896	96
QUAL	0	164	9835	5170	4665	119
QUAL	0	165	7155	3901	3254	108
QUAL	0	166	6211	3285	2926	97
QUAL	0	167	6677	3565	3112	114
QUAL	0	168	5865	3113	2752	91
QUAL	0	169	5560	2948	2612	109
QUAL	0	170	5557	2960	2597	101
QUAL	0	171	5928	3219	2709	97
QUAL	0	172	7358	3892	3466	86
QUAL	0	173	5228	2888	2340	90
QUAL	0	174	7892	4177	3715	114
QUAL	0	175	6339	3304	3035	106
QUAL	0	176	5932	3198	2734	95
QUAL	0	177	5346	2833	2513	91
QUAL	0	178	5859	3188	2671	109
QUAL	0	179	6188	3392	2796	93
QUAL	0	180	6394	3407	2987	94
QUAL	0	181	5855	3252	2603	93
QUAL	0	182	7080	3814	3266	107
QUAL	0	183	6045	3162	2883	95
QUAL	0	184	7352	3914	3438	89
QUAL	0	185	7233	3825	3408	100
QUAL	0	186	7549	4050	3499	100
QUAL	0	187	6866	3674	3192	97
QUAL	0	188	7695	4086	3609	74
QUAL	0	189	6077	3199	2878	100
QUAL	0	190	5861	3144	2717	106
QUAL	0	191	7384	3877	3507	99
QUAL	0	192	7902	4250	3652	91
QUAL	0	193	7379	3880	3499	97
QUAL	0	194	9776	5185	4591	110
QUAL	0	195	5935	3209	2726	88
QUAL	0	196	5928	3212	2716	84
QUAL	0	197	5659	3086	2573	107
QUAL	0	198	5624	3028	2596	88
QUAL	0	199	6169	3335	2834	93
QUAL	0	200	6095	3260	2835	82
QUAL	0	201	7192	3869	3323	97
QUAL	0	202	5761	3066	2695	106
QUAL	0	203	6929	3738	3191	98
QUAL	0	204	7212	3883	3329	90
QUAL	0	205	7229	3847	3382	86
QUAL	0	206	5881	3216	2665	89
QUAL	0	207	7707	4125	3582	99
QUAL	0	208	5973	3245	2728	92
QUAL	0	209	6011	3243	2768	89
QUAL	0	210	7518	4074	3444	98
QUAL	0	211	7006	3784	3222	83
QUAL	0	212	8021	4224	3797	85
QUAL	0	213	6848	3631	3217	90
QUAL	0	214	6762	3569	3193	5828
QUAL	0	215	7130	3846	3284	398
QUAL	0	216	8271	4405	3866	182
QUAL	0	217	6711	3619	3092	9110
QUAL	0	218	6240	3444	2796	317
QUAL	0	219	7824	4236	3588	55
QUAL	0	220	9339	5056	4283	0
QUAL	0	221	2798664	1581833	1216831	0
QUAL	0	222	99529	52170	47359	0
QUAL	0	223	1463	844	619	0
QUAL	0	224	1018	585	433	0
QUAL	0	225	68692	42115	26577	0
QUAL	0	226	828	457	371	0
# IDD, InDel distribution:
# IDD	[2]id	[3]length (deletions negative)	[4]number of sites	[5]number of genotypes	[6]mean VAF
IDD	0	-47	1	0	.
IDD	0	-46	1	0	.
IDD	0	-40	1	0	.
IDD	0	-39	2	0	.
IDD	0	-37	2	0	.
IDD	0	-36	3	0	.
IDD	0	-35	1	0	.
IDD	0	-34	2	0	.
IDD	0	-33	3	0	.
IDD	0	-32	1	0	.
IDD	0	-31	2	0	.
IDD	0	-30	2	0	.
IDD	0	-28	4	0	.
IDD	0	-27	10	0	.
IDD	0	-26	2	0	.
IDD	0	-25	2	0	.
IDD	0	-24	14	0	.
IDD	0	-23	6	0	.
IDD	0	-22	10	0	.
IDD	0	-21	25	0	.
IDD	0	-20	26	0	.
IDD	0	-19	15	0	.
IDD	0	-18	60	0	.
IDD	0	-17	38	0	.
IDD	0	-16	30	0	.
IDD	0	-15	90	0	.
IDD	0	-14	74	0	.
IDD	0	-13	94	0	.
IDD	0	-12	220	0	.
IDD	0	-11	149	0	.
IDD	0	-10	211	0	.
IDD	0	-9	396	0	.
IDD	0	-8	403	0	.
IDD	0	-7	541	0	.
IDD	0	-6	893	0	.
IDD	0	-5	794	0	.
IDD	0	-4	1926	0	.
IDD	0	-3	3693	0	.
IDD	0	-2	3434	0	.
IDD	0	-1	8198	0	.
IDD	0	1	9594	0	.
IDD	0	2	3951	0	.
IDD	0	3	3497	0	.
IDD	0	4	1667	0	.
IDD	0	5	815	0	.
IDD	0	6	1013	0	.
IDD	0	7	629	0	.
IDD	0	8	678	0	.
IDD	0	9	818	0	.
IDD	0	10	330	0	.
IDD	0	11	240	0	.
IDD	0	12	380	0	.
IDD	0	13	152	0	.
IDD	0	14	93	0	.
IDD	0	15	142	0	.
IDD	0	16	51	0	.
IDD	0	17	44	0	.
IDD	0	18	92	0	.
IDD	0	19	27	0	.
IDD	0	20	36	0	.
IDD	0	21	41	0	.
IDD	0	22	21	0	.
IDD	0	23	13	0	.
IDD	0	24	40	0	.
IDD	0	25	7	0	.
IDD	0	26	1	0	.
IDD	0	27	16	0	.
IDD	0	28	5	0	.
IDD	0	29	8	0	.
IDD	0	30	9	0	.
IDD	0	31	4	0	.
IDD	0	32	8	0	.
IDD	0	33	4	0	.
IDD	0	34	2	0	.
IDD	0	35	1	0	.
IDD	0	36	1	0	.
# ST, Substitution types:
# ST	[2]id	[3]type	[4]count
ST	0	A>C	242322
ST	0	A>G	637617
ST	0	A>T	386388
ST	0	C>A	236813
ST	0	C>G	220034
ST	0	C>T	699839
ST	0	G>A	701587
ST	0	G>C	219280
ST	0	G>T	236674
ST	0	T>A	386131
ST	0	T>C	638434
ST	0	T>G	242950
# DP, Depth distribution
# DP	[2]id	[3]bin	[4]number of genotypes	[5]fraction of genotypes (%)	[6]number of sites	[7]fraction of sites (%)
DP	0	0	0	0.000000	597020	0.640207
DP	0	1	0	0.000000	5251953	5.631871
DP	0	2	0	0.000000	9344183	10.020126
DP	0	3	0	0.000000	2610267	2.799090
DP	0	4	0	0.000000	4094281	4.390455
DP	0	5	0	0.000000	1888068	2.024648
DP	0	6	0	0.000000	2436876	2.613156
DP	0	7	0	0.000000	1564545	1.677722
DP	0	8	0	0.000000	1794849	1.924686
DP	0	9	0	0.000000	1430076	1.533525
DP	0	10	0	0.000000	1536745	1.647911
DP	0	11	0	0.000000	1355657	1.453723
DP	0	12	0	0.000000	1400456	1.501763
DP	0	13	0	0.000000	1300393	1.394461
DP	0	14	0	0.000000	1347780	1.445276
DP	0	15	0	0.000000	1270019	1.361890
DP	0	16	0	0.000000	1302097	1.396289
DP	0	17	0	0.000000	1266837	1.358478
DP	0	18	0	0.000000	1287775	1.380931
DP	0	19	0	0.000000	1260959	1.352175
DP	0	20	0	0.000000	1277983	1.370430
DP	0	21	0	0.000000	1248362	1.338667
DP	0	22	0	0.000000	1254142	1.344865
DP	0	23	0	0.000000	1228839	1.317731
DP	0	24	0	0.000000	1238494	1.328085
DP	0	25	0	0.000000	1218635	1.306789
DP	0	26	0	0.000000	1218616	1.306769
DP	0	27	0	0.000000	1203034	1.290060
DP	0	28	0	0.000000	1204519	1.291652
DP	0	29	0	0.000000	1193448	1.279780
DP	0	30	0	0.000000	1208140	1.295535
DP	0	31	0	0.000000	1203894	1.290982
DP	0	32	0	0.000000	1214404	1.302252
DP	0	33	0	0.000000	1222262	1.310678
DP	0	34	0	0.000000	1243322	1.333262
DP	0	35	0	0.000000	1248550	1.338868
DP	0	36	0	0.000000	1265977	1.357556
DP	0	37	0	0.000000	1275112	1.367352
DP	0	38	0	0.000000	1285768	1.378778
DP	0	39	0	0.000000	1288446	1.381650
DP	0	40	0	0.000000	1297174	1.391009
DP	0	41	0	0.000000	1288495	1.381703
DP	0	42	0	0.000000	1287567	1.380708
DP	0	43	0	0.000000	1266559	1.358180
DP	0	44	0	0.000000	1250856	1.341341
DP	0	45	0	0.000000	1211595	1.299240
DP	0	46	0	0.000000	1177207	1.262364
DP	0	47	0	0.000000	1128628	1.210271
DP	0	48	0	0.000000	1081758	1.160011
DP	0	49	0	0.000000	1026626	1.100890
DP	0	50	0	0.000000	967946	1.037966
DP	0	51	0	0.000000	902168	0.967429
DP	0	52	0	0.000000	838589	0.899251
DP	0	53	0	0.000000	770243	0.825961
DP	0	54	0	0.000000	704131	0.755067
DP	0	55	0	0.000000	639850	0.686136
DP	0	56	0	0.000000	577111	0.618858
DP	0	57	0	0.000000	519128	0.556681
DP	0	58	0	0.000000	463851	0.497405
DP	0	59	0	0.000000	410164	0.439835
DP	0	60	0	0.000000	363941	0.390268
DP	0	61	0	0.000000	316524	0.339421
DP	0	62	0	0.000000	276735	0.296754
DP	0	63	0	0.000000	241843	0.259338
DP	0	64	0	0.000000	211917	0.227247
DP	0	65	0	0.000000	183351	0.196614
DP	0	66	0	0.000000	159143	0.170655
DP	0	67	0	0.000000	139051	0.149110
DP	0	68	0	0.000000	122865	0.131753
DP	0	69	0	0.000000	106737	0.114458
DP	0	70	0	0.000000	95248	0.102138
DP	0	71	0	0.000000	83249	0.089271
DP	0	72	0	0.000000	76179	0.081690
DP	0	73	0	0.000000	69818	0.074869
DP	0	74	0	0.000000	64628	0.069303
DP	0	75	0	0.000000	58818	0.063073
DP	0	76	0	0.000000	54838	0.058805
DP	0	77	0	0.000000	51498	0.055223
DP	0	78	0	0.000000	49913	0.053524
DP	0	79	0	0.000000	46532	0.049898
DP	0	80	0	0.000000	45524	0.048817
DP	0	81	0	0.000000	43249	0.046378
DP	0	82	0	0.000000	42544	0.045622
DP	0	83	0	0.000000	40403	0.043326
DP	0	84	0	0.000000	40134	0.043037
DP	0	85	0	0.000000	39088	0.041916
DP	0	86	0	0.000000	39021	0.041844
DP	0	87	0	0.000000	36929	0.039600
DP	0	88	0	0.000000	36345	0.038974
DP	0	89	0	0.000000	34738	0.037251
DP	0	90	0	0.000000	34942	0.037470
DP	0	91	0	0.000000	33353	0.035766
DP	0	92	0	0.000000	32843	0.035219
DP	0	93	0	0.000000	31573	0.033857
DP	0	94	0	0.000000	30813	0.033042
DP	0	95	0	0.000000	29700	0.031848
DP	0	96	0	0.000000	29985	0.032154
DP	0	97	0	0.000000	29100	0.031205
DP	0	98	0	0.000000	28395	0.030449
DP	0	99	0	0.000000	26692	0.028623
DP	0	100	0	0.000000	26144	0.028035
DP	0	101	0	0.000000	25211	0.027035
DP	0	102	0	0.000000	25383	0.027219
DP	0	103	0	0.000000	24394	0.026159
DP	0	104	0	0.000000	23762	0.025481
DP	0	105	0	0.000000	22615	0.024251
DP	0	106	0	0.000000	22082	0.023679
DP	0	107	0	0.000000	21105	0.022632
DP	0	108	0	0.000000	20522	0.022007
DP	0	109	0	0.000000	19785	0.021216
DP	0	110	0	0.000000	19203	0.020592
DP	0	111	0	0.000000	18461	0.019796
DP	0	112	0	0.000000	17936	0.019233
DP	0	113	0	0.000000	17340	0.018594
DP	0	114	0	0.000000	17172	0.018414
DP	0	115	0	0.000000	16291	0.017469
DP	0	116	0	0.000000	16258	0.017434
DP	0	117	0	0.000000	15277	0.016382
DP	0	118	0	0.000000	15203	0.016303
DP	0	119	0	0.000000	14770	0.015838
DP	0	120	0	0.000000	14282	0.015315
DP	0	121	0	0.000000	13979	0.014990
DP	0	122	0	0.000000	13402	0.014371
DP	0	123	0	0.000000	13500	0.014477
DP	0	124	0	0.000000	13076	0.014022
DP	0	125	0	0.000000	12916	0.013850
DP	0	126	0	0.000000	12690	0.013608
DP	0	127	0	0.000000	12257	0.013144
DP	0	128	0	0.000000	12254	0.013140
DP	0	129	0	0.000000	11814	0.012669
DP	0	130	0	0.000000	11798	0.012651
DP	0	131	0	0.000000	11706	0.012553
DP	0	132	0	0.000000	11430	0.012257
DP	0	133	0	0.000000	11042	0.011841
DP	0	134	0	0.000000	10838	0.011622
DP	0	135	0	0.000000	11081	0.011883
DP	0	136	0	0.000000	10781	0.011561
DP	0	137	0	0.000000	10777	0.011557
DP	0	138	0	0.000000	10692	0.011465
DP	0	139	0	0.000000	10347	0.011095
DP	0	140	0	0.000000	10471	0.011228
DP	0	141	0	0.000000	10205	0.010943
DP	0	142	0	0.000000	10511	0.011271
DP	0	143	0	0.000000	10051	0.010778
DP	0	144	0	0.000000	10180	0.010916
DP	0	145	0	0.000000	9825	0.010536
DP	0	146	0	0.000000	9760	0.010466
DP	0	147	0	0.000000	9055	0.009710
DP	0	148	0	0.000000	9440	0.010123
DP	0	149	0	0.000000	9273	0.009944
DP	0	150	0	0.000000	8934	0.009580
DP	0	151	0	0.000000	9218	0.009885
DP	0	152	0	0.000000	8951	0.009599
DP	0	153	0	0.000000	8632	0.009256
DP	0	154	0	0.000000	8881	0.009523
DP	0	155	0	0.000000	8414	0.009023
DP	0	156	0	0.000000	8304	0.008905
DP	0	157	0	0.000000	8073	0.008657
DP	0	158	0	0.000000	8205	0.008799
DP	0	159	0	0.000000	8128	0.008716
DP	0	160	0	0.000000	8048	0.008630
DP	0	161	0	0.000000	7900	0.008471
DP	0	162	0	0.000000	7873	0.008443
DP	0	163	0	0.000000	7299	0.007827
DP	0	164	0	0.000000	7699	0.008256
DP	0	165	0	0.000000	7615	0.008166
DP	0	166	0	0.000000	7361	0.007893
DP	0	167	0	0.000000	7093	0.007606
DP	0	168	0	0.000000	6852	0.007348
DP	0	169	0	0.000000	6542	0.007015
DP	0	170	0	0.000000	6793	0.007284
DP	0	171	0	0.000000	6810	0.007303
DP	0	172	0	0.000000	6940	0.007442
DP	0	173	0	0.000000	6562	0.007037
DP	0	174	0	0.000000	6707	0.007192
DP	0	175	0	0.000000	6509	0.006980
DP	0	176	0	0.000000	6693	0.007177
DP	0	177	0	0.000000	6331	0.006789
DP	0	178	0	0.000000	6488	0.006957
DP	0	179	0	0.000000	6206	0.006655
DP	0	180	0	0.000000	6502	0.006972
DP	0	181	0	0.000000	6275	0.006729
DP	0	182	0	0.000000	6615	0.007094
DP	0	183	0	0.000000	6305	0.006761
DP	0	184	0	0.000000	6379	0.006840
DP	0	185	0	0.000000	6058	0.006496
DP	0	186	0	0.000000	6056	0.006494
DP	0	187	0	0.000000	6140	0.006584
DP	0	188	0	0.000000	5962	0.006393
DP	0	189	0	0.000000	5821	0.006242
DP	0	190	0	0.000000	5576	0.005979
DP	0	191	0	0.000000	5744	0.006160
DP	0	192	0	0.000000	5914	0.006342
DP	0	193	0	0.000000	5581	0.005985
DP	0	194	0	0.000000	5646	0.006054
DP	0	195	0	0.000000	5530	0.005930
DP	0	196	0	0.000000	5730	0.006144
DP	0	197	0	0.000000	5377	0.005766
DP	0	198	0	0.000000	5662	0.006072
DP	0	199	0	0.000000	5423	0.005815
DP	0	200	0	0.000000	5469	0.005865
DP	0	201	0	0.000000	5456	0.005851
DP	0	202	0	0.000000	5358	0.005746
DP	0	203	0	0.000000	5427	0.005820
DP	0	204	0	0.000000	5675	0.006086
DP	0	205	0	0.000000	5401	0.005792
DP	0	206	0	0.000000	5475	0.005871
DP	0	207	0	0.000000	5235	0.005614
DP	0	208	0	0.000000	5246	0.005625
DP	0	209	0	0.000000	5092	0.005460
DP	0	210	0	0.000000	5378	0.005767
DP	0	211	0	0.000000	5083	0.005451
DP	0	212	0	0.000000	5329	0.005714
DP	0	213	0	0.000000	5112	0.005482
DP	0	214	0	0.000000	5296	0.005679
DP	0	215	0	0.000000	5219	0.005597
DP	0	216	0	0.000000	5254	0.005634
DP	0	217	0	0.000000	5436	0.005829
DP	0	218	0	0.000000	5453	0.005847
DP	0	219	0	0.000000	5326	0.005711
DP	0	220	0	0.000000	5357	0.005745
DP	0	221	0	0.000000	5311	0.005695
DP	0	222	0	0.000000	5531	0.005931
DP	0	223	0	0.000000	5525	0.005925
DP	0	224	0	0.000000	5568	0.005971
DP	0	225	0	0.000000	5406	0.005797
DP	0	226	0	0.000000	5631	0.006038
DP	0	227	0	0.000000	5523	0.005923
DP	0	228	0	0.000000	5774	0.006192
DP	0	229	0	0.000000	5708	0.006121
DP	0	230	0	0.000000	5905	0.006332
DP	0	231	0	0.000000	5793	0.006212
DP	0	232	0	0.000000	5913	0.006341
DP	0	233	0	0.000000	6079	0.006519
DP	0	234	0	0.000000	6237	0.006688
DP	0	235	0	0.000000	6371	0.006832
DP	0	236	0	0.000000	6493	0.006963
DP	0	237	0	0.000000	6699	0.007184
DP	0	238	0	0.000000	6962	0.007466
DP	0	239	0	0.000000	7102	0.007616
DP	0	240	0	0.000000	7502	0.008045
DP	0	241	0	0.000000	7949	0.008524
DP	0	242	0	0.000000	8302	0.008903
DP	0	243	0	0.000000	8996	0.009647
DP	0	244	0	0.000000	9974	0.010696
DP	0	245	0	0.000000	11492	0.012323
DP	0	246	0	0.000000	13648	0.014635
DP	0	247	0	0.000000	16853	0.018072
DP	0	248	0	0.000000	23330	0.025018
DP	0	249	0	0.000000	75599	0.081068
DP	0	250	0	0.000000	50775	0.054448
DP	0	251	0	0.000000	34350	0.036835
DP	0	252	0	0.000000	27254	0.029226
DP	0	253	0	0.000000	21933	0.023520
DP	0	254	0	0.000000	19615	0.021034
DP	0	255	0	0.000000	17475	0.018739
DP	0	256	0	0.000000	15626	0.016756
DP	0	257	0	0.000000	14004	0.015017
DP	0	258	0	0.000000	12481	0.013384
DP	0	259	0	0.000000	11636	0.012478
DP	0	260	0	0.000000	10790	0.011571
DP	0	261	0	0.000000	10022	0.010747
DP	0	262	0	0.000000	9209	0.009875
DP	0	263	0	0.000000	8118	0.008705
DP	0	264	0	0.000000	7441	0.007979
DP	0	265	0	0.000000	6866	0.007363
DP	0	266	0	0.000000	6506	0.006977
DP	0	267	0	0.000000	6153	0.006598
DP	0	268	0	0.000000	5673	0.006083
DP	0	269	0	0.000000	5249	0.005629
DP	0	270	0	0.000000	4902	0.005257
DP	0	271	0	0.000000	4325	0.004638
DP	0	272	0	0.000000	4039	0.004331
DP	0	273	0	0.000000	3816	0.004092
DP	0	274	0	0.000000	3420	0.003667
DP	0	275	0	0.000000	3085	0.003308
DP	0	276	0	0.000000	2888	0.003097
DP	0	277	0	0.000000	2723	0.002920
DP	0	278	0	0.000000	2549	0.002733
DP	0	279	0	0.000000	2435	0.002611
DP	0	280	0	0.000000	2243	0.002405
DP	0	281	0	0.000000	2179	0.002337
DP	0	282	0	0.000000	2066	0.002215
DP	0	283	0	0.000000	2028	0.002175
DP	0	284	0	0.000000	1855	0.001989
DP	0	285	0	0.000000	1710	0.001834
DP	0	286	0	0.000000	1671	0.001792
DP	0	287	0	0.000000	1654	0.001774
DP	0	288	0	0.000000	1546	0.001658
DP	0	289	0	0.000000	1481	0.001588
DP	0	290	0	0.000000	1383	0.001483
DP	0	291	0	0.000000	1281	0.001374
DP	0	292	0	0.000000	1235	0.001324
DP	0	293	0	0.000000	1256	0.001347
DP	0	294	0	0.000000	1171	0.001256
DP	0	295	0	0.000000	1197	0.001284
DP	0	296	0	0.000000	1133	0.001215
DP	0	297	0	0.000000	1033	0.001108
DP	0	298	0	0.000000	1001	0.001073
DP	0	299	0	0.000000	941	0.001009
DP	0	300	0	0.000000	908	0.000974
DP	0	301	0	0.000000	896	0.000961
DP	0	302	0	0.000000	880	0.000944
DP	0	303	0	0.000000	825	0.000885
DP	0	304	0	0.000000	748	0.000802
DP	0	305	0	0.000000	777	0.000833
DP	0	306	0	0.000000	697	0.000747
DP	0	307	0	0.000000	631	0.000677
DP	0	308	0	0.000000	678	0.000727
DP	0	309	0	0.000000	631	0.000677
DP	0	310	0	0.000000	596	0.000639
DP	0	311	0	0.000000	595	0.000638
DP	0	312	0	0.000000	582	0.000624
DP	0	313	0	0.000000	541	0.000580
DP	0	314	0	0.000000	549	0.000589
DP	0	315	0	0.000000	532	0.000570
DP	0	316	0	0.000000	485	0.000520
DP	0	317	0	0.000000	486	0.000521
DP	0	318	0	0.000000	483	0.000518
DP	0	319	0	0.000000	477	0.000512
DP	0	320	0	0.000000	505	0.000542
DP	0	321	0	0.000000	480	0.000515
DP	0	322	0	0.000000	450	0.000483
DP	0	323	0	0.000000	452	0.000485
DP	0	324	0	0.000000	400	0.000429
DP	0	325	0	0.000000	443	0.000475
DP	0	326	0	0.000000	414	0.000444
DP	0	327	0	0.000000	401	0.000430
DP	0	328	0	0.000000	388	0.000416
DP	0	329	0	0.000000	363	0.000389
DP	0	330	0	0.000000	321	0.000344
DP	0	331	0	0.000000	319	0.000342
DP	0	332	0	0.000000	327	0.000351
DP	0	333	0	0.000000	335	0.000359
DP	0	334	0	0.000000	347	0.000372
DP	0	335	0	0.000000	295	0.000316
DP	0	336	0	0.000000	280	0.000300
DP	0	337	0	0.000000	284	0.000305
DP	0	338	0	0.000000	267	0.000286
DP	0	339	0	0.000000	251	0.000269
DP	0	340	0	0.000000	245	0.000263
DP	0	341	0	0.000000	235	0.000252
DP	0	342	0	0.000000	213	0.000228
DP	0	343	0	0.000000	202	0.000217
DP	0	344	0	0.000000	202	0.000217
DP	0	345	0	0.000000	211	0.000226
DP	0	346	0	0.000000	202	0.000217
DP	0	347	0	0.000000	169	0.000181
DP	0	348	0	0.000000	167	0.000179
DP	0	349	0	0.000000	150	0.000161
DP	0	350	0	0.000000	148	0.000159
DP	0	351	0	0.000000	147	0.000158
DP	0	352	0	0.000000	171	0.000183
DP	0	353	0	0.000000	160	0.000172
DP	0	354	0	0.000000	137	0.000147
DP	0	355	0	0.000000	138	0.000148
DP	0	356	0	0.000000	120	0.000129
DP	0	357	0	0.000000	123	0.000132
DP	0	358	0	0.000000	119	0.000128
DP	0	359	0	0.000000	112	0.000120
DP	0	360	0	0.000000	109	0.000117
DP	0	361	0	0.000000	112	0.000120
DP	0	362	0	0.000000	104	0.000112
DP	0	363	0	0.000000	110	0.000118
DP	0	364	0	0.000000	116	0.000124
DP	0	365	0	0.000000	104	0.000112
DP	0	366	0	0.000000	105	0.000113
DP	0	367	0	0.000000	106	0.000114
DP	0	368	0	0.000000	103	0.000110
DP	0	369	0	0.000000	91	0.000098
DP	0	370	0	0.000000	94	0.000101
DP	0	371	0	0.000000	96	0.000103
DP	0	372	0	0.000000	89	0.000095
DP	0	373	0	0.000000	93	0.000100
DP	0	374	0	0.000000	89	0.000095
DP	0	375	0	0.000000	95	0.000102
DP	0	376	0	0.000000	81	0.000087
DP	0	377	0	0.000000	77	0.000083
DP	0	378	0	0.000000	76	0.000081
DP	0	379	0	0.000000	72	0.000077
DP	0	380	0	0.000000	75	0.000080
DP	0	381	0	0.000000	62	0.000066
DP	0	382	0	0.000000	53	0.000057
DP	0	383	0	0.000000	52	0.000056
DP	0	384	0	0.000000	48	0.000051
DP	0	385	0	0.000000	52	0.000056
DP	0	386	0	0.000000	36	0.000039
DP	0	387	0	0.000000	32	0.000034
DP	0	388	0	0.000000	24	0.000026
DP	0	389	0	0.000000	22	0.000024
DP	0	390	0	0.000000	20	0.000021
DP	0	391	0	0.000000	16	0.000017
DP	0	392	0	0.000000	10	0.000011
DP	0	393	0	0.000000	9	0.000010
DP	0	394	0	0.000000	6	0.000006
DP	0	395	0	0.000000	5	0.000005
DP	0	396	0	0.000000	1	0.000001
DP	0	397	0	0.000000	1	0.000001
DP	0	398	0	0.000000	1	0.000001
