/ufrc/lee/braskey/SLURM_scripts
c27a-s19.ufhpc
Fri May 22 21:28:43 EDT 2020
Aligning havanesis WGS data to reference genome
# novoindex (3.0) - Universal k-mer index constructor.
# (C) 2008 - 2011 NovoCraft Technologies Sdn Bhd
# novoindex /ufrc/lee/braskey/Data/ASM577160v1/ncbi_dataset/data/GCA_005771605.1/copy_HAV/GCA005771605.nix /ufrc/lee/braskey/Data/ASM577160v1/ncbi_dataset/data/GCA_005771605.1/copy_HAV/GCA005771605.fa 
# Creating 32 indexing threads.
# Building with 13-mer and step of 1 bp.
# novoindex construction dT = 199.9s
# Index memory size   1.829Gbyte.
# Done.
# novoalign (V3.00.02 - Build Apr  1 2013 @ 09:45:36 - A short read aligner with qualities.
# (C) 2008,2009,2010,2011 NovoCraft Technologies Sdn Bhd.
# License file not found.
# Licensed for evaluation, educational, and not-for-profit use only.
#  novoalign -d /ufrc/lee/braskey/Data/ASM577160v1/ncbi_dataset/data/GCA_005771605.1/copy_HAV/GCA005771605.nix -f /ufrc/lee/braskey/Data/WGS/HAV_1.fq /ufrc/lee/braskey/Data/WGS/HAV_2.fq -o SAM 
# Starting at Fri May 22 21:33:21 2020
# Interpreting input files as Illumina FASTQ, Casava Pipeline 1.8 & later.
# Index Build Version: 3.0
# Hash length: 13
# Step size: 1
#       Paired Reads: 71157902
#      Pairs Aligned: 22765219
#     Read Sequences: 142315804
#            Aligned: 53653482
#   Unique Alignment: 47311040
#   Gapped Alignment: 30722724
#     Quality Filter:        0
# Homopolymer Filter:    47012
#       Elapsed Time: 1514000.000 (secs.)
#           CPU Time: 23702.84 (min.)
# Fragment Length Distribution
#	From	To	Count
#	45	59	5
#	60	74	191
#	75	89	1461
#	90	104	7540
#	105	119	25706
#	120	134	45750
#	135	149	67767
#	150	164	98518
#	165	179	153168
#	180	194	231753
#	195	209	346542
#	210	224	497985
#	225	239	676921
#	240	254	887256
#	255	269	1098750
#	270	284	1290576
#	285	299	1430392
#	300	314	1488360
#	315	329	1460149
#	330	344	1355071
#	345	359	1192856
#	360	374	1006009
#	375	389	810576
#	390	404	632165
#	405	419	476103
#	420	434	349306
#	435	449	252065
#	450	464	179745
#	465	479	127426
#	480	494	90523
#	495	509	65565
#	510	524	48135
#	525	539	36302
#	540	554	28125
#	555	569	23212
#	570	584	18827
#	585	599	16327
#	600	614	14008
#	615	629	12015
#	630	644	10793
#	645	659	9723
#	660	674	8756
#	675	689	8119
#	690	704	7685
#	705	719	6675
#	720	734	6204
#	735	749	5768
#	750	764	5607
#	765	779	5617
#	780	794	5059
#	795	809	26
#	810	824	3
#	825	839	1
#	840	854	2
#	855	869	0
#	870	884	0
#	885	899	1
#	900	914	1
#	915	929	0
#	930	944	0
#	945	959	0
#	960	974	0
#	975	989	2
#	990	1004	0
#	1005	1019	0
#	1020	1034	0
#	1035	1049	0
#	1050	1064	0
#	1065	1079	1
#	1080	1094	0
#	1095	1109	0
#	1110	1124	0
#	1125	1139	1
# Mean   319, Std Dev  77.3
# Done at Tue Jun  9 10:06:42 2020
[bam_sort_core] merging from 68 files and 1 in-memory blocks...
slurmstepd: error: unlink(/tmp/slurmd/job52318604/slurm_script): No such file or directory
