/ufrc/lee/braskey/SLURM_scripts
c27a-s19.ufhpc
Fri May 22 21:28:49 EDT 2020
Aligning racemosa WGS data to reference genome
# novoindex (3.0) - Universal k-mer index constructor.
# (C) 2008 - 2011 NovoCraft Technologies Sdn Bhd
# novoindex /ufrc/lee/braskey/Data/ASM577160v1/ncbi_dataset/data/GCA_005771605.1/copy_RAC/GCA005771605.nix /ufrc/lee/braskey/Data/ASM577160v1/ncbi_dataset/data/GCA_005771605.1/copy_RAC/GCA005771605.fa 
# Creating 32 indexing threads.
# Building with 13-mer and step of 1 bp.
# novoindex construction dT = 200.9s
# Index memory size   1.829Gbyte.
# Done.
# novoalign (V3.00.02 - Build Apr  1 2013 @ 09:45:36 - A short read aligner with qualities.
# (C) 2008,2009,2010,2011 NovoCraft Technologies Sdn Bhd.
# License file not found.
# Licensed for evaluation, educational, and not-for-profit use only.
#  novoalign -d /ufrc/lee/braskey/Data/ASM577160v1/ncbi_dataset/data/GCA_005771605.1/copy_RAC/GCA005771605.nix -f /ufrc/lee/braskey/Data/WGS/RAC_1.fq /ufrc/lee/braskey/Data/WGS/RAC_2.fq -o SAM 
# Starting at Fri May 22 21:32:39 2020
# Interpreting input files as Illumina FASTQ, Casava Pipeline 1.8 & later.
# Index Build Version: 3.0
# Hash length: 13
# Step size: 1
#       Paired Reads: 70781440
#      Pairs Aligned: 14364465
#     Read Sequences: 141562880
#            Aligned: 35212646
#   Unique Alignment: 29506678
#   Gapped Alignment: 17736362
#     Quality Filter:        0
# Homopolymer Filter:    33245
#       Elapsed Time: 1495365.250 (secs.)
#           CPU Time: 23145.41 (min.)
# Fragment Length Distribution
#	From	To	Count
#	60	74	62
#	75	89	317
#	90	104	2015
#	105	119	6765
#	120	134	20620
#	135	149	38202
#	150	164	63774
#	165	179	101362
#	180	194	145490
#	195	209	211237
#	210	224	298018
#	225	239	399183
#	240	254	531653
#	255	269	656235
#	270	284	758869
#	285	299	842838
#	300	314	871320
#	315	329	844739
#	330	344	770802
#	345	359	668395
#	360	374	550721
#	375	389	435541
#	390	404	332114
#	405	419	245551
#	420	434	176247
#	435	449	124813
#	450	464	87597
#	465	479	60266
#	480	494	41101
#	495	509	28288
#	510	524	20579
#	525	539	14413
#	540	554	10552
#	555	569	7702
#	570	584	6033
#	585	599	4877
#	600	614	4092
#	615	629	3212
#	630	644	2770
#	645	659	2496
#	660	674	2097
#	675	689	1982
#	690	704	1660
#	705	719	1545
#	720	734	1461
#	735	749	1177
#	750	764	0
#	765	779	0
#	780	794	1
#	795	809	0
#	810	824	0
#	825	839	0
#	840	854	0
#	855	869	2
#	870	884	0
#	885	899	0
#	900	914	0
#	915	929	0
#	930	944	0
#	945	959	1
# Mean   313, Std Dev  71.1
# Done at Tue Jun  9 04:55:26 2020
[bam_sort_core] merging from 66 files and 1 in-memory blocks...
slurmstepd: error: unlink(/tmp/slurmd/job52318605/slurm_script): No such file or directory
