/ufrc/lee/braskey/SLURM_scripts
c2a-s1.ufhpc
Sun Jul 12 18:30:12 EDT 2020
Mapping SRP179837 (baicalensis) leaf2 RNAseq data to baicalensis reference genome
TrimmomaticPE: Started with arguments:
 -threads 1 /ufrc/lee/braskey/Data/SRP179837/SRP179837_leaf2_1.fastq /ufrc/lee/braskey/Data/SRP179837/SRP179837_leaf2_2.fastq /ufrc/lee/braskey/Data/SRP179837/SRP179837_leaf2_trimmed_1.fastq /ufrc/lee/braskey/Data/SRP179837/SRP179837_leaf2_unpaired_1.fastq /ufrc/lee/braskey/Data/SRP179837/SRP179837_leaf2_trimmed_2.fastq /ufrc/lee/braskey/Data/SRP179837/SRP179837_leaf2_unpaired_2.fastq ILLUMINACLIP:TruSeq3-PE.fa:2:30:10:2:keepBothReads LEADING:3 TRAILING:3 MINLEN:100
Using PrefixPair: 'TACACTCTTTCCCTACACGACGCTCTTCCGATCT' and 'GTGACTGGAGTTCAGACGTGTGCTCTTCCGATCT'
ILLUMINACLIP: Using 1 prefix pairs, 0 forward/reverse sequences, 0 forward only sequences, 0 reverse only sequences
Quality encoding detected as phred33
Input Read Pairs: 25589730 Both Surviving: 14027644 (54.82%) Forward Only Surviving: 10163275 (39.72%) Reverse Only Surviving: 0 (0.00%) Dropped: 1398811 (5.47%)
TrimmomaticPE: Completed successfully
14027644 reads; of these:
  14027644 (100.00%) were paired; of these:
    2340489 (16.68%) aligned concordantly 0 times
    10297222 (73.41%) aligned concordantly exactly 1 time
    1389933 (9.91%) aligned concordantly >1 times
    ----
    2340489 pairs aligned concordantly 0 times; of these:
      82052 (3.51%) aligned discordantly 1 time
    ----
    2258437 pairs aligned 0 times concordantly or discordantly; of these:
      4516874 mates make up the pairs; of these:
        2923980 (64.73%) aligned 0 times
        1404766 (31.10%) aligned exactly 1 time
        188128 (4.17%) aligned >1 times
89.58% overall alignment rate
