/ufrc/lee/braskey/SLURM_scripts
c2a-s20.ufhpc
Sun Jul 12 18:30:12 EDT 2020
Mapping SRP179837 (baicalensis) root1 RNAseq data to baicalensis reference genome
TrimmomaticPE: Started with arguments:
 -threads 1 /ufrc/lee/braskey/Data/SRP179837/SRP179837_root1_1.fastq /ufrc/lee/braskey/Data/SRP179837/SRP179837_root1_2.fastq /ufrc/lee/braskey/Data/SRP179837/SRP179837_root1_trimmed_1.fastq /ufrc/lee/braskey/Data/SRP179837/SRP179837_root1_unpaired_1.fastq /ufrc/lee/braskey/Data/SRP179837/SRP179837_root1_trimmed_2.fastq /ufrc/lee/braskey/Data/SRP179837/SRP179837_root1_unpaired_2.fastq ILLUMINACLIP:TruSeq3-PE.fa:2:30:10:2:keepBothReads LEADING:3 TRAILING:3 MINLEN:100
Using PrefixPair: 'TACACTCTTTCCCTACACGACGCTCTTCCGATCT' and 'GTGACTGGAGTTCAGACGTGTGCTCTTCCGATCT'
ILLUMINACLIP: Using 1 prefix pairs, 0 forward/reverse sequences, 0 forward only sequences, 0 reverse only sequences
Quality encoding detected as phred33
Input Read Pairs: 41235603 Both Surviving: 25753219 (62.45%) Forward Only Surviving: 13639465 (33.08%) Reverse Only Surviving: 0 (0.00%) Dropped: 1842919 (4.47%)
TrimmomaticPE: Completed successfully
25753219 reads; of these:
  25753219 (100.00%) were paired; of these:
    5324740 (20.68%) aligned concordantly 0 times
    17741845 (68.89%) aligned concordantly exactly 1 time
    2686634 (10.43%) aligned concordantly >1 times
    ----
    5324740 pairs aligned concordantly 0 times; of these:
      117293 (2.20%) aligned discordantly 1 time
    ----
    5207447 pairs aligned 0 times concordantly or discordantly; of these:
      10414894 mates make up the pairs; of these:
        7968459 (76.51%) aligned 0 times
        2082934 (20.00%) aligned exactly 1 time
        363501 (3.49%) aligned >1 times
84.53% overall alignment rate
