/ufrc/lee/braskey/SLURM_scripts
c22a-s25.ufhpc
Sun Jul 12 18:30:12 EDT 2020
Mapping racemosa leaf3 RNAseq data to baicalensis reference genome
TrimmomaticPE: Started with arguments:
 -threads 1 /ufrc/lee/braskey/Data/RNAseq/RAC_leaf3_1.fastq /ufrc/lee/braskey/Data/RNAseq/RAC_leaf3_2.fastq /ufrc/lee/braskey/Data/RNAseq/RAC_leaf3_trimmed_1.fastq /ufrc/lee/braskey/Data/RNAseq/RAC_leaf3_unpaired_1.fastq /ufrc/lee/braskey/Data/RNAseq/RAC_leaf3_trimmed_2.fastq /ufrc/lee/braskey/Data/RNAseq/RAC_leaf3_unpaired_2.fastq ILLUMINACLIP:TruSeq3-PE.fa:2:30:10:2:keepBothReads LEADING:3 TRAILING:3 MINLEN:80
Using PrefixPair: 'TACACTCTTTCCCTACACGACGCTCTTCCGATCT' and 'GTGACTGGAGTTCAGACGTGTGCTCTTCCGATCT'
ILLUMINACLIP: Using 1 prefix pairs, 0 forward/reverse sequences, 0 forward only sequences, 0 reverse only sequences
Quality encoding detected as phred33
Input Read Pairs: 31208809 Both Surviving: 31005428 (99.35%) Forward Only Surviving: 179913 (0.58%) Reverse Only Surviving: 0 (0.00%) Dropped: 23468 (0.08%)
TrimmomaticPE: Completed successfully
31005428 reads; of these:
  31005428 (100.00%) were paired; of these:
    28023397 (90.38%) aligned concordantly 0 times
    2618178 (8.44%) aligned concordantly exactly 1 time
    363853 (1.17%) aligned concordantly >1 times
    ----
    28023397 pairs aligned concordantly 0 times; of these:
      35758 (0.13%) aligned discordantly 1 time
    ----
    27987639 pairs aligned 0 times concordantly or discordantly; of these:
      55975278 mates make up the pairs; of these:
        48669684 (86.95%) aligned 0 times
        6175121 (11.03%) aligned exactly 1 time
        1130473 (2.02%) aligned >1 times
21.51% overall alignment rate
