/ufrc/lee/braskey/SLURM_scripts
c2a-s20.ufhpc
Sun Jul 12 18:30:12 EDT 2020
Mapping SRP179837 (baicalensis) root2 RNAseq data to baicalensis reference genome
TrimmomaticPE: Started with arguments:
 -threads 1 /ufrc/lee/braskey/Data/SRP179837/SRP179837_root2_1.fastq /ufrc/lee/braskey/Data/SRP179837/SRP179837_root2_2.fastq /ufrc/lee/braskey/Data/SRP179837/SRP179837_root2_trimmed_1.fastq /ufrc/lee/braskey/Data/SRP179837/SRP179837_root2_unpaired_1.fastq /ufrc/lee/braskey/Data/SRP179837/SRP179837_root2_trimmed_2.fastq /ufrc/lee/braskey/Data/SRP179837/SRP179837_root2_unpaired_2.fastq ILLUMINACLIP:TruSeq3-PE.fa:2:30:10:2:keepBothReads LEADING:3 TRAILING:3 MINLEN:100
Using PrefixPair: 'TACACTCTTTCCCTACACGACGCTCTTCCGATCT' and 'GTGACTGGAGTTCAGACGTGTGCTCTTCCGATCT'
ILLUMINACLIP: Using 1 prefix pairs, 0 forward/reverse sequences, 0 forward only sequences, 0 reverse only sequences
Quality encoding detected as phred33
Input Read Pairs: 20852584 Both Surviving: 13000617 (62.35%) Forward Only Surviving: 7039961 (33.76%) Reverse Only Surviving: 0 (0.00%) Dropped: 812006 (3.89%)
TrimmomaticPE: Completed successfully
13000617 reads; of these:
  13000617 (100.00%) were paired; of these:
    2698517 (20.76%) aligned concordantly 0 times
    9134450 (70.26%) aligned concordantly exactly 1 time
    1167650 (8.98%) aligned concordantly >1 times
    ----
    2698517 pairs aligned concordantly 0 times; of these:
      59829 (2.22%) aligned discordantly 1 time
    ----
    2638688 pairs aligned 0 times concordantly or discordantly; of these:
      5277376 mates make up the pairs; of these:
        4012528 (76.03%) aligned 0 times
        1112387 (21.08%) aligned exactly 1 time
        152461 (2.89%) aligned >1 times
84.57% overall alignment rate
