/ufrc/lee/braskey/SLURM_scripts
c2a-s20.ufhpc
Sun Jul 12 18:30:12 EDT 2020
Mapping SRP179837 (baicalensis) leaf3 RNAseq data to baicalensis reference genome
TrimmomaticPE: Started with arguments:
 -threads 1 /ufrc/lee/braskey/Data/SRP179837/SRP179837_leaf3_1.fastq /ufrc/lee/braskey/Data/SRP179837/SRP179837_leaf3_2.fastq /ufrc/lee/braskey/Data/SRP179837/SRP179837_leaf3_trimmed_1.fastq /ufrc/lee/braskey/Data/SRP179837/SRP179837_leaf3_unpaired_1.fastq /ufrc/lee/braskey/Data/SRP179837/SRP179837_leaf3_trimmed_2.fastq /ufrc/lee/braskey/Data/SRP179837/SRP179837_leaf3_unpaired_2.fastq ILLUMINACLIP:TruSeq3-PE.fa:2:30:10:2:keepBothReads LEADING:3 TRAILING:3 MINLEN:100
Using PrefixPair: 'TACACTCTTTCCCTACACGACGCTCTTCCGATCT' and 'GTGACTGGAGTTCAGACGTGTGCTCTTCCGATCT'
ILLUMINACLIP: Using 1 prefix pairs, 0 forward/reverse sequences, 0 forward only sequences, 0 reverse only sequences
Quality encoding detected as phred33
Input Read Pairs: 48528038 Both Surviving: 36754327 (75.74%) Forward Only Surviving: 10907129 (22.48%) Reverse Only Surviving: 0 (0.00%) Dropped: 866582 (1.79%)
TrimmomaticPE: Completed successfully
36754327 reads; of these:
  36754327 (100.00%) were paired; of these:
    12713441 (34.59%) aligned concordantly 0 times
    21312287 (57.99%) aligned concordantly exactly 1 time
    2728599 (7.42%) aligned concordantly >1 times
    ----
    12713441 pairs aligned concordantly 0 times; of these:
      170384 (1.34%) aligned discordantly 1 time
    ----
    12543057 pairs aligned 0 times concordantly or discordantly; of these:
      25086114 mates make up the pairs; of these:
        22760471 (90.73%) aligned 0 times
        2060176 (8.21%) aligned exactly 1 time
        265467 (1.06%) aligned >1 times
69.04% overall alignment rate
