                                 Started job on |	Jun 14 12:40:14
                             Started mapping on |	Jun 14 12:41:13
                                    Finished on |	Jun 15 17:12:26
       Mapping speed, Million of reads per hour |	1.09

                          Number of input reads |	31208809
                      Average input read length |	201
                                    UNIQUE READS:
                   Uniquely mapped reads number |	13860155
                        Uniquely mapped reads % |	44.41%
                          Average mapped length |	186.47
                       Number of splices: Total |	7380846
            Number of splices: Annotated (sjdb) |	0
                       Number of splices: GT/AG |	7280378
                       Number of splices: GC/AG |	37584
                       Number of splices: AT/AC |	1171
               Number of splices: Non-canonical |	61713
                      Mismatch rate per base, % |	4.36%
                         Deletion rate per base |	0.06%
                        Deletion average length |	2.90
                        Insertion rate per base |	0.05%
                       Insertion average length |	2.48
                             MULTI-MAPPING READS:
        Number of reads mapped to multiple loci |	2439461
             % of reads mapped to multiple loci |	7.82%
        Number of reads mapped to too many loci |	5716
             % of reads mapped to too many loci |	0.02%
                                  UNMAPPED READS:
  Number of reads unmapped: too many mismatches |	0
       % of reads unmapped: too many mismatches |	0.00%
            Number of reads unmapped: too short |	14900713
                 % of reads unmapped: too short |	47.75%
                Number of reads unmapped: other |	2764
                     % of reads unmapped: other |	0.01%
                                  CHIMERIC READS:
                       Number of chimeric reads |	0
                            % of chimeric reads |	0.00%
