                                 Started job on |	Jun 14 12:41:50
                             Started mapping on |	Jun 14 12:42:03
                                    Finished on |	Jun 15 22:15:36
       Mapping speed, Million of reads per hour |	1.07

                          Number of input reads |	35774916
                      Average input read length |	201
                                    UNIQUE READS:
                   Uniquely mapped reads number |	16098578
                        Uniquely mapped reads % |	45.00%
                          Average mapped length |	186.42
                       Number of splices: Total |	8549225
            Number of splices: Annotated (sjdb) |	0
                       Number of splices: GT/AG |	8423559
                       Number of splices: GC/AG |	37691
                       Number of splices: AT/AC |	1197
               Number of splices: Non-canonical |	86778
                      Mismatch rate per base, % |	4.34%
                         Deletion rate per base |	0.07%
                        Deletion average length |	3.03
                        Insertion rate per base |	0.05%
                       Insertion average length |	2.75
                             MULTI-MAPPING READS:
        Number of reads mapped to multiple loci |	2978379
             % of reads mapped to multiple loci |	8.33%
        Number of reads mapped to too many loci |	10015
             % of reads mapped to too many loci |	0.03%
                                  UNMAPPED READS:
  Number of reads unmapped: too many mismatches |	0
       % of reads unmapped: too many mismatches |	0.00%
            Number of reads unmapped: too short |	16681210
                 % of reads unmapped: too short |	46.63%
                Number of reads unmapped: other |	6734
                     % of reads unmapped: other |	0.02%
                                  CHIMERIC READS:
                       Number of chimeric reads |	0
                            % of chimeric reads |	0.00%
