                                 Started job on |	Jun 14 12:40:06
                             Started mapping on |	Jun 14 12:41:13
                                    Finished on |	Jun 15 17:23:44
       Mapping speed, Million of reads per hour |	1.03

                          Number of input reads |	29613922
                      Average input read length |	201
                                    UNIQUE READS:
                   Uniquely mapped reads number |	12999781
                        Uniquely mapped reads % |	43.90%
                          Average mapped length |	186.22
                       Number of splices: Total |	6600935
            Number of splices: Annotated (sjdb) |	0
                       Number of splices: GT/AG |	6491355
                       Number of splices: GC/AG |	30823
                       Number of splices: AT/AC |	979
               Number of splices: Non-canonical |	77778
                      Mismatch rate per base, % |	4.38%
                         Deletion rate per base |	0.06%
                        Deletion average length |	2.79
                        Insertion rate per base |	0.04%
                       Insertion average length |	2.71
                             MULTI-MAPPING READS:
        Number of reads mapped to multiple loci |	2465513
             % of reads mapped to multiple loci |	8.33%
        Number of reads mapped to too many loci |	8521
             % of reads mapped to too many loci |	0.03%
                                  UNMAPPED READS:
  Number of reads unmapped: too many mismatches |	0
       % of reads unmapped: too many mismatches |	0.00%
            Number of reads unmapped: too short |	14134359
                 % of reads unmapped: too short |	47.73%
                Number of reads unmapped: other |	5748
                     % of reads unmapped: other |	0.02%
                                  CHIMERIC READS:
                       Number of chimeric reads |	0
                            % of chimeric reads |	0.00%
