                                 Started job on |	Jun 14 12:54:08
                             Started mapping on |	Jun 14 12:54:26
                                    Finished on |	Jun 14 19:17:27
       Mapping speed, Million of reads per hour |	3.54

                          Number of input reads |	22595120
                      Average input read length |	299
                                    UNIQUE READS:
                   Uniquely mapped reads number |	15003429
                        Uniquely mapped reads % |	66.40%
                          Average mapped length |	281.55
                       Number of splices: Total |	11804497
            Number of splices: Annotated (sjdb) |	0
                       Number of splices: GT/AG |	11644772
                       Number of splices: GC/AG |	108179
                       Number of splices: AT/AC |	3204
               Number of splices: Non-canonical |	48342
                      Mismatch rate per base, % |	0.79%
                         Deletion rate per base |	0.03%
                        Deletion average length |	2.54
                        Insertion rate per base |	0.02%
                       Insertion average length |	2.21
                             MULTI-MAPPING READS:
        Number of reads mapped to multiple loci |	2544062
             % of reads mapped to multiple loci |	11.26%
        Number of reads mapped to too many loci |	42576
             % of reads mapped to too many loci |	0.19%
                                  UNMAPPED READS:
  Number of reads unmapped: too many mismatches |	0
       % of reads unmapped: too many mismatches |	0.00%
            Number of reads unmapped: too short |	4996969
                 % of reads unmapped: too short |	22.12%
                Number of reads unmapped: other |	8084
                     % of reads unmapped: other |	0.04%
                                  CHIMERIC READS:
                       Number of chimeric reads |	0
                            % of chimeric reads |	0.00%
