                                 Started job on |	Jun 14 12:46:56
                             Started mapping on |	Jun 14 12:47:18
                                    Finished on |	Jun 15 10:33:02
       Mapping speed, Million of reads per hour |	1.89

                          Number of input reads |	41235603
                      Average input read length |	299
                                    UNIQUE READS:
                   Uniquely mapped reads number |	25977561
                        Uniquely mapped reads % |	63.00%
                          Average mapped length |	283.58
                       Number of splices: Total |	19999921
            Number of splices: Annotated (sjdb) |	0
                       Number of splices: GT/AG |	19715657
                       Number of splices: GC/AG |	168675
                       Number of splices: AT/AC |	8631
               Number of splices: Non-canonical |	106958
                      Mismatch rate per base, % |	0.70%
                         Deletion rate per base |	0.04%
                        Deletion average length |	2.57
                        Insertion rate per base |	0.03%
                       Insertion average length |	2.23
                             MULTI-MAPPING READS:
        Number of reads mapped to multiple loci |	4882884
             % of reads mapped to multiple loci |	11.84%
        Number of reads mapped to too many loci |	22608
             % of reads mapped to too many loci |	0.05%
                                  UNMAPPED READS:
  Number of reads unmapped: too many mismatches |	0
       % of reads unmapped: too many mismatches |	0.00%
            Number of reads unmapped: too short |	10328072
                 % of reads unmapped: too short |	25.05%
                Number of reads unmapped: other |	24478
                     % of reads unmapped: other |	0.06%
                                  CHIMERIC READS:
                       Number of chimeric reads |	0
                            % of chimeric reads |	0.00%
