                                 Started job on |	Jun 14 12:49:49
                             Started mapping on |	Jun 14 12:50:08
                                    Finished on |	Jun 17 00:40:01
       Mapping speed, Million of reads per hour |	0.81

                          Number of input reads |	48528038
                      Average input read length |	299
                                    UNIQUE READS:
                   Uniquely mapped reads number |	28661057
                        Uniquely mapped reads % |	59.06%
                          Average mapped length |	287.57
                       Number of splices: Total |	24844803
            Number of splices: Annotated (sjdb) |	0
                       Number of splices: GT/AG |	24479655
                       Number of splices: GC/AG |	265701
                       Number of splices: AT/AC |	6760
               Number of splices: Non-canonical |	92687
                      Mismatch rate per base, % |	0.63%
                         Deletion rate per base |	0.04%
                        Deletion average length |	2.65
                        Insertion rate per base |	0.02%
                       Insertion average length |	2.22
                             MULTI-MAPPING READS:
        Number of reads mapped to multiple loci |	4089591
             % of reads mapped to multiple loci |	8.43%
        Number of reads mapped to too many loci |	30763
             % of reads mapped to too many loci |	0.06%
                                  UNMAPPED READS:
  Number of reads unmapped: too many mismatches |	0
       % of reads unmapped: too many mismatches |	0.00%
            Number of reads unmapped: too short |	15725935
                 % of reads unmapped: too short |	32.41%
                Number of reads unmapped: other |	20692
                     % of reads unmapped: other |	0.04%
                                  CHIMERIC READS:
                       Number of chimeric reads |	0
                            % of chimeric reads |	0.00%
